Log file open, 10/28/19 12:50:05
LogWindows: Failed to load 'aqProf.dll' (GetLastError=126)
LogWindows: File 'aqProf.dll' does not exist
LogWindows: Failed to load 'VtuneApi.dll' (GetLastError=126)
LogWindows: File 'VtuneApi.dll' does not exist
LogWindows: Failed to load 'VtuneApi32e.dll' (GetLastError=126)
LogWindows: File 'VtuneApi32e.dll' does not exist
LogInit: Display: Running engine for game: FastFood_1026
LogPlatformFile: Not using cached read wrapper
LogInit: Display: RandInit(-1805006096) SRandInit(-1805006096).
LogInit: Read version file with build ID '3944462'
LogInit: Overriding engine version to CL 4033788, compatible CL 3944462
LogInit: Registered custom module enumerator with build ID '3944462'
LogTaskGraph: Started task graph with 5 named threads and 35 total threads with 3 sets of task threads.
LogStats: Stats thread started at 0.391618
LogD3D11RHI: Aftermath initialized
LogICUInternationalization: Display: ICU TimeZone Detection - Raw Offset: +9:00, Platform Override: ''
LogModuleManager: Display: Found up-to-date module file ../../../Engine/Plugins/2D/Paper2D/Binaries/Win64/UE4Editor-Paper2D.dll (API version 3944462).
LogModuleManager: Display: Found up-to-date module file ../../../Engine/Plugins/2D/Paper2D/Binaries/Win64/UE4Editor-Paper2DEditor.dll (API version 3944462).
LogModuleManager: Display: Found up-to-date module file ../../../Engine/Plugins/2D/Paper2D/Binaries/Win64/UE4Editor-PaperSpriteSheetImporter.dll (API version 3944462).
LogModuleManager: Display: Found up-to-date module file ../../../Engine/Plugins/2D/Paper2D/Binaries/Win64/UE4Editor-PaperTiledImporter.dll (API version 3944462).
LogModuleManager: Display: Found up-to-date module file ../../../Engine/Plugins/2D/Paper2D/Binaries/Win64/UE4Editor-SmartSnapping.dll (API version 3944462).
LogModuleManager: Display: Found up-to-date module file ../../../Engine/Plugins/Blendables/LightPropagationVolume/Binaries/Win64/UE4Editor-LightPropagationVolumeRuntime.dll (API version 3944462).
LogModuleManager: Display: Found up-to-date module file ../../../Engine/Plugins/Blendables/LightPropagationVolume/Binaries/Win64/UE4Editor-LightPropagationVolumeEditor.dll (API version 3944462).
LogModuleManager: Display: Found up-to-date module file ../../../Engine/Plugins/Developer/CLionSourceCodeAccess/Binaries/Win64/UE4Editor-CLionSourceCodeAccess.dll (API version 3944462).
LogModuleManager: Display: Found up-to-date module file ../../../Engine/Plugins/Developer/GitSourceControl/Binaries/Win64/UE4Editor-GitSourceControl.dll (API version 3944462).
LogModuleManager: Display: Found up-to-date module file ../../../Engine/Plugins/Developer/PerforceSourceControl/Binaries/Win64/UE4Editor-PerforceSourceControl.dll (API version 3944462).
LogModuleManager: Display: Found up-to-date module file ../../../Engine/Plugins/Developer/SubversionSourceControl/Binaries/Win64/UE4Editor-SubversionSourceControl.dll (API version 3944462).
LogModuleManager: Display: Found up-to-date module file ../../../Engine/Plugins/Developer/UObjectPlugin/Binaries/Win64/UE4Editor-UObjectPlugin.dll (API version 3944462).
LogModuleManager: Display: Found up-to-date module file ../../../Engine/Plugins/Developer/VisualStudioCodeSourceCodeAccess/Binaries/Win64/UE4Editor-VisualStudioCodeSourceCodeAccess.dll (API version 3944462).
LogModuleManager: Display: Found up-to-date module file ../../../Engine/Plugins/Developer/VisualStudioSourceCodeAccess/Binaries/Win64/UE4Editor-VisualStudioSourceCodeAccess.dll (API version 3944462).
LogModuleManager: Display: Found up-to-date module file ../../../Engine/Plugins/Editor/AssetManagerEditor/Binaries/Win64/UE4Editor-AssetManagerEditor.dll (API version 3944462).
LogModuleManager: Display: Found up-to-date module file ../../../Engine/Plugins/Editor/CryptoKeys/Binaries/Win64/UE4Editor-CryptoKeys.dll (API version 3944462).
LogModuleManager: Display: Found up-to-date module file ../../../Engine/Plugins/Editor/CryptoKeys/Binaries/Win64/UE4Editor-CryptoKeysOpenSSL.dll (API version 3944462).
LogModuleManager: Display: Found up-to-date module file ../../../Engine/Plugins/Editor/DataValidation/Binaries/Win64/UE4Editor-DataValidation.dll (API version 3944462).
LogModuleManager: Display: Found up-to-date module file ../../../Engine/Plugins/Editor/FacialAnimation/Binaries/Win64/UE4Editor-FacialAnimation.dll (API version 3944462).
LogModuleManager: Display: Found up-to-date module file ../../../Engine/Plugins/Editor/FacialAnimation/Binaries/Win64/UE4Editor-FacialAnimationEditor.dll (API version 3944462).
LogModuleManager: Display: Found up-to-date module file ../../../Engine/Plugins/Editor/GameplayTagsEditor/Binaries/Win64/UE4Editor-GameplayTagsEditor.dll (API version 3944462).
LogModuleManager: Display: Found up-to-date module file ../../../Engine/Plugins/Editor/MobileLauncherProfileWizard/Binaries/Win64/UE4Editor-MobileLauncherProfileWizard.dll (API version 3944462).
LogModuleManager: Display: Found up-to-date module file ../../../Engine/Plugins/Editor/PluginBrowser/Binaries/Win64/UE4Editor-PluginBrowser.dll (API version 3944462).
LogModuleManager: Display: Found up-to-date module file ../../../Engine/Plugins/Editor/SpeedTreeImporter/Binaries/Win64/UE4Editor-SpeedTreeImporter.dll (API version 3944462).
LogModuleManager: Display: Found up-to-date module file ../../../Engine/Plugins/Enterprise/DatasmithContent/Binaries/Win64/UE4Editor-DatasmithContent.dll (API version 3944462).
LogModuleManager: Display: Found up-to-date module file ../../../Engine/Plugins/Experimental/AlembicImporter/Binaries/Win64/UE4Editor-AlembicImporter.dll (API version 3944462).
LogModuleManager: Display: Found up-to-date module file ../../../Engine/Plugins/Experimental/AlembicImporter/Binaries/Win64/UE4Editor-AlembicLibrary.dll (API version 3944462).
LogModuleManager: Display: Found up-to-date module file ../../../Engine/Plugins/Experimental/CharacterAI/Binaries/Win64/UE4Editor-CharacterAI.dll (API version 3944462).
LogModuleManager: Display: Found up-to-date module file ../../../Engine/Plugins/Experimental/HTML5Networking/Binaries/Win64/UE4Editor-HTML5Networking.dll (API version 3944462).
LogModuleManager: Display: Found up-to-date module file ../../../Engine/Plugins/Media/AndroidMedia/Binaries/Win64/UE4Editor-AndroidMediaEditor.dll (API version 3944462).
LogModuleManager: Display: Found up-to-date module file ../../../Engine/Plugins/Media/AndroidMedia/Binaries/Win64/UE4Editor-AndroidMediaFactory.dll (API version 3944462).
LogModuleManager: Display: Found up-to-date module file ../../../Engine/Plugins/Media/AvfMedia/Binaries/Win64/UE4Editor-AvfMediaEditor.dll (API version 3944462).
LogModuleManager: Display: Found up-to-date module file ../../../Engine/Plugins/Media/AvfMedia/Binaries/Win64/UE4Editor-AvfMediaFactory.dll (API version 3944462).
LogModuleManager: Display: Found up-to-date module file ../../../Engine/Plugins/Media/AvfMedia/Binaries/Win64/UE4Editor-AvfMediaFactory.dll (API version 3944462).
LogModuleManager: Display: Found up-to-date module file ../../../Engine/Plugins/Media/ImgMedia/Binaries/Win64/UE4Editor-ImgMedia.dll (API version 3944462).
LogModuleManager: Display: Found up-to-date module file ../../../Engine/Plugins/Media/ImgMedia/Binaries/Win64/UE4Editor-ImgMediaEditor.dll (API version 3944462).
LogModuleManager: Display: Found up-to-date module file ../../../Engine/Plugins/Media/ImgMedia/Binaries/Win64/UE4Editor-ImgMediaFactory.dll (API version 3944462).
LogModuleManager: Display: Found up-to-date module file ../../../Engine/Plugins/Media/ImgMedia/Binaries/Win64/UE4Editor-ImgMediaFactory.dll (API version 3944462).
LogModuleManager: Display: Found up-to-date module file ../../../Engine/Plugins/Media/ImgMedia/Binaries/Win64/UE4Editor-OpenExrWrapper.dll (API version 3944462).
LogModuleManager: Display: Found up-to-date module file ../../../Engine/Plugins/Media/LinearTimecode/Binaries/Win64/UE4Editor-LinearTimecode.dll (API version 3944462).
LogModuleManager: Display: Found up-to-date module file ../../../Engine/Plugins/Media/MediaCompositing/Binaries/Win64/UE4Editor-MediaCompositing.dll (API version 3944462).
LogModuleManager: Display: Found up-to-date module file ../../../Engine/Plugins/Media/MediaCompositing/Binaries/Win64/UE4Editor-MediaCompositingEditor.dll (API version 3944462).
LogModuleManager: Display: Found up-to-date module file ../../../Engine/Plugins/Media/MediaPlayerEditor/Binaries/Win64/UE4Editor-MediaPlayerEditor.dll (API version 3944462).
LogModuleManager: Display: Found up-to-date module file ../../../Engine/Plugins/Media/WmfMedia/Binaries/Win64/UE4Editor-WmfMedia.dll (API version 3944462).
LogModuleManager: Display: Found up-to-date module file ../../../Engine/Plugins/Media/WmfMedia/Binaries/Win64/UE4Editor-WmfMediaEditor.dll (API version 3944462).
LogModuleManager: Display: Found up-to-date module file ../../../Engine/Plugins/Media/WmfMedia/Binaries/Win64/UE4Editor-WmfMediaFactory.dll (API version 3944462).
LogModuleManager: Display: Found up-to-date module file ../../../Engine/Plugins/Media/WmfMedia/Binaries/Win64/UE4Editor-WmfMediaFactory.dll (API version 3944462).
LogModuleManager: Display: Found up-to-date module file ../../../Engine/Plugins/Messaging/TcpMessaging/Binaries/Win64/UE4Editor-TcpMessaging.dll (API version 3944462).
LogModuleManager: Display: Found up-to-date module file ../../../Engine/Plugins/Messaging/UdpMessaging/Binaries/Win64/UE4Editor-UdpMessaging.dll (API version 3944462).
LogModuleManager: Display: Found up-to-date module file ../../../Engine/Plugins/MovieScene/ActorSequence/Binaries/Win64/UE4Editor-ActorSequence.dll (API version 3944462).
LogModuleManager: Display: Found up-to-date module file ../../../Engine/Plugins/MovieScene/LevelSequenceEditor/Binaries/Win64/UE4Editor-LevelSequenceEditor.dll (API version 3944462).
LogModuleManager: Display: Found up-to-date module file ../../../Engine/Plugins/MovieScene/MatineeToLevelSequence/Binaries/Win64/UE4Editor-MatineeToLevelSequence.dll (API version 3944462).
LogModuleManager: Display: Found up-to-date module file ../../../Engine/Plugins/NetcodeUnitTest/NetcodeUnitTest/Binaries/Win64/UE4Editor-NetcodeUnitTest.dll (API version 3944462).
LogModuleManager: Display: Found up-to-date module file ../../../Engine/Plugins/NetcodeUnitTest/NUTUnrealEngine4/Binaries/Win64/UE4Editor-NUTUnrealEngine4.dll (API version 3944462).
LogModuleManager: Display: Found up-to-date module file ../../../Engine/Plugins/Online/OnlineSubsystem/Binaries/Win64/UE4Editor-OnlineSubsystem.dll (API version 3944462).
LogModuleManager: Display: Found up-to-date module file ../../../Engine/Plugins/Runtime/AndroidPermission/Binaries/Win64/UE4Editor-AndroidPermission.dll (API version 3944462).
LogModuleManager: Display: Found up-to-date module file ../../../Engine/Plugins/Online/OnlineSubsystemNull/Binaries/Win64/UE4Editor-OnlineSubsystemNull.dll (API version 3944462).
LogModuleManager: Display: Found up-to-date module file ../../../Engine/Plugins/Online/OnlineSubsystemUtils/Binaries/Win64/UE4Editor-OnlineSubsystemUtils.dll (API version 3944462).
LogModuleManager: Display: Found up-to-date module file ../../../Engine/Plugins/Online/OnlineSubsystemUtils/Binaries/Win64/UE4Editor-OnlineBlueprintSupport.dll (API version 3944462).
LogModuleManager: Display: Found up-to-date module file ../../../Engine/Plugins/Runtime/AndroidDeviceProfileSelector/Binaries/Win64/UE4Editor-AndroidDeviceProfileSelector.dll (API version 3944462).
LogModuleManager: Display: Found up-to-date module file ../../../Engine/Plugins/Runtime/AppleARKit/Binaries/Win64/UE4Editor-AppleARKit.dll (API version 3944462).
LogModuleManager: Display: Found up-to-date module file ../../../Engine/Plugins/Runtime/ProceduralMeshComponent/Binaries/Win64/UE4Editor-ProceduralMeshComponent.dll (API version 3944462).
LogModuleManager: Display: Found up-to-date module file ../../../Engine/Plugins/Runtime/ProceduralMeshComponent/Binaries/Win64/UE4Editor-ProceduralMeshComponentEditor.dll (API version 3944462).
LogModuleManager: Display: Found up-to-date module file ../../../Engine/Plugins/Animation/LiveLink/Binaries/Win64/UE4Editor-LiveLink.dll (API version 3944462).
LogModuleManager: Display: Found up-to-date module file ../../../Engine/Plugins/Animation/LiveLink/Binaries/Win64/UE4Editor-LiveLinkEditor.dll (API version 3944462).
LogModuleManager: Display: Found up-to-date module file ../../../Engine/Plugins/Runtime/ArchVisCharacter/Binaries/Win64/UE4Editor-ArchVisCharacter.dll (API version 3944462).
LogModuleManager: Display: Found up-to-date module file ../../../Engine/Plugins/Runtime/AudioCapture/Binaries/Win64/UE4Editor-AudioCapture.dll (API version 3944462).
LogModuleManager: Display: Found up-to-date module file ../../../Engine/Plugins/Runtime/AudioCapture/Binaries/Win64/UE4Editor-AudioCaptureEditor.dll (API version 3944462).
LogModuleManager: Display: Found up-to-date module file ../../../Engine/Plugins/Runtime/CableComponent/Binaries/Win64/UE4Editor-CableComponent.dll (API version 3944462).
LogModuleManager: Display: Found up-to-date module file ../../../Engine/Plugins/Runtime/CustomMeshComponent/Binaries/Win64/UE4Editor-CustomMeshComponent.dll (API version 3944462).
LogModuleManager: Display: Found up-to-date module file ../../../Engine/Plugins/Runtime/ExampleDeviceProfileSelector/Binaries/Win64/UE4Editor-ExampleDeviceProfileSelector.dll (API version 3944462).
LogModuleManager: Display: Found up-to-date module file ../../../Engine/Plugins/Runtime/ImmediatePhysics/Binaries/Win64/UE4Editor-ImmediatePhysics.dll (API version 3944462).
LogModuleManager: Display: Found up-to-date module file ../../../Engine/Plugins/Runtime/ImmediatePhysics/Binaries/Win64/UE4Editor-ImmediatePhysicsEditor.dll (API version 3944462).
LogModuleManager: Display: Found up-to-date module file ../../../Engine/Plugins/Runtime/LocationServicesBPLibrary/Binaries/Win64/UE4Editor-LocationServicesBPLibrary.dll (API version 3944462).
LogModuleManager: Display: Found up-to-date module file ../../../Engine/Plugins/Runtime/MobilePatchingUtils/Binaries/Win64/UE4Editor-MobilePatchingUtils.dll (API version 3944462).
LogModuleManager: Display: Found up-to-date module file ../../../Engine/Plugins/Runtime/Oculus/OculusVR/Binaries/Win64/UE4Editor-OculusHMD.dll (API version 3944462).
LogModuleManager: Display: Found up-to-date module file ../../../Engine/Plugins/Runtime/Oculus/OculusVR/Binaries/Win64/UE4Editor-OculusInput.dll (API version 3944462).
LogModuleManager: Display: Found up-to-date module file ../../../Engine/Plugins/Runtime/Oculus/OculusVR/Binaries/Win64/UE4Editor-OculusEditor.dll (API version 3944462).
LogModuleManager: Display: Found up-to-date module file ../../../Engine/Plugins/Runtime/PhysXVehicles/Binaries/Win64/UE4Editor-PhysXVehicles.dll (API version 3944462).
LogModuleManager: Display: Found up-to-date module file ../../../Engine/Plugins/Runtime/PhysXVehicles/Binaries/Win64/UE4Editor-PhysXVehiclesEditor.dll (API version 3944462).
LogModuleManager: Display: Found up-to-date module file ../../../Engine/Plugins/Runtime/RuntimePhysXCooking/Binaries/Win64/UE4Editor-RuntimePhysXCooking.dll (API version 3944462).
LogModuleManager: Display: Found up-to-date module file ../../../Engine/Plugins/Runtime/Steam/SteamVR/Binaries/Win64/UE4Editor-SteamVR.dll (API version 3944462).
LogModuleManager: Display: Found up-to-date module file ../../../Engine/Plugins/Runtime/Steam/SteamVR/Binaries/Win64/UE4Editor-SteamVRController.dll (API version 3944462).
LogModuleManager: Display: Found up-to-date module file ../../../Engine/Plugins/Runtime/WindowsMoviePlayer/Binaries/Win64/UE4Editor-WindowsMoviePlayer.dll (API version 3944462).
LogPluginManager: Mounting plugin Paper2D
LogPluginManager: Mounting plugin LiveLink
LogPluginManager: Mounting plugin LightPropagationVolume
LogPluginManager: Mounting plugin CLionSourceCodeAccess
LogPluginManager: Mounting plugin CodeLiteSourceCodeAccess
LogPluginManager: Mounting plugin GitSourceControl
LogPluginManager: Mounting plugin KDevelopSourceCodeAccess
LogPluginManager: Mounting plugin NullSourceCodeAccess
LogPluginManager: Mounting plugin PerforceSourceControl
LogPluginManager: Mounting plugin SubversionSourceControl
LogPluginManager: Mounting plugin UObjectPlugin
LogPluginManager: Mounting plugin VisualStudioCodeSourceCodeAccess
LogPluginManager: Mounting plugin VisualStudioSourceCodeAccess
LogPluginManager: Mounting plugin XCodeSourceCodeAccess
LogPluginManager: Mounting plugin AssetManagerEditor
LogPluginManager: Mounting plugin CryptoKeys
LogPluginManager: Mounting plugin DataValidation
LogPluginManager: Mounting plugin FacialAnimation
LogPluginManager: Mounting plugin GameplayTagsEditor
LogPluginManager: Mounting plugin MobileLauncherProfileWizard
LogPluginManager: Mounting plugin PluginBrowser
LogPluginManager: Mounting plugin SpeedTreeImporter
LogPluginManager: Mounting plugin DatasmithContent
LogPluginManager: Mounting plugin AlembicImporter
LogPluginManager: Mounting plugin CharacterAI
LogPluginManager: Mounting plugin HTML5Networking
LogPluginManager: Mounting plugin AndroidMedia
LogPluginManager: Mounting plugin AvfMedia
LogPluginManager: Mounting plugin ImgMedia
LogPluginManager: Mounting plugin LinearTimecode
LogPluginManager: Mounting plugin MediaCompositing
LogPluginManager: Mounting plugin MediaPlayerEditor
LogPluginManager: Mounting plugin WmfMedia
LogPluginManager: Mounting plugin TcpMessaging
LogPluginManager: Mounting plugin UdpMessaging
LogPluginManager: Mounting plugin ActorSequence
LogPluginManager: Mounting plugin LevelSequenceEditor
LogPluginManager: Mounting plugin MatineeToLevelSequence
LogPluginManager: Mounting plugin NetcodeUnitTest
LogPluginManager: Mounting plugin NUTUnrealEngine4
LogPluginManager: Mounting plugin OnlineSubsystemGooglePlay
LogPluginManager: Mounting plugin OnlineSubsystemIOS
LogPluginManager: Mounting plugin OnlineSubsystem
LogPluginManager: Mounting plugin OnlineSubsystemNull
LogPluginManager: Mounting plugin OnlineSubsystemUtils
LogPluginManager: Mounting plugin AndroidDeviceProfileSelector
LogPluginManager: Mounting plugin AndroidMoviePlayer
LogPluginManager: Mounting plugin AndroidPermission
LogPluginManager: Mounting plugin AppleARKit
LogPluginManager: Mounting plugin AppleMoviePlayer
LogPluginManager: Mounting plugin ArchVisCharacter
LogPluginManager: Mounting plugin AudioCapture
LogPluginManager: Mounting plugin CableComponent
LogPluginManager: Mounting plugin CustomMeshComponent
LogPluginManager: Mounting plugin ExampleDeviceProfileSelector
LogPluginManager: Mounting plugin GoogleCloudMessaging
LogPluginManager: Mounting plugin ImmediatePhysics
LogPluginManager: Mounting plugin IOSDeviceProfileSelector
LogPluginManager: Mounting plugin LinuxDeviceProfileSelector
LogPluginManager: Mounting plugin LocationServicesBPLibrary
LogPluginManager: Mounting plugin MobilePatchingUtils
LogPluginManager: Mounting plugin OculusVR
LogPluginManager: Plugin shader directory ../../../Engine/Plugins/Runtime/Oculus/OculusVR/Shaders found
LogPluginManager: Mapping shader source directory ../../../Engine/Plugins/Runtime/Oculus/OculusVR/Shaders to virtual directory /Plugin/OculusVR
LogPluginManager: Mounting plugin PhysXVehicles
LogPluginManager: Mounting plugin ProceduralMeshComponent
LogPluginManager: Mounting plugin RuntimePhysXCooking
LogPluginManager: Mounting plugin SteamVR
LogPluginManager: Mounting plugin WindowsMoviePlayer
LogStreaming: Display: Took  0.573s to configure plugins.
LogInit: Using libcurl 7.47.1
LogInit:  - built for x86_64-pc-win32
LogInit:  - supports SSL with OpenSSL/1.0.2g
LogInit:  - supports HTTP deflate (compression) using libz 1.2.8
LogInit:  - other features:
LogInit:      CURL_VERSION_SSL
LogInit:      CURL_VERSION_LIBZ
LogInit:      CURL_VERSION_IPV6
LogInit:      CURL_VERSION_ASYNCHDNS
LogInit:      CURL_VERSION_LARGEFILE
LogInit:      CURL_VERSION_IDN
LogInit:  CurlRequestOptions (configurable via config and command line):
LogInit:  - bVerifyPeer = false  - Libcurl will NOT verify peer certificate
LogInit:  - bUseHttpProxy = false  - Libcurl will NOT use HTTP proxy
LogInit:  - bDontReuseConnections = false  - Libcurl will reuse connections
LogInit:  - CertBundlePath = nullptr  - Libcurl will use whatever was configured at build time.
LogInit:  - MaxHostConnections = 16  - Libcurl will limit the number of connections to a host
LogInit:  - LocalHostAddr = Default
LogInit: WinSock: version 1.1 (2.2), MaxSocks=32767, MaxUdp=65467
LogInit: WinSock: I am DESKTOP-PF0DSIS (192.168.0.5:0)
LogInit: Build: ++UE4+Release-4.19-CL-4033788
LogInit: Engine Version: 4.19.2-4033788+++UE4+Release-4.19
LogInit: Compatible Engine Version: 4.19.0-3944462+++UE4+Release-4.19
LogInit: Net CL: 3944462
LogDevObjectVersion: Number of dev versions registered: 18
LogDevObjectVersion:   Dev-Blueprints (B0D832E4-1F89-4F0D-ACCF-7EB736FD4AA2): 10
LogDevObjectVersion:   Dev-Build (E1C64328-A22C-4D53-A36C-8E866417BD8C): 0
LogDevObjectVersion:   Dev-Core (375EC13C-06E4-48FB-B500-84F0262A717E): 2
LogDevObjectVersion:   Dev-Editor (E4B068ED-F494-42E9-A231-DA0B2E46BB41): 23
LogDevObjectVersion:   Dev-Framework (CFFC743F-43B0-4480-9391-14DF171D2073): 33
LogDevObjectVersion:   Dev-Mobile (B02B49B5-BB20-44E9-A304-32B752E40360): 2
LogDevObjectVersion:   Dev-Networking (A4E4105C-59A1-49B5-A7C5-40C4547EDFEE): 0
LogDevObjectVersion:   Dev-Online (39C831C9-5AE6-47DC-9A44-9C173E1C8E7C): 0
LogDevObjectVersion:   Dev-Physics (78F01B33-EBEA-4F98-B9B4-84EACCB95AA2): 0
LogDevObjectVersion:   Dev-Platform (6631380F-2D4D-43E0-8009-CF276956A95A): 0
LogDevObjectVersion:   Dev-Rendering (12F88B9F-8875-4AFC-A67C-D90C383ABD29): 25
LogDevObjectVersion:   Dev-Sequencer (7B5AE74C-D270-4C10-A958-57980B212A5A): 6
LogDevObjectVersion:   Dev-VR (D7296918-1DD6-4BDD-9DE2-64A83CC13884): 1
LogDevObjectVersion:   Dev-LoadTimes (C2A15278-BFE7-4AFE-6C17-90FF531DF755): 1
LogDevObjectVersion:   Private-Geometry (6EACA3D4-40EC-4CC1-B786-8BED09428FC5): 2
LogDevObjectVersion:   Dev-AnimPhys (29E575DD-E0A3-4627-9D10-D276232CDCEA): 16
LogDevObjectVersion:   Dev-ReflectionCapture (6B266CEC-1EC7-4B8F-A30B-E4D90942FC07): 1
LogDevObjectVersion:   Dev-Automation (0DF73D61-A23F-47EA-B727-89E90C41499A): 1
LogInit: Compiled (64-bit): Apr 27 2018 02:06:57
LogInit: Compiled with Visual C++: 19.00.24215.01
LogInit: Build Configuration: Development
LogInit: Branch Name: ++UE4+Release-4.19
LogInit: Command Line:  
LogInit: Base Directory: D:/Lecture/Unreal/UE_4.19/Engine/Binaries/Win64/
LogInit: Installed Engine Build: 1
LogStreaming: Display: Took  0.001s to delete old logs.
LogInit: Presizing for max 8388607 objects, including 0 objects not considered by GC, pre-allocating 0 bytes for permanent pool.
LogInit: Object subsystem initialized
[2019.10.28-03.50.06:705][  0]LogInit: Selected Device Profile: [Windows]
[2019.10.28-03.50.06:705][  0]LogInit: Applying CVar settings loaded from the selected device profile: [Windows]
[2019.10.28-03.50.06:715][  0]LogInit: Computer: DESKTOP-PF0DSIS
[2019.10.28-03.50.06:715][  0]LogInit: User: st
[2019.10.28-03.50.06:715][  0]LogInit: CPU Page size=4096, Cores=6
[2019.10.28-03.50.06:715][  0]LogInit: High frequency timer resolution =10.000000 MHz
[2019.10.28-03.50.06:715][  0]LogMemory: Memory total: Physical=31.8GB (32GB approx)
[2019.10.28-03.50.06:715][  0]LogMemory: Platform Memory Stats for Windows
[2019.10.28-03.50.06:715][  0]LogMemory: Process Physical Memory: 274.16 MB used, 274.16 MB peak
[2019.10.28-03.50.06:715][  0]LogMemory: Process Virtual Memory: 263.40 MB used, 263.40 MB peak
[2019.10.28-03.50.06:715][  0]LogMemory: Physical Memory: 8705.36 MB used,  23836.62 MB free, 32541.98 MB total
[2019.10.28-03.50.06:715][  0]LogMemory: Virtual Memory: 4805.76 MB used,  23836.62 MB free, 134217728.00 MB total
[2019.10.28-03.50.06:728][  0]LogInit: Using OS detected language (ko-KR).
[2019.10.28-03.50.06:728][  0]LogInit: Using OS detected locale (ko-KR).
[2019.10.28-03.50.06:730][  0]LogTextLocalizationManager: No specific localization for 'ko-KR' exists, so the 'ko' localization will be used.
[2019.10.28-03.50.07:019][  0]LogStreaming: Display: Took  0.291s to EndInitTextLocalization.
[2019.10.28-03.50.07:019][  0]LogInit: Setting process to per monitor DPI aware
[2019.10.28-03.50.07:062][  0]LogSlate: New Slate User Created.  User Index 0, Is Virtual User: 0
[2019.10.28-03.50.07:062][  0]LogSlate: Slate User Registered.  User Index 0, Is Virtual User: 0
[2019.10.28-03.50.07:185][  0]LogD3D11RHI: D3D11 adapters:
[2019.10.28-03.50.07:263][  0]LogD3D11RHI:    0. 'NVIDIA GeForce RTX 2080' (Feature Level 11_0)
[2019.10.28-03.50.07:263][  0]LogD3D11RHI:       8010/0/16270 MB DedicatedVideo/DedicatedSystem/SharedSystem, Outputs:1, VendorId:0x10de
[2019.10.28-03.50.07:277][  0]LogD3D11RHI:    1. 'Intel(R) UHD Graphics 630' (Feature Level 11_0)
[2019.10.28-03.50.07:277][  0]LogD3D11RHI:       128/0/16270 MB DedicatedVideo/DedicatedSystem/SharedSystem, Outputs:1, VendorId:0x8086
[2019.10.28-03.50.07:278][  0]LogD3D11RHI:    2. 'Microsoft Basic Render Driver' (Feature Level 11_0)
[2019.10.28-03.50.07:278][  0]LogD3D11RHI:       0/0/16270 MB DedicatedVideo/DedicatedSystem/SharedSystem, Outputs:0, VendorId:0x1414
[2019.10.28-03.50.07:278][  0]LogD3D11RHI: Chosen D3D11 Adapter: 0
[2019.10.28-03.50.07:286][  0]LogD3D11RHI: Creating new Direct3DDevice
[2019.10.28-03.50.07:286][  0]LogD3D11RHI:     GPU DeviceId: 0x1e82 (for the marketing name, search the web for "GPU Device Id")
[2019.10.28-03.50.07:286][  0]LogWindows: EnumDisplayDevices:
[2019.10.28-03.50.07:286][  0]LogWindows:    0. 'NVIDIA GeForce RTX 2080' (P:1 D:1)
[2019.10.28-03.50.07:286][  0]LogWindows:    1. 'NVIDIA GeForce RTX 2080' (P:0 D:0)
[2019.10.28-03.50.07:286][  0]LogWindows:    2. 'NVIDIA GeForce RTX 2080' (P:0 D:0)
[2019.10.28-03.50.07:286][  0]LogWindows:    3. 'NVIDIA GeForce RTX 2080' (P:0 D:0)
[2019.10.28-03.50.07:286][  0]LogWindows:    4. 'Intel(R) UHD Graphics 630' (P:0 D:1)
[2019.10.28-03.50.07:287][  0]LogWindows:    5. 'Intel(R) UHD Graphics 630' (P:0 D:0)
[2019.10.28-03.50.07:287][  0]LogWindows:    6. 'Intel(R) UHD Graphics 630' (P:0 D:0)
[2019.10.28-03.50.07:287][  0]LogWindows: DebugString: GetVideoDriverDetailsInvalid PrimaryIsNotTheChoosenAdapter GetVideoDriverDetailsInvalid PrimaryIsNotTheChoosenAdapter GetVideoDriverDetailsInvalid PrimaryIsNotTheChoosenAdapter GetVideoDriverDetailsInvalid PrimaryIsNotTheChoosenAdapter GetVideoDriverDetailsInvalid PrimaryIsNotTheChoosenAdapter GetVideoDriverDetailsInvalid PrimaryIsNotTheChoosenAdapter GetVideoDriverDetailsInvalid PrimaryIsNotTheChoosenAdapter FoundDriverCount:0 
[2019.10.28-03.50.07:287][  0]LogD3D11RHI:     Adapter Name: NVIDIA GeForce RTX 2080
[2019.10.28-03.50.07:287][  0]LogD3D11RHI:   Driver Version: Unknown (internal:Unknown, unified:Unknown)
[2019.10.28-03.50.07:287][  0]LogD3D11RHI:      Driver Date: Unknown
[2019.10.28-03.50.07:287][  0]LogRHI: Texture pool is 5607 MB (70% of 8010 MB)
[2019.10.28-03.50.07:326][  0]LogD3D11RHI: [Aftermath] Aftermath enabled and primed
[2019.10.28-03.50.07:326][  0]LogD3D11RHI: [Aftermath] Aftermath enabled and primed
[2019.10.28-03.50.07:326][  0]LogD3D11RHI: Async texture creation enabled
[2019.10.28-03.50.07:337][  0]LogD3D11RHI: GPU Timing Frequency: 1000.000000 (Debug: 2 1)
[2019.10.28-03.50.07:385][  0]LogShaderCompilers: Guid format shader working directory is -14 characters bigger than the processId version (C:/Users/st/Documents/GitHub/Test/FastFood_1026 - 16시38분/Intermediate/Shaders/WorkingDirectory/50080/).
[2019.10.28-03.50.07:386][  0]LogShaderCompilers: Cleaned the shader compiler working directory 'C:/Users/st/AppData/Local/Temp/UnrealShaderWorkingDir/336B1FBA4BF5C8DC4166C3B97E9D081B/'.
[2019.10.28-03.50.07:551][  0]LogTemp: Display: Loaded TP AllDesktopTargetPlatform
[2019.10.28-03.50.07:561][  0]LogTemp: Display: Loaded TP MacClientTargetPlatform
[2019.10.28-03.50.07:570][  0]LogTemp: Display: Loaded TP MacNoEditorTargetPlatform
[2019.10.28-03.50.07:580][  0]LogTemp: Display: Loaded TP MacServerTargetPlatform
[2019.10.28-03.50.07:590][  0]LogTemp: Display: Loaded TP MacTargetPlatform
[2019.10.28-03.50.07:599][  0]LogTemp: Display: Loaded TP WindowsClientTargetPlatform
[2019.10.28-03.50.07:609][  0]LogTemp: Display: Loaded TP WindowsNoEditorTargetPlatform
[2019.10.28-03.50.07:619][  0]LogTemp: Display: Loaded TP WindowsServerTargetPlatform
[2019.10.28-03.50.07:623][  0]LogTemp: Display: Loaded TP WindowsTargetPlatform
[2019.10.28-03.50.07:633][  0]LogTemp: Display: Loaded TP Android_ASTCTargetPlatform
[2019.10.28-03.50.07:642][  0]LogTemp: Display: Loaded TP Android_ATCTargetPlatform
[2019.10.28-03.50.07:650][  0]LogTemp: Display: Loaded TP Android_DXTTargetPlatform
[2019.10.28-03.50.07:658][  0]LogTemp: Display: Loaded TP Android_ETC1aTargetPlatform
[2019.10.28-03.50.07:667][  0]LogTemp: Display: Loaded TP Android_ETC1TargetPlatform
[2019.10.28-03.50.07:675][  0]LogTemp: Display: Loaded TP Android_ETC2TargetPlatform
[2019.10.28-03.50.07:692][  0]LogTemp: Display: Loaded TP Android_MultiTargetPlatform
[2019.10.28-03.50.07:692][  0]LogTemp: Display: Loaded TP Android_PVRTCTargetPlatform
[2019.10.28-03.50.07:700][  0]LogTemp: Display: Loaded TP AndroidTargetPlatform
[2019.10.28-03.50.07:701][  0]LogTemp: Display: Loaded TP HTML5TargetPlatform
[2019.10.28-03.50.07:734][  0]LogTemp: Display: Loaded TP IOSTargetPlatform
[2019.10.28-03.50.07:756][  0]LogTemp: Display: Loaded TP TVOSTargetPlatform
[2019.10.28-03.50.07:768][  0]LogTemp: Display: Loaded TP LinuxClientTargetPlatform
[2019.10.28-03.50.07:778][  0]LogTemp: Display: Loaded TP LinuxNoEditorTargetPlatform
[2019.10.28-03.50.07:787][  0]LogTemp: Display: Loaded TP LinuxServerTargetPlatform
[2019.10.28-03.50.07:795][  0]LogTemp: Display: Loaded TP LinuxTargetPlatform
[2019.10.28-03.50.07:795][  0]LogTargetPlatformManager: Display: Building Assets For Windows
[2019.10.28-03.50.07:862][  0]LogXGEController: Cleaning working directory: C:/Users/st/AppData/Local/Temp/UnrealXGEWorkingDir/
[2019.10.28-03.50.07:862][  0]LogXGEController: Cannot use XGE Controller as Incredibuild is not installed on this machine.
[2019.10.28-03.50.07:862][  0]LogShaderCompilers: Cannot use XGE Shader Compiler as Incredibuild is not installed on this machine.
[2019.10.28-03.50.07:862][  0]LogShaderCompilers: Display: Using Local Shader Compiler.
[2019.10.28-03.50.08:372][  0]LogDerivedDataCache: Display: Max Cache Size: 512 MB
[2019.10.28-03.50.08:419][  0]LogDerivedDataCache: Loaded boot cache 0.05s 74MB C:/Users/st/AppData/Local/UnrealEngine/4.19/DerivedDataCache/Boot.ddc.
[2019.10.28-03.50.08:419][  0]LogDerivedDataCache: Display: Loaded Boot cache: C:/Users/st/AppData/Local/UnrealEngine/4.19/DerivedDataCache/Boot.ddc
[2019.10.28-03.50.08:419][  0]LogDerivedDataCache: FDerivedDataBackendGraph:  Pak pak cache file C:/Users/st/Documents/GitHub/Test/FastFood_1026 - 16시38분/DerivedDataCache/DDC.ddp not found, will not use a pak cache.
[2019.10.28-03.50.08:419][  0]LogDerivedDataCache: Unable to find inner node Pak for hierarchical cache Hierarchy.
[2019.10.28-03.50.08:419][  0]LogDerivedDataCache: FDerivedDataBackendGraph:  CompressedPak pak cache file C:/Users/st/Documents/GitHub/Test/FastFood_1026 - 16시38분/DerivedDataCache/Compressed.ddp not found, will not use a pak cache.
[2019.10.28-03.50.08:419][  0]LogDerivedDataCache: Unable to find inner node CompressedPak for hierarchical cache Hierarchy.
[2019.10.28-03.50.08:431][  0]LogDerivedDataCache: Display: Pak cache opened for reading ../../../Engine/DerivedDataCache/Compressed.ddp.
[2019.10.28-03.50.08:442][  0]LogDerivedDataCache: Using Local data cache path C:/Users/st/AppData/Local/UnrealEngine/Common/DerivedDataCache: Writable
[2019.10.28-03.50.08:442][  0]LogDerivedDataCache: Shared data cache path not found in *engine.ini, will not use an Shared cache.
[2019.10.28-03.50.08:442][  0]LogDerivedDataCache: Unable to find inner node Shared for hierarchical cache Hierarchy.
[2019.10.28-03.50.08:450][  0]LogMaterial: Verifying Global Shaders for PCD3D_SM5
[2019.10.28-03.50.08:451][  0]LogSlate: Using Freetype 2.6.0
[2019.10.28-03.50.08:451][  0]LogSlate: SlateFontCache - WITH_FREETYPE: 1, WITH_HARFBUZZ: 1
[2019.10.28-03.50.08:451][  0]LogSlate: SlateFontCache - WITH_FREETYPE: 1, WITH_HARFBUZZ: 1
[2019.10.28-03.50.08:536][  0]LogAssetRegistry: FAssetRegistry took 0.0252 seconds to start up
[2019.10.28-03.50.08:770][  0]LogInit: Selected Device Profile: [Windows]
[2019.10.28-03.50.08:892][  0]LogSimplygon: Simplygon DLL not present - disabling.
[2019.10.28-03.50.08:894][  0]LogMeshReduction: Using SimplygonSwarm for distributed automatic mesh merging
[2019.10.28-03.50.08:894][  0]LogMeshReduction: Using QuadricMeshReduction for automatic static mesh reduction
[2019.10.28-03.50.08:894][  0]LogMeshReduction: No automatic skeletal mesh reduction module available
[2019.10.28-03.50.08:894][  0]LogMeshReduction: No automatic mesh merging module available
[2019.10.28-03.50.08:894][  0]LogMeshMerging: No automatic mesh merging module available
[2019.10.28-03.50.08:919][  0]LogNetVersion: FastFood_1026 , NetCL: 3944462, EngineNetVer: 2, GameNetVer: 0 (Checksum: 1598029859)
[2019.10.28-03.50.09:250][  0]LogPackageLocalizationCache: Processed 9 localized package path(s) for 2 prioritized culture(s) in 0.049592 seconds
[2019.10.28-03.50.09:253][  0]LogUObjectArray: 36728 objects as part of root set at end of initial load.
[2019.10.28-03.50.09:254][  0]LogUObjectAllocator: 7314304 out of 0 bytes used by permanent object pool.
[2019.10.28-03.50.09:254][  0]LogUObjectArray: CloseDisregardForGC: 0/0 objects in disregard for GC pool
[2019.10.28-03.50.10:375][  0]LogTcpMessaging: Initializing TcpMessaging bridge
[2019.10.28-03.50.10:396][  0]LogUdpMessaging: Initializing bridge on interface 0.0.0.0:0 to multicast group 230.0.0.1:6666.
[2019.10.28-03.50.10:635][  0]SourceControl: 소스 콘트롤이 꺼졌습니다.
[2019.10.28-03.50.10:635][  0]SourceControl: 소스 콘트롤이 꺼졌습니다.
[2019.10.28-03.50.10:645][  0]SourceControl: 소스 콘트롤이 꺼졌습니다.
[2019.10.28-03.50.10:655][  0]SourceControl: 소스 콘트롤이 꺼졌습니다.
[2019.10.28-03.50.10:972][  0]LogAndroidPermission: UAndroidPermissionCallbackProxy::GetInstance
[2019.10.28-03.50.11:084][  0]LogOcInput: OculusInput pre-init called
[2019.10.28-03.50.11:164][  0]LogEngine: Initializing Engine...
[2019.10.28-03.50.11:165][  0]LogHMD: Failed to initialize OpenVR with code 110
[2019.10.28-03.50.11:166][  0]LogStats: UGameplayTagsManager::ConstructGameplayTagTree: Construct from data asset -  0.000 s
[2019.10.28-03.50.11:166][  0]LogStats: UGameplayTagsManager::ConstructGameplayTagTree: GameplayTagTreeChangedEvent.Broadcast -  0.000 s
[2019.10.28-03.50.11:318][  0]LogAIModule: Creating AISystem for world Untitled
[2019.10.28-03.50.11:344][  0]LogInit: XAudio2 using '헤드폰(Synaptics HD Audio)' : 2 channels at 48 kHz using 32 bits per sample (channel mask 0x3)
[2019.10.28-03.50.11:420][  0]LogInit: FAudioDevice initialized.
[2019.10.28-03.50.11:491][  0]LogDerivedDataCache: Saved boot cache 0.07s 74MB C:/Users/st/AppData/Local/UnrealEngine/4.19/DerivedDataCache/Boot.ddc.
[2019.10.28-03.50.11:504][  0]LogInit: Texture streaming: Enabled
[2019.10.28-03.50.11:514][  0]LogEngineSessionManager: EngineSessionManager initialized
[2019.10.28-03.50.11:514][  0]LogEngineSessionManager: EngineSessionManager sent abnormal shutdown report. Type=Crashed, SessionId={4F2A19E2-42C3-6AF8-EB3F-54AAAC80B88D}
[2019.10.28-03.50.11:525][  0]LogInit: Transaction tracking system initialized
[2019.10.28-03.50.11:540][  0]BlueprintLog: New page: 에디터 로드
[2019.10.28-03.50.11:587][  0]LocalizationService: 현지화 서비스가 비활성화되었습니다.
[2019.10.28-03.50.11:652][  0]LogConsoleResponse: Display: 
[2019.10.28-03.50.11:760][  0]LogCook: Display: Max memory allowance for cook 16384mb min free memory 0mb
[2019.10.28-03.50.11:760][  0]LogCook: Display: Mobile HDR setting 1
[2019.10.28-03.50.11:760][  0]LogGameplayTags: Display: UGameplayTagsManager::DoneAddingNativeTags. DelegateIsBound: 0
[2019.10.28-03.50.11:760][  0]LogStats: UGameplayTagsManager::ConstructGameplayTagTree: Construct from data asset -  0.000 s
[2019.10.28-03.50.11:760][  0]LogStats: UGameplayTagsManager::ConstructGameplayTagTree: GameplayTagTreeChangedEvent.Broadcast -  0.000 s
[2019.10.28-03.50.11:935][  0]LogFileCache: Scanning file cache for directory 'C:/Users/st/Documents/GitHub/Test/FastFood_1026 - 16시38분/Content/' took 0.01s
[2019.10.28-03.50.11:967][  0]SourceControl: 소스 콘트롤이 꺼졌습니다.
[2019.10.28-03.50.11:967][  0]Cmd: MAP LOAD FILE="C:/Users/st/Documents/GitHub/Test/FastFood_1026 - 16시38분/Content/FirstPersonBP/Maps/FirstPersonExampleMap.umap" TEMPLATE=0 SHOWPROGRESS=1 FEATURELEVEL=3
[2019.10.28-03.50.11:968][  0]LightingResults: New page: 라이팅 빌드
[2019.10.28-03.50.11:969][  0]MapCheck: New page: 맵 체크
[2019.10.28-03.50.11:969][  0]LightingResults: New page: 라이팅 빌드
[2019.10.28-03.50.12:008][  0]LogUObjectGlobals: Created PersistentFrame Addr=0x00000234bcef5990, Size=72, Default__FirstPerson_AnimBP_C Function /Game/FirstPerson/Animations/FirstPerson_AnimBP.FirstPerson_AnimBP_C:ExecuteUbergraph_FirstPerson_AnimBP
[2019.10.28-03.50.12:014][  0]LogUObjectGlobals: Destroyed PersistentFrame Addr=0x00000234bcef5990, Size=72
[2019.10.28-03.50.12:014][  0]LogUObjectGlobals: Created PersistentFrame Addr=0x00000234b33ff790, Size=72, Default__FirstPerson_AnimBP_C Function /Engine/Transient.REINST_FirstPerson_AnimBP_C_0:ExecuteUbergraph_FirstPerson_AnimBP
[2019.10.28-03.50.12:020][  0]LogUObjectGlobals: Created PersistentFrame Addr=0x00000234b33a99e0, Size=72, Default__FirstPerson_AnimBP_C Function /Game/FirstPerson/Animations/FirstPerson_AnimBP.FirstPerson_AnimBP_C:ExecuteUbergraph_FirstPerson_AnimBP
[2019.10.28-03.50.12:030][  0]LogUObjectGlobals: Created PersistentFrame Addr=0x00000234b40fe900, Size=256, Default__FirstPersonProjectile_C Function /Game/FirstPersonBP/Blueprints/FirstPersonProjectile.FirstPersonProjectile_C:ExecuteUbergraph_FirstPersonProjectile
[2019.10.28-03.50.12:033][  0]LogUObjectGlobals: Destroyed PersistentFrame Addr=0x00000234b40fe900, Size=256
[2019.10.28-03.50.12:033][  0]LogUObjectGlobals: Created PersistentFrame Addr=0x00000234b40fe900, Size=256, Default__FirstPersonProjectile_C Function /Engine/Transient.REINST_FirstPersonProjectile_C_4:ExecuteUbergraph_FirstPersonProjectile
[2019.10.28-03.50.12:034][  0]LogUObjectGlobals: Created PersistentFrame Addr=0x00000234b40fcb00, Size=256, Default__FirstPersonProjectile_C Function /Game/FirstPersonBP/Blueprints/FirstPersonProjectile.FirstPersonProjectile_C:ExecuteUbergraph_FirstPersonProjectile
[2019.10.28-03.50.12:074][  0]LogUObjectGlobals: Created PersistentFrame Addr=0x00000234b3d0eb00, Size=688, Default__FirstPersonCharacter_C Function /Game/FirstPersonBP/Blueprints/FirstPersonCharacter.FirstPersonCharacter_C:ExecuteUbergraph_FirstPersonCharacter
[2019.10.28-03.50.12:082][  0]LogUObjectGlobals: Destroyed PersistentFrame Addr=0x00000234b3d0eb00, Size=688
[2019.10.28-03.50.12:082][  0]LogUObjectGlobals: Created PersistentFrame Addr=0x00000234b3c93a00, Size=688, Default__FirstPersonCharacter_C Function /Engine/Transient.REINST_FirstPersonCharacter_C_6:ExecuteUbergraph_FirstPersonCharacter
[2019.10.28-03.50.12:088][  0]LogUObjectGlobals: Created PersistentFrame Addr=0x00000234b3c91c00, Size=688, Default__FirstPersonCharacter_C Function /Game/FirstPersonBP/Blueprints/FirstPersonCharacter.FirstPersonCharacter_C:ExecuteUbergraph_FirstPersonCharacter
[2019.10.28-03.50.12:147][  0]LogUObjectGlobals: Created PersistentFrame Addr=0x00000234b3903210, Size=4, Default__WB_01_Main_C Function /Game/ATM_pch/WB_01_Main.WB_01_Main_C:ExecuteUbergraph_WB_01_Main
[2019.10.28-03.50.15:559][  0]LogWindows: Error: === Critical error: ===
[2019.10.28-03.50.15:559][  0]LogWindows: Error: 
[2019.10.28-03.50.15:559][  0]LogWindows: Error: Fatal error!
[2019.10.28-03.50.15:559][  0]LogWindows: Error: 
[2019.10.28-03.50.15:559][  0]LogWindows: Error: Unhandled Exception: EXCEPTION_STACK_OVERFLOW
[2019.10.28-03.50.15:559][  0]LogWindows: Error: 
[2019.10.28-03.50.15:559][  0]LogWindows: Error: [Callstack] 0x00000000339E9E04 UE4Editor-Core.dll!rml::internal::ExtMemoryPool::initTLS() []
[2019.10.28-03.50.15:559][  0]LogWindows: Error: [Callstack] 0x00000000339EBFF0 UE4Editor-Core.dll!scalable_realloc() []
[2019.10.28-03.50.15:559][  0]LogWindows: Error: [Callstack] 0x0000000033678A10 UE4Editor-Core.dll!FMallocTBB::Realloc() [d:\build\++ue4+release-4.19+compile\sync\engine\source\runtime\core\private\hal\malloctbb.cpp:123]
[2019.10.28-03.50.15:559][  0]LogWindows: Error: [Callstack] 0x0000000033678C6E UE4Editor-Core.dll!FMemory::Realloc() [d:\build\++ue4+release-4.19+compile\sync\engine\source\runtime\core\public\hal\fmemory.inl:48]
[2019.10.28-03.50.15:559][  0]LogWindows: Error: [Callstack] 0x0000000033752D57 UE4Editor-Core.dll!TArray<FExpressionToken,FDefaultAllocator>::ResizeGrow() [d:\build\++ue4+release-4.19+compile\sync\engine\source\runtime\core\public\containers\array.h:2452]
[2019.10.28-03.50.15:559][  0]LogWindows: Error: [Callstack] 0x0000000033771D94 UE4Editor-Core.dll!FExpressionTokenConsumer::Add() [d:\build\++ue4+release-4.19+compile\sync\engine\source\runtime\core\private\misc\expressionparser.cpp:275]
[2019.10.28-03.50.15:559][  0]LogWindows: Error: [Callstack] 0x00000000336FA18D UE4Editor-Core.dll!TextFormatTokens::ParseLiteral() [d:\build\++ue4+release-4.19+compile\sync\engine\source\runtime\core\private\internationalization\textformatter.cpp:334]
[2019.10.28-03.50.15:559][  0]LogWindows: Error: [Callstack] 0x00000000336BFA0C UE4Editor-Core.dll!<lambda_e4359404e7be39e3fa2a9e1d77d2f0f4>::operator()() [d:\build\++ue4+release-4.19+compile\sync\engine\source\runtime\core\private\internationalization\textformatter.cpp:804]
[2019.10.28-03.50.15:559][  0]LogWindows: Error: [Callstack] 0x000000003369FEEF UE4Editor-Core.dll!Invoke<<lambda_e4359404e7be39e3fa2a9e1d77d2f0f4> & __ptr64,FExpressionTokenConsumer & __ptr64>() [d:\build\++ue4+release-4.19+compile\sync\engine\source\runtime\core\public\templates\invoke.h:45]
[2019.10.28-03.50.15:559][  0]LogWindows: Error: [Callstack] 0x00000000336CE836 UE4Editor-Core.dll!UE4Function_Private::TFunctionRefCaller<<lambda_e4359404e7be39e3fa2a9e1d77d2f0f4>,TOptional<FExpressionError> __cdecl(FExpressionTokenConsumer & __ptr64)>::Call() [d:\build\++ue4+release-4.19+compile\sync\engine\source\runtime\core\public\templates\function.h:235]
[2019.10.28-03.50.15:559][  0]LogWindows: Error: [Callstack] 0x0000000033770A1F UE4Editor-Core.dll!UE4Function_Private::TFunctionRefBase<TFunction<TOptional<FExpressionError> __cdecl(FExpressionTokenConsumer & __ptr64)>,TOptional<FExpressionError> __cdecl(FExpressionTokenConsumer & __ptr64)>::operator()() [d:\build\++ue4+release-4.19+compile\sync\engine\source\runtime\core\public\templates\function.h:283]
[2019.10.28-03.50.15:559][  0]LogWindows: Error: [Callstack] 0x00000000337791F5 UE4Editor-Core.dll!FTokenDefinitions::ConsumeToken() [d:\build\++ue4+release-4.19+compile\sync\engine\source\runtime\core\private\misc\expressionparser.cpp:309]
[2019.10.28-03.50.15:559][  0]LogWindows: Error: [Callstack] 0x00000000337798A0 UE4Editor-Core.dll!FTokenDefinitions::ConsumeTokens() [d:\build\++ue4+release-4.19+compile\sync\engine\source\runtime\core\private\misc\expressionparser.cpp:333]
[2019.10.28-03.50.15:559][  0]LogWindows: Error: [Callstack] 0x000000003378CCAD UE4Editor-Core.dll!ExpressionParser::Lex() [d:\build\++ue4+release-4.19+compile\sync\engine\source\runtime\core\private\misc\expressionparser.cpp:616]
[2019.10.28-03.50.15:559][  0]LogWindows: Error: [Callstack] 0x00000000336D0164 UE4Editor-Core.dll!FTextFormatData::Compile_NoLock() [d:\build\++ue4+release-4.19+compile\sync\engine\source\runtime\core\private\internationalization\textformatter.cpp:611]
[2019.10.28-03.50.15:559][  0]LogWindows: Error: [Callstack] 0x00000000336AA39C UE4Editor-Core.dll!FTextFormatData::FTextFormatData() [d:\build\++ue4+release-4.19+compile\sync\engine\source\runtime\core\private\internationalization\textformatter.cpp:584]
[2019.10.28-03.50.15:559][  0]LogWindows: Error: [Callstack] 0x00000000336A9A2F UE4Editor-Core.dll!FTextFormat::FTextFormat() [d:\build\++ue4+release-4.19+compile\sync\engine\source\runtime\core\private\internationalization\textformatter.cpp:535]
[2019.10.28-03.50.15:559][  0]LogWindows: Error: [Callstack] 0x000000002E03771C UE4Editor-CoreUObject.dll!FLinkerLoad::VerifyImportInner() [d:\build\++ue4+release-4.19+compile\sync\engine\source\runtime\coreuobject\private\uobject\linkerload.cpp:2361]
[2019.10.28-03.50.15:559][  0]LogWindows: Error: [Callstack] 0x000000002E0362CF UE4Editor-CoreUObject.dll!FLinkerLoad::VerifyImport() [d:\build\++ue4+release-4.19+compile\sync\engine\source\runtime\coreuobject\private\uobject\linkerload.cpp:2179]
[2019.10.28-03.50.15:559][  0]LogWindows: Error: [Callstack] 0x000000002DFFB078 UE4Editor-CoreUObject.dll!FLinkerLoad::GetExportLoadClass() [d:\build\++ue4+release-4.19+compile\sync\engine\source\runtime\coreuobject\private\uobject\linkerload.cpp:2774]
[2019.10.28-03.50.15:559][  0]LogWindows: Error: [Callstack] 0x000000002DFE125F UE4Editor-CoreUObject.dll!FLinkerLoad::CreateExport() [d:\build\++ue4+release-4.19+compile\sync\engine\source\runtime\coreuobject\private\uobject\linkerload.cpp:3527]
[2019.10.28-03.50.15:559][  0]LogWindows: Error: [Callstack] 0x000000002DFE38CB UE4Editor-CoreUObject.dll!FLinkerLoad::CreateExportAndPreload() [d:\build\++ue4+release-4.19+compile\sync\engine\source\runtime\coreuobject\private\uobject\linkerload.cpp:2746]
[2019.10.28-03.50.15:559][  0]LogWindows: Error: [Callstack] 0x000000002E009B14 UE4Editor-CoreUObject.dll!FLinkerLoad::LoadAllObjects() [d:\build\++ue4+release-4.19+compile\sync\engine\source\runtime\coreuobject\private\uobject\linkerload.cpp:2908]
[2019.10.28-03.50.15:559][  0]LogWindows: Error: [Callstack] 0x000000002E1430D6 UE4Editor-CoreUObject.dll!LoadPackageInternal() [d:\build\++ue4+release-4.19+compile\sync\engine\source\runtime\coreuobject\private\uobject\uobjectglobals.cpp:1328]
[2019.10.28-03.50.15:559][  0]LogWindows: Error: [Callstack] 0x000000002E0379BD UE4Editor-CoreUObject.dll!FLinkerLoad::VerifyImportInner() [d:\build\++ue4+release-4.19+compile\sync\engine\source\runtime\coreuobject\private\uobject\linkerload.cpp:2423]
[2019.10.28-03.50.15:559][  0]LogWindows: Error: [Callstack] 0x000000002E0362CF UE4Editor-CoreUObject.dll!FLinkerLoad::VerifyImport() [d:\build\++ue4+release-4.19+compile\sync\engine\source\runtime\coreuobject\private\uobject\linkerload.cpp:2179]
[2019.10.28-03.50.15:559][  0]LogWindows: Error: [Callstack] 0x000000002E037BFB UE4Editor-CoreUObject.dll!FLinkerLoad::VerifyImportInner() [d:\build\++ue4+release-4.19+compile\sync\engine\source\runtime\coreuobject\private\uobject\linkerload.cpp:2471]
[2019.10.28-03.50.15:559][  0]LogWindows: Error: [Callstack] 0x000000002E0362CF UE4Editor-CoreUObject.dll!FLinkerLoad::VerifyImport() [d:\build\++ue4+release-4.19+compile\sync\engine\source\runtime\coreuobject\private\uobject\linkerload.cpp:2179]
[2019.10.28-03.50.15:559][  0]LogWindows: Error: [Callstack] 0x000000002DFFB078 UE4Editor-CoreUObject.dll!FLinkerLoad::GetExportLoadClass() [d:\build\++ue4+release-4.19+compile\sync\engine\source\runtime\coreuobject\private\uobject\linkerload.cpp:2774]
[2019.10.28-03.50.15:559][  0]LogWindows: Error: [Callstack] 0x000000002DFE125F UE4Editor-CoreUObject.dll!FLinkerLoad::CreateExport() [d:\build\++ue4+release-4.19+compile\sync\engine\source\runtime\coreuobject\private\uobject\linkerload.cpp:3527]
[2019.10.28-03.50.15:559][  0]LogWindows: Error: [Callstack] 0x000000002DFE38CB UE4Editor-CoreUObject.dll!FLinkerLoad::CreateExportAndPreload() [d:\build\++ue4+release-4.19+compile\sync\engine\source\runtime\coreuobject\private\uobject\linkerload.cpp:2746]
[2019.10.28-03.50.15:559][  0]LogWindows: Error: [Callstack] 0x000000002E009B14 UE4Editor-CoreUObject.dll!FLinkerLoad::LoadAllObjects() [d:\build\++ue4+release-4.19+compile\sync\engine\source\runtime\coreuobject\private\uobject\linkerload.cpp:2908]
[2019.10.28-03.50.15:559][  0]LogWindows: Error: [Callstack] 0x000000002E1430D6 UE4Editor-CoreUObject.dll!LoadPackageInternal() [d:\build\++ue4+release-4.19+compile\sync\engine\source\runtime\coreuobject\private\uobject\uobjectglobals.cpp:1328]
[2019.10.28-03.50.15:559][  0]LogWindows: Error: [Callstack] 0x000000002E0379BD UE4Editor-CoreUObject.dll!FLinkerLoad::VerifyImportInner() [d:\build\++ue4+release-4.19+compile\sync\engine\source\runtime\coreuobject\private\uobject\linkerload.cpp:2423]
[2019.10.28-03.50.15:559][  0]LogWindows: Error: [Callstack] 0x000000002E0362CF UE4Editor-CoreUObject.dll!FLinkerLoad::VerifyImport() [d:\build\++ue4+release-4.19+compile\sync\engine\source\runtime\coreuobject\private\uobject\linkerload.cpp:2179]
[2019.10.28-03.50.15:559][  0]LogWindows: Error: [Callstack] 0x000000002E037BFB UE4Editor-CoreUObject.dll!FLinkerLoad::VerifyImportInner() [d:\build\++ue4+release-4.19+compile\sync\engine\source\runtime\coreuobject\private\uobject\linkerload.cpp:2471]
[2019.10.28-03.50.15:559][  0]LogWindows: Error: [Callstack] 0x000000002E0362CF UE4Editor-CoreUObject.dll!FLinkerLoad::VerifyImport() [d:\build\++ue4+release-4.19+compile\sync\engine\source\runtime\coreuobject\private\uobject\linkerload.cpp:2179]
[2019.10.28-03.50.15:559][  0]LogWindows: Error: [Callstack] 0x000000002DFFB078 UE4Editor-CoreUObject.dll!FLinkerLoad::GetExportLoadClass() [d:\build\++ue4+release-4.19+compile\sync\engine\source\runtime\coreuobject\private\uobject\linkerload.cpp:2774]
[2019.10.28-03.50.15:559][  0]LogWindows: Error: [Callstack] 0x000000002DFE125F UE4Editor-CoreUObject.dll!FLinkerLoad::CreateExport() [d:\build\++ue4+release-4.19+compile\sync\engine\source\runtime\coreuobject\private\uobject\linkerload.cpp:3527]
[2019.10.28-03.50.15:559][  0]LogWindows: Error: [Callstack] 0x000000002DFE38CB UE4Editor-CoreUObject.dll!FLinkerLoad::CreateExportAndPreload() [d:\build\++ue4+release-4.19+compile\sync\engine\source\runtime\coreuobject\private\uobject\linkerload.cpp:2746]
[2019.10.28-03.50.15:559][  0]LogWindows: Error: [Callstack] 0x000000002E009B14 UE4Editor-CoreUObject.dll!FLinkerLoad::LoadAllObjects() [d:\build\++ue4+release-4.19+compile\sync\engine\source\runtime\coreuobject\private\uobject\linkerload.cpp:2908]
[2019.10.28-03.50.15:559][  0]LogWindows: Error: [Callstack] 0x000000002E1430D6 UE4Editor-CoreUObject.dll!LoadPackageInternal() [d:\build\++ue4+release-4.19+compile\sync\engine\source\runtime\coreuobject\private\uobject\uobjectglobals.cpp:1328]
[2019.10.28-03.50.15:559][  0]LogWindows: Error: [Callstack] 0x000000002E0379BD UE4Editor-CoreUObject.dll!FLinkerLoad::VerifyImportInner() [d:\build\++ue4+release-4.19+compile\sync\engine\source\runtime\coreuobject\private\uobject\linkerload.cpp:2423]
[2019.10.28-03.50.15:559][  0]LogWindows: Error: [Callstack] 0x000000002E0362CF UE4Editor-CoreUObject.dll!FLinkerLoad::VerifyImport() [d:\build\++ue4+release-4.19+compile\sync\engine\source\runtime\coreuobject\private\uobject\linkerload.cpp:2179]
[2019.10.28-03.50.15:559][  0]LogWindows: Error: [Callstack] 0x000000002E037BFB UE4Editor-CoreUObject.dll!FLinkerLoad::VerifyImportInner() [d:\build\++ue4+release-4.19+compile\sync\engine\source\runtime\coreuobject\private\uobject\linkerload.cpp:2471]
[2019.10.28-03.50.15:559][  0]LogWindows: Error: [Callstack] 0x000000002E0362CF UE4Editor-CoreUObject.dll!FLinkerLoad::VerifyImport() [d:\build\++ue4+release-4.19+compile\sync\engine\source\runtime\coreuobject\private\uobject\linkerload.cpp:2179]
[2019.10.28-03.50.15:559][  0]LogWindows: Error: [Callstack] 0x000000002DFFB078 UE4Editor-CoreUObject.dll!FLinkerLoad::GetExportLoadClass() [d:\build\++ue4+release-4.19+compile\sync\engine\source\runtime\coreuobject\private\uobject\linkerload.cpp:2774]
[2019.10.28-03.50.15:559][  0]LogWindows: Error: [Callstack] 0x000000002DFE125F UE4Editor-CoreUObject.dll!FLinkerLoad::CreateExport() [d:\build\++ue4+release-4.19+compile\sync\engine\source\runtime\coreuobject\private\uobject\linkerload.cpp:3527]
[2019.10.28-03.50.15:559][  0]LogWindows: Error: [Callstack] 0x000000002DFE38CB UE4Editor-CoreUObject.dll!FLinkerLoad::CreateExportAndPreload() [d:\build\++ue4+release-4.19+compile\sync\engine\source\runtime\coreuobject\private\uobject\linkerload.cpp:2746]
[2019.10.28-03.50.15:559][  0]LogWindows: Error: [Callstack] 0x000000002E009B14 UE4Editor-CoreUObject.dll!FLinkerLoad::LoadAllObjects() [d:\build\++ue4+release-4.19+compile\sync\engine\source\runtime\coreuobject\private\uobject\linkerload.cpp:2908]
[2019.10.28-03.50.15:559][  0]LogWindows: Error: [Callstack] 0x000000002E1430D6 UE4Editor-CoreUObject.dll!LoadPackageInternal() [d:\build\++ue4+release-4.19+compile\sync\engine\source\runtime\coreuobject\private\uobject\uobjectglobals.cpp:1328]
[2019.10.28-03.50.15:560][  0]LogWindows: Error: [Callstack] 0x000000002E0379BD UE4Editor-CoreUObject.dll!FLinkerLoad::VerifyImportInner() [d:\build\++ue4+release-4.19+compile\sync\engine\source\runtime\coreuobject\private\uobject\linkerload.cpp:2423]
[2019.10.28-03.50.15:560][  0]LogWindows: Error: [Callstack] 0x000000002E0362CF UE4Editor-CoreUObject.dll!FLinkerLoad::VerifyImport() [d:\build\++ue4+release-4.19+compile\sync\engine\source\runtime\coreuobject\private\uobject\linkerload.cpp:2179]
[2019.10.28-03.50.15:560][  0]LogWindows: Error: [Callstack] 0x000000002E037BFB UE4Editor-CoreUObject.dll!FLinkerLoad::VerifyImportInner() [d:\build\++ue4+release-4.19+compile\sync\engine\source\runtime\coreuobject\private\uobject\linkerload.cpp:2471]
[2019.10.28-03.50.15:560][  0]LogWindows: Error: [Callstack] 0x000000002E0362CF UE4Editor-CoreUObject.dll!FLinkerLoad::VerifyImport() [d:\build\++ue4+release-4.19+compile\sync\engine\source\runtime\coreuobject\private\uobject\linkerload.cpp:2179]
[2019.10.28-03.50.15:560][  0]LogWindows: Error: [Callstack] 0x000000002DFFB078 UE4Editor-CoreUObject.dll!FLinkerLoad::GetExportLoadClass() [d:\build\++ue4+release-4.19+compile\sync\engine\source\runtime\coreuobject\private\uobject\linkerload.cpp:2774]
[2019.10.28-03.50.15:560][  0]LogWindows: Error: [Callstack] 0x000000002DFE125F UE4Editor-CoreUObject.dll!FLinkerLoad::CreateExport() [d:\build\++ue4+release-4.19+compile\sync\engine\source\runtime\coreuobject\private\uobject\linkerload.cpp:3527]
[2019.10.28-03.50.15:560][  0]LogWindows: Error: [Callstack] 0x000000002DFE38CB UE4Editor-CoreUObject.dll!FLinkerLoad::CreateExportAndPreload() [d:\build\++ue4+release-4.19+compile\sync\engine\source\runtime\coreuobject\private\uobject\linkerload.cpp:2746]
[2019.10.28-03.50.15:560][  0]LogWindows: Error: [Callstack] 0x000000002E009B14 UE4Editor-CoreUObject.dll!FLinkerLoad::LoadAllObjects() [d:\build\++ue4+release-4.19+compile\sync\engine\source\runtime\coreuobject\private\uobject\linkerload.cpp:2908]
[2019.10.28-03.50.15:560][  0]LogWindows: Error: [Callstack] 0x000000002E1430D6 UE4Editor-CoreUObject.dll!LoadPackageInternal() [d:\build\++ue4+release-4.19+compile\sync\engine\source\runtime\coreuobject\private\uobject\uobjectglobals.cpp:1328]
[2019.10.28-03.50.15:560][  0]LogWindows: Error: [Callstack] 0x000000002E0379BD UE4Editor-CoreUObject.dll!FLinkerLoad::VerifyImportInner() [d:\build\++ue4+release-4.19+compile\sync\engine\source\runtime\coreuobject\private\uobject\linkerload.cpp:2423]
[2019.10.28-03.50.15:560][  0]LogWindows: Error: [Callstack] 0x000000002E0362CF UE4Editor-CoreUObject.dll!FLinkerLoad::VerifyImport() [d:\build\++ue4+release-4.19+compile\sync\engine\source\runtime\coreuobject\private\uobject\linkerload.cpp:2179]
[2019.10.28-03.50.15:560][  0]LogWindows: Error: [Callstack] 0x000000002E037BFB UE4Editor-CoreUObject.dll!FLinkerLoad::VerifyImportInner() [d:\build\++ue4+release-4.19+compile\sync\engine\source\runtime\coreuobject\private\uobject\linkerload.cpp:2471]
[2019.10.28-03.50.15:560][  0]LogWindows: Error: [Callstack] 0x000000002E0362CF UE4Editor-CoreUObject.dll!FLinkerLoad::VerifyImport() [d:\build\++ue4+release-4.19+compile\sync\engine\source\runtime\coreuobject\private\uobject\linkerload.cpp:2179]
[2019.10.28-03.50.15:560][  0]LogWindows: Error: [Callstack] 0x000000002DFFB078 UE4Editor-CoreUObject.dll!FLinkerLoad::GetExportLoadClass() [d:\build\++ue4+release-4.19+compile\sync\engine\source\runtime\coreuobject\private\uobject\linkerload.cpp:2774]
[2019.10.28-03.50.15:560][  0]LogWindows: Error: [Callstack] 0x000000002DFE125F UE4Editor-CoreUObject.dll!FLinkerLoad::CreateExport() [d:\build\++ue4+release-4.19+compile\sync\engine\source\runtime\coreuobject\private\uobject\linkerload.cpp:3527]
[2019.10.28-03.50.15:560][  0]LogWindows: Error: [Callstack] 0x000000002DFE38CB UE4Editor-CoreUObject.dll!FLinkerLoad::CreateExportAndPreload() [d:\build\++ue4+release-4.19+compile\sync\engine\source\runtime\coreuobject\private\uobject\linkerload.cpp:2746]
[2019.10.28-03.50.15:560][  0]LogWindows: Error: [Callstack] 0x000000002E009B14 UE4Editor-CoreUObject.dll!FLinkerLoad::LoadAllObjects() [d:\build\++ue4+release-4.19+compile\sync\engine\source\runtime\coreuobject\private\uobject\linkerload.cpp:2908]
[2019.10.28-03.50.15:560][  0]LogWindows: Error: [Callstack] 0x000000002E1430D6 UE4Editor-CoreUObject.dll!LoadPackageInternal() [d:\build\++ue4+release-4.19+compile\sync\engine\source\runtime\coreuobject\private\uobject\uobjectglobals.cpp:1328]
[2019.10.28-03.50.15:560][  0]LogWindows: Error: [Callstack] 0x000000002E0379BD UE4Editor-CoreUObject.dll!FLinkerLoad::VerifyImportInner() [d:\build\++ue4+release-4.19+compile\sync\engine\source\runtime\coreuobject\private\uobject\linkerload.cpp:2423]
[2019.10.28-03.50.15:560][  0]LogWindows: Error: [Callstack] 0x000000002E0362CF UE4Editor-CoreUObject.dll!FLinkerLoad::VerifyImport() [d:\build\++ue4+release-4.19+compile\sync\engine\source\runtime\coreuobject\private\uobject\linkerload.cpp:2179]
[2019.10.28-03.50.15:560][  0]LogWindows: Error: [Callstack] 0x000000002E037BFB UE4Editor-CoreUObject.dll!FLinkerLoad::VerifyImportInner() [d:\build\++ue4+release-4.19+compile\sync\engine\source\runtime\coreuobject\private\uobject\linkerload.cpp:2471]
[2019.10.28-03.50.15:560][  0]LogWindows: Error: [Callstack] 0x000000002E0362CF UE4Editor-CoreUObject.dll!FLinkerLoad::VerifyImport() [d:\build\++ue4+release-4.19+compile\sync\engine\source\runtime\coreuobject\private\uobject\linkerload.cpp:2179]
[2019.10.28-03.50.15:560][  0]LogWindows: Error: [Callstack] 0x000000002DFFB078 UE4Editor-CoreUObject.dll!FLinkerLoad::GetExportLoadClass() [d:\build\++ue4+release-4.19+compile\sync\engine\source\runtime\coreuobject\private\uobject\linkerload.cpp:2774]
[2019.10.28-03.50.15:560][  0]LogWindows: Error: [Callstack] 0x000000002DFE125F UE4Editor-CoreUObject.dll!FLinkerLoad::CreateExport() [d:\build\++ue4+release-4.19+compile\sync\engine\source\runtime\coreuobject\private\uobject\linkerload.cpp:3527]
[2019.10.28-03.50.15:560][  0]LogWindows: Error: [Callstack] 0x000000002DFE38CB UE4Editor-CoreUObject.dll!FLinkerLoad::CreateExportAndPreload() [d:\build\++ue4+release-4.19+compile\sync\engine\source\runtime\coreuobject\private\uobject\linkerload.cpp:2746]
[2019.10.28-03.50.15:560][  0]LogWindows: Error: [Callstack] 0x000000002E009B14 UE4Editor-CoreUObject.dll!FLinkerLoad::LoadAllObjects() [d:\build\++ue4+release-4.19+compile\sync\engine\source\runtime\coreuobject\private\uobject\linkerload.cpp:2908]
[2019.10.28-03.50.15:560][  0]LogWindows: Error: [Callstack] 0x000000002E1430D6 UE4Editor-CoreUObject.dll!LoadPackageInternal() [d:\build\++ue4+release-4.19+compile\sync\engine\source\runtime\coreuobject\private\uobject\uobjectglobals.cpp:1328]
[2019.10.28-03.50.15:560][  0]LogWindows: Error: [Callstack] 0x000000002E0379BD UE4Editor-CoreUObject.dll!FLinkerLoad::VerifyImportInner() [d:\build\++ue4+release-4.19+compile\sync\engine\source\runtime\coreuobject\private\uobject\linkerload.cpp:2423]
[2019.10.28-03.50.15:560][  0]LogWindows: Error: [Callstack] 0x000000002E0362CF UE4Editor-CoreUObject.dll!FLinkerLoad::VerifyImport() [d:\build\++ue4+release-4.19+compile\sync\engine\source\runtime\coreuobject\private\uobject\linkerload.cpp:2179]
[2019.10.28-03.50.15:560][  0]LogWindows: Error: [Callstack] 0x000000002E037BFB UE4Editor-CoreUObject.dll!FLinkerLoad::VerifyImportInner() [d:\build\++ue4+release-4.19+compile\sync\engine\source\runtime\coreuobject\private\uobject\linkerload.cpp:2471]
[2019.10.28-03.50.15:560][  0]LogWindows: Error: [Callstack] 0x000000002E0362CF UE4Editor-CoreUObject.dll!FLinkerLoad::VerifyImport() [d:\build\++ue4+release-4.19+compile\sync\engine\source\runtime\coreuobject\private\uobject\linkerload.cpp:2179]
[2019.10.28-03.50.15:560][  0]LogWindows: Error: [Callstack] 0x000000002DFFB078 UE4Editor-CoreUObject.dll!FLinkerLoad::GetExportLoadClass() [d:\build\++ue4+release-4.19+compile\sync\engine\source\runtime\coreuobject\private\uobject\linkerload.cpp:2774]
[2019.10.28-03.50.15:560][  0]LogWindows: Error: [Callstack] 0x000000002DFE125F UE4Editor-CoreUObject.dll!FLinkerLoad::CreateExport() [d:\build\++ue4+release-4.19+compile\sync\engine\source\runtime\coreuobject\private\uobject\linkerload.cpp:3527]
[2019.10.28-03.50.15:560][  0]LogWindows: Error: [Callstack] 0x000000002DFE38CB UE4Editor-CoreUObject.dll!FLinkerLoad::CreateExportAndPreload() [d:\build\++ue4+release-4.19+compile\sync\engine\source\runtime\coreuobject\private\uobject\linkerload.cpp:2746]
[2019.10.28-03.50.15:560][  0]LogWindows: Error: [Callstack] 0x000000002E009B14 UE4Editor-CoreUObject.dll!FLinkerLoad::LoadAllObjects() [d:\build\++ue4+release-4.19+compile\sync\engine\source\runtime\coreuobject\private
[2019.10.28-03.50.15:574][  0]LogExit: Executing StaticShutdownAfterError
[2019.10.28-03.50.15:575][  0]LogWindows: FPlatformMisc::RequestExit(1)
[2019.10.28-03.50.15:575][  0]Log file closed, 10/28/19 12:50:15
