Log file open, 10/28/19 14:00:32
LogWindows: Failed to load 'aqProf.dll' (GetLastError=126)
LogWindows: File 'aqProf.dll' does not exist
LogWindows: Failed to load 'VtuneApi.dll' (GetLastError=126)
LogWindows: File 'VtuneApi.dll' does not exist
LogWindows: Failed to load 'VtuneApi32e.dll' (GetLastError=126)
LogWindows: File 'VtuneApi32e.dll' does not exist
LogInit: Display: Running engine for game: FastFood_1026
LogPlatformFile: Not using cached read wrapper
LogInit: Display: RandInit(1805323289) SRandInit(1805323289).
LogInit: Read version file with build ID '3944462'
LogInit: Overriding engine version to CL 4033788, compatible CL 3944462
LogInit: Registered custom module enumerator with build ID '3944462'
LogTaskGraph: Started task graph with 5 named threads and 35 total threads with 3 sets of task threads.
LogStats: Stats thread started at 0.387340
LogD3D11RHI: Aftermath initialized
LogICUInternationalization: Display: ICU TimeZone Detection - Raw Offset: +9:00, Platform Override: ''
LogModuleManager: Display: Found up-to-date module file ../../../Engine/Plugins/2D/Paper2D/Binaries/Win64/UE4Editor-Paper2D.dll (API version 3944462).
LogModuleManager: Display: Found up-to-date module file ../../../Engine/Plugins/2D/Paper2D/Binaries/Win64/UE4Editor-Paper2DEditor.dll (API version 3944462).
LogModuleManager: Display: Found up-to-date module file ../../../Engine/Plugins/2D/Paper2D/Binaries/Win64/UE4Editor-PaperSpriteSheetImporter.dll (API version 3944462).
LogModuleManager: Display: Found up-to-date module file ../../../Engine/Plugins/2D/Paper2D/Binaries/Win64/UE4Editor-PaperTiledImporter.dll (API version 3944462).
LogModuleManager: Display: Found up-to-date module file ../../../Engine/Plugins/2D/Paper2D/Binaries/Win64/UE4Editor-SmartSnapping.dll (API version 3944462).
LogModuleManager: Display: Found up-to-date module file ../../../Engine/Plugins/Blendables/LightPropagationVolume/Binaries/Win64/UE4Editor-LightPropagationVolumeRuntime.dll (API version 3944462).
LogModuleManager: Display: Found up-to-date module file ../../../Engine/Plugins/Blendables/LightPropagationVolume/Binaries/Win64/UE4Editor-LightPropagationVolumeEditor.dll (API version 3944462).
LogModuleManager: Display: Found up-to-date module file ../../../Engine/Plugins/Developer/CLionSourceCodeAccess/Binaries/Win64/UE4Editor-CLionSourceCodeAccess.dll (API version 3944462).
LogModuleManager: Display: Found up-to-date module file ../../../Engine/Plugins/Developer/GitSourceControl/Binaries/Win64/UE4Editor-GitSourceControl.dll (API version 3944462).
LogModuleManager: Display: Found up-to-date module file ../../../Engine/Plugins/Developer/PerforceSourceControl/Binaries/Win64/UE4Editor-PerforceSourceControl.dll (API version 3944462).
LogModuleManager: Display: Found up-to-date module file ../../../Engine/Plugins/Developer/SubversionSourceControl/Binaries/Win64/UE4Editor-SubversionSourceControl.dll (API version 3944462).
LogModuleManager: Display: Found up-to-date module file ../../../Engine/Plugins/Developer/UObjectPlugin/Binaries/Win64/UE4Editor-UObjectPlugin.dll (API version 3944462).
LogModuleManager: Display: Found up-to-date module file ../../../Engine/Plugins/Developer/VisualStudioCodeSourceCodeAccess/Binaries/Win64/UE4Editor-VisualStudioCodeSourceCodeAccess.dll (API version 3944462).
LogModuleManager: Display: Found up-to-date module file ../../../Engine/Plugins/Developer/VisualStudioSourceCodeAccess/Binaries/Win64/UE4Editor-VisualStudioSourceCodeAccess.dll (API version 3944462).
LogModuleManager: Display: Found up-to-date module file ../../../Engine/Plugins/Editor/AssetManagerEditor/Binaries/Win64/UE4Editor-AssetManagerEditor.dll (API version 3944462).
LogModuleManager: Display: Found up-to-date module file ../../../Engine/Plugins/Editor/CryptoKeys/Binaries/Win64/UE4Editor-CryptoKeys.dll (API version 3944462).
LogModuleManager: Display: Found up-to-date module file ../../../Engine/Plugins/Editor/CryptoKeys/Binaries/Win64/UE4Editor-CryptoKeysOpenSSL.dll (API version 3944462).
LogModuleManager: Display: Found up-to-date module file ../../../Engine/Plugins/Editor/DataValidation/Binaries/Win64/UE4Editor-DataValidation.dll (API version 3944462).
LogModuleManager: Display: Found up-to-date module file ../../../Engine/Plugins/Editor/FacialAnimation/Binaries/Win64/UE4Editor-FacialAnimation.dll (API version 3944462).
LogModuleManager: Display: Found up-to-date module file ../../../Engine/Plugins/Editor/FacialAnimation/Binaries/Win64/UE4Editor-FacialAnimationEditor.dll (API version 3944462).
LogModuleManager: Display: Found up-to-date module file ../../../Engine/Plugins/Editor/GameplayTagsEditor/Binaries/Win64/UE4Editor-GameplayTagsEditor.dll (API version 3944462).
LogModuleManager: Display: Found up-to-date module file ../../../Engine/Plugins/Editor/MobileLauncherProfileWizard/Binaries/Win64/UE4Editor-MobileLauncherProfileWizard.dll (API version 3944462).
LogModuleManager: Display: Found up-to-date module file ../../../Engine/Plugins/Editor/PluginBrowser/Binaries/Win64/UE4Editor-PluginBrowser.dll (API version 3944462).
LogModuleManager: Display: Found up-to-date module file ../../../Engine/Plugins/Editor/SpeedTreeImporter/Binaries/Win64/UE4Editor-SpeedTreeImporter.dll (API version 3944462).
LogModuleManager: Display: Found up-to-date module file ../../../Engine/Plugins/Enterprise/DatasmithContent/Binaries/Win64/UE4Editor-DatasmithContent.dll (API version 3944462).
LogModuleManager: Display: Found up-to-date module file ../../../Engine/Plugins/Experimental/AlembicImporter/Binaries/Win64/UE4Editor-AlembicImporter.dll (API version 3944462).
LogModuleManager: Display: Found up-to-date module file ../../../Engine/Plugins/Experimental/AlembicImporter/Binaries/Win64/UE4Editor-AlembicLibrary.dll (API version 3944462).
LogModuleManager: Display: Found up-to-date module file ../../../Engine/Plugins/Experimental/CharacterAI/Binaries/Win64/UE4Editor-CharacterAI.dll (API version 3944462).
LogModuleManager: Display: Found up-to-date module file ../../../Engine/Plugins/Experimental/HTML5Networking/Binaries/Win64/UE4Editor-HTML5Networking.dll (API version 3944462).
LogModuleManager: Display: Found up-to-date module file ../../../Engine/Plugins/Media/AndroidMedia/Binaries/Win64/UE4Editor-AndroidMediaEditor.dll (API version 3944462).
LogModuleManager: Display: Found up-to-date module file ../../../Engine/Plugins/Media/AndroidMedia/Binaries/Win64/UE4Editor-AndroidMediaFactory.dll (API version 3944462).
LogModuleManager: Display: Found up-to-date module file ../../../Engine/Plugins/Media/AvfMedia/Binaries/Win64/UE4Editor-AvfMediaEditor.dll (API version 3944462).
LogModuleManager: Display: Found up-to-date module file ../../../Engine/Plugins/Media/AvfMedia/Binaries/Win64/UE4Editor-AvfMediaFactory.dll (API version 3944462).
LogModuleManager: Display: Found up-to-date module file ../../../Engine/Plugins/Media/AvfMedia/Binaries/Win64/UE4Editor-AvfMediaFactory.dll (API version 3944462).
LogModuleManager: Display: Found up-to-date module file ../../../Engine/Plugins/Media/ImgMedia/Binaries/Win64/UE4Editor-ImgMedia.dll (API version 3944462).
LogModuleManager: Display: Found up-to-date module file ../../../Engine/Plugins/Media/ImgMedia/Binaries/Win64/UE4Editor-ImgMediaEditor.dll (API version 3944462).
LogModuleManager: Display: Found up-to-date module file ../../../Engine/Plugins/Media/ImgMedia/Binaries/Win64/UE4Editor-ImgMediaFactory.dll (API version 3944462).
LogModuleManager: Display: Found up-to-date module file ../../../Engine/Plugins/Media/ImgMedia/Binaries/Win64/UE4Editor-ImgMediaFactory.dll (API version 3944462).
LogModuleManager: Display: Found up-to-date module file ../../../Engine/Plugins/Media/ImgMedia/Binaries/Win64/UE4Editor-OpenExrWrapper.dll (API version 3944462).
LogModuleManager: Display: Found up-to-date module file ../../../Engine/Plugins/Media/LinearTimecode/Binaries/Win64/UE4Editor-LinearTimecode.dll (API version 3944462).
LogModuleManager: Display: Found up-to-date module file ../../../Engine/Plugins/Media/MediaCompositing/Binaries/Win64/UE4Editor-MediaCompositing.dll (API version 3944462).
LogModuleManager: Display: Found up-to-date module file ../../../Engine/Plugins/Media/MediaCompositing/Binaries/Win64/UE4Editor-MediaCompositingEditor.dll (API version 3944462).
LogModuleManager: Display: Found up-to-date module file ../../../Engine/Plugins/Media/MediaPlayerEditor/Binaries/Win64/UE4Editor-MediaPlayerEditor.dll (API version 3944462).
LogModuleManager: Display: Found up-to-date module file ../../../Engine/Plugins/Media/WmfMedia/Binaries/Win64/UE4Editor-WmfMedia.dll (API version 3944462).
LogModuleManager: Display: Found up-to-date module file ../../../Engine/Plugins/Media/WmfMedia/Binaries/Win64/UE4Editor-WmfMediaEditor.dll (API version 3944462).
LogModuleManager: Display: Found up-to-date module file ../../../Engine/Plugins/Media/WmfMedia/Binaries/Win64/UE4Editor-WmfMediaFactory.dll (API version 3944462).
LogModuleManager: Display: Found up-to-date module file ../../../Engine/Plugins/Media/WmfMedia/Binaries/Win64/UE4Editor-WmfMediaFactory.dll (API version 3944462).
LogModuleManager: Display: Found up-to-date module file ../../../Engine/Plugins/Messaging/TcpMessaging/Binaries/Win64/UE4Editor-TcpMessaging.dll (API version 3944462).
LogModuleManager: Display: Found up-to-date module file ../../../Engine/Plugins/Messaging/UdpMessaging/Binaries/Win64/UE4Editor-UdpMessaging.dll (API version 3944462).
LogModuleManager: Display: Found up-to-date module file ../../../Engine/Plugins/MovieScene/ActorSequence/Binaries/Win64/UE4Editor-ActorSequence.dll (API version 3944462).
LogModuleManager: Display: Found up-to-date module file ../../../Engine/Plugins/MovieScene/LevelSequenceEditor/Binaries/Win64/UE4Editor-LevelSequenceEditor.dll (API version 3944462).
LogModuleManager: Display: Found up-to-date module file ../../../Engine/Plugins/MovieScene/MatineeToLevelSequence/Binaries/Win64/UE4Editor-MatineeToLevelSequence.dll (API version 3944462).
LogModuleManager: Display: Found up-to-date module file ../../../Engine/Plugins/NetcodeUnitTest/NetcodeUnitTest/Binaries/Win64/UE4Editor-NetcodeUnitTest.dll (API version 3944462).
LogModuleManager: Display: Found up-to-date module file ../../../Engine/Plugins/NetcodeUnitTest/NUTUnrealEngine4/Binaries/Win64/UE4Editor-NUTUnrealEngine4.dll (API version 3944462).
LogModuleManager: Display: Found up-to-date module file ../../../Engine/Plugins/Online/OnlineSubsystem/Binaries/Win64/UE4Editor-OnlineSubsystem.dll (API version 3944462).
LogModuleManager: Display: Found up-to-date module file ../../../Engine/Plugins/Runtime/AndroidPermission/Binaries/Win64/UE4Editor-AndroidPermission.dll (API version 3944462).
LogModuleManager: Display: Found up-to-date module file ../../../Engine/Plugins/Online/OnlineSubsystemNull/Binaries/Win64/UE4Editor-OnlineSubsystemNull.dll (API version 3944462).
LogModuleManager: Display: Found up-to-date module file ../../../Engine/Plugins/Online/OnlineSubsystemUtils/Binaries/Win64/UE4Editor-OnlineSubsystemUtils.dll (API version 3944462).
LogModuleManager: Display: Found up-to-date module file ../../../Engine/Plugins/Online/OnlineSubsystemUtils/Binaries/Win64/UE4Editor-OnlineBlueprintSupport.dll (API version 3944462).
LogModuleManager: Display: Found up-to-date module file ../../../Engine/Plugins/Runtime/AndroidDeviceProfileSelector/Binaries/Win64/UE4Editor-AndroidDeviceProfileSelector.dll (API version 3944462).
LogModuleManager: Display: Found up-to-date module file ../../../Engine/Plugins/Runtime/AppleARKit/Binaries/Win64/UE4Editor-AppleARKit.dll (API version 3944462).
LogModuleManager: Display: Found up-to-date module file ../../../Engine/Plugins/Runtime/ProceduralMeshComponent/Binaries/Win64/UE4Editor-ProceduralMeshComponent.dll (API version 3944462).
LogModuleManager: Display: Found up-to-date module file ../../../Engine/Plugins/Runtime/ProceduralMeshComponent/Binaries/Win64/UE4Editor-ProceduralMeshComponentEditor.dll (API version 3944462).
LogModuleManager: Display: Found up-to-date module file ../../../Engine/Plugins/Animation/LiveLink/Binaries/Win64/UE4Editor-LiveLink.dll (API version 3944462).
LogModuleManager: Display: Found up-to-date module file ../../../Engine/Plugins/Animation/LiveLink/Binaries/Win64/UE4Editor-LiveLinkEditor.dll (API version 3944462).
LogModuleManager: Display: Found up-to-date module file ../../../Engine/Plugins/Runtime/ArchVisCharacter/Binaries/Win64/UE4Editor-ArchVisCharacter.dll (API version 3944462).
LogModuleManager: Display: Found up-to-date module file ../../../Engine/Plugins/Runtime/AudioCapture/Binaries/Win64/UE4Editor-AudioCapture.dll (API version 3944462).
LogModuleManager: Display: Found up-to-date module file ../../../Engine/Plugins/Runtime/AudioCapture/Binaries/Win64/UE4Editor-AudioCaptureEditor.dll (API version 3944462).
LogModuleManager: Display: Found up-to-date module file ../../../Engine/Plugins/Runtime/CableComponent/Binaries/Win64/UE4Editor-CableComponent.dll (API version 3944462).
LogModuleManager: Display: Found up-to-date module file ../../../Engine/Plugins/Runtime/CustomMeshComponent/Binaries/Win64/UE4Editor-CustomMeshComponent.dll (API version 3944462).
LogModuleManager: Display: Found up-to-date module file ../../../Engine/Plugins/Runtime/ExampleDeviceProfileSelector/Binaries/Win64/UE4Editor-ExampleDeviceProfileSelector.dll (API version 3944462).
LogModuleManager: Display: Found up-to-date module file ../../../Engine/Plugins/Runtime/ImmediatePhysics/Binaries/Win64/UE4Editor-ImmediatePhysics.dll (API version 3944462).
LogModuleManager: Display: Found up-to-date module file ../../../Engine/Plugins/Runtime/ImmediatePhysics/Binaries/Win64/UE4Editor-ImmediatePhysicsEditor.dll (API version 3944462).
LogModuleManager: Display: Found up-to-date module file ../../../Engine/Plugins/Runtime/LocationServicesBPLibrary/Binaries/Win64/UE4Editor-LocationServicesBPLibrary.dll (API version 3944462).
LogModuleManager: Display: Found up-to-date module file ../../../Engine/Plugins/Runtime/MobilePatchingUtils/Binaries/Win64/UE4Editor-MobilePatchingUtils.dll (API version 3944462).
LogModuleManager: Display: Found up-to-date module file ../../../Engine/Plugins/Runtime/Oculus/OculusVR/Binaries/Win64/UE4Editor-OculusHMD.dll (API version 3944462).
LogModuleManager: Display: Found up-to-date module file ../../../Engine/Plugins/Runtime/Oculus/OculusVR/Binaries/Win64/UE4Editor-OculusInput.dll (API version 3944462).
LogModuleManager: Display: Found up-to-date module file ../../../Engine/Plugins/Runtime/Oculus/OculusVR/Binaries/Win64/UE4Editor-OculusEditor.dll (API version 3944462).
LogModuleManager: Display: Found up-to-date module file ../../../Engine/Plugins/Runtime/PhysXVehicles/Binaries/Win64/UE4Editor-PhysXVehicles.dll (API version 3944462).
LogModuleManager: Display: Found up-to-date module file ../../../Engine/Plugins/Runtime/PhysXVehicles/Binaries/Win64/UE4Editor-PhysXVehiclesEditor.dll (API version 3944462).
LogModuleManager: Display: Found up-to-date module file ../../../Engine/Plugins/Runtime/RuntimePhysXCooking/Binaries/Win64/UE4Editor-RuntimePhysXCooking.dll (API version 3944462).
LogModuleManager: Display: Found up-to-date module file ../../../Engine/Plugins/Runtime/Steam/SteamVR/Binaries/Win64/UE4Editor-SteamVR.dll (API version 3944462).
LogModuleManager: Display: Found up-to-date module file ../../../Engine/Plugins/Runtime/Steam/SteamVR/Binaries/Win64/UE4Editor-SteamVRController.dll (API version 3944462).
LogModuleManager: Display: Found up-to-date module file ../../../Engine/Plugins/Runtime/WindowsMoviePlayer/Binaries/Win64/UE4Editor-WindowsMoviePlayer.dll (API version 3944462).
LogPluginManager: Mounting plugin Paper2D
LogPluginManager: Mounting plugin LiveLink
LogPluginManager: Mounting plugin LightPropagationVolume
LogPluginManager: Mounting plugin CLionSourceCodeAccess
LogPluginManager: Mounting plugin CodeLiteSourceCodeAccess
LogPluginManager: Mounting plugin GitSourceControl
LogPluginManager: Mounting plugin KDevelopSourceCodeAccess
LogPluginManager: Mounting plugin NullSourceCodeAccess
LogPluginManager: Mounting plugin PerforceSourceControl
LogPluginManager: Mounting plugin SubversionSourceControl
LogPluginManager: Mounting plugin UObjectPlugin
LogPluginManager: Mounting plugin VisualStudioCodeSourceCodeAccess
LogPluginManager: Mounting plugin VisualStudioSourceCodeAccess
LogPluginManager: Mounting plugin XCodeSourceCodeAccess
LogPluginManager: Mounting plugin AssetManagerEditor
LogPluginManager: Mounting plugin CryptoKeys
LogPluginManager: Mounting plugin DataValidation
LogPluginManager: Mounting plugin FacialAnimation
LogPluginManager: Mounting plugin GameplayTagsEditor
LogPluginManager: Mounting plugin MobileLauncherProfileWizard
LogPluginManager: Mounting plugin PluginBrowser
LogPluginManager: Mounting plugin SpeedTreeImporter
LogPluginManager: Mounting plugin DatasmithContent
LogPluginManager: Mounting plugin AlembicImporter
LogPluginManager: Mounting plugin CharacterAI
LogPluginManager: Mounting plugin HTML5Networking
LogPluginManager: Mounting plugin AndroidMedia
LogPluginManager: Mounting plugin AvfMedia
LogPluginManager: Mounting plugin ImgMedia
LogPluginManager: Mounting plugin LinearTimecode
LogPluginManager: Mounting plugin MediaCompositing
LogPluginManager: Mounting plugin MediaPlayerEditor
LogPluginManager: Mounting plugin WmfMedia
LogPluginManager: Mounting plugin TcpMessaging
LogPluginManager: Mounting plugin UdpMessaging
LogPluginManager: Mounting plugin ActorSequence
LogPluginManager: Mounting plugin LevelSequenceEditor
LogPluginManager: Mounting plugin MatineeToLevelSequence
LogPluginManager: Mounting plugin NetcodeUnitTest
LogPluginManager: Mounting plugin NUTUnrealEngine4
LogPluginManager: Mounting plugin OnlineSubsystemGooglePlay
LogPluginManager: Mounting plugin OnlineSubsystemIOS
LogPluginManager: Mounting plugin OnlineSubsystem
LogPluginManager: Mounting plugin OnlineSubsystemNull
LogPluginManager: Mounting plugin OnlineSubsystemUtils
LogPluginManager: Mounting plugin AndroidDeviceProfileSelector
LogPluginManager: Mounting plugin AndroidMoviePlayer
LogPluginManager: Mounting plugin AndroidPermission
LogPluginManager: Mounting plugin AppleARKit
LogPluginManager: Mounting plugin AppleMoviePlayer
LogPluginManager: Mounting plugin ArchVisCharacter
LogPluginManager: Mounting plugin AudioCapture
LogPluginManager: Mounting plugin CableComponent
LogPluginManager: Mounting plugin CustomMeshComponent
LogPluginManager: Mounting plugin ExampleDeviceProfileSelector
LogPluginManager: Mounting plugin GoogleCloudMessaging
LogPluginManager: Mounting plugin ImmediatePhysics
LogPluginManager: Mounting plugin IOSDeviceProfileSelector
LogPluginManager: Mounting plugin LinuxDeviceProfileSelector
LogPluginManager: Mounting plugin LocationServicesBPLibrary
LogPluginManager: Mounting plugin MobilePatchingUtils
LogPluginManager: Mounting plugin OculusVR
LogPluginManager: Plugin shader directory ../../../Engine/Plugins/Runtime/Oculus/OculusVR/Shaders found
LogPluginManager: Mapping shader source directory ../../../Engine/Plugins/Runtime/Oculus/OculusVR/Shaders to virtual directory /Plugin/OculusVR
LogPluginManager: Mounting plugin PhysXVehicles
LogPluginManager: Mounting plugin ProceduralMeshComponent
LogPluginManager: Mounting plugin RuntimePhysXCooking
LogPluginManager: Mounting plugin SteamVR
LogPluginManager: Mounting plugin WindowsMoviePlayer
LogStreaming: Display: Took  0.583s to configure plugins.
LogInit: Using libcurl 7.47.1
LogInit:  - built for x86_64-pc-win32
LogInit:  - supports SSL with OpenSSL/1.0.2g
LogInit:  - supports HTTP deflate (compression) using libz 1.2.8
LogInit:  - other features:
LogInit:      CURL_VERSION_SSL
LogInit:      CURL_VERSION_LIBZ
LogInit:      CURL_VERSION_IPV6
LogInit:      CURL_VERSION_ASYNCHDNS
LogInit:      CURL_VERSION_LARGEFILE
LogInit:      CURL_VERSION_IDN
LogInit:  CurlRequestOptions (configurable via config and command line):
LogInit:  - bVerifyPeer = false  - Libcurl will NOT verify peer certificate
LogInit:  - bUseHttpProxy = false  - Libcurl will NOT use HTTP proxy
LogInit:  - bDontReuseConnections = false  - Libcurl will reuse connections
LogInit:  - CertBundlePath = nullptr  - Libcurl will use whatever was configured at build time.
LogInit:  - MaxHostConnections = 16  - Libcurl will limit the number of connections to a host
LogInit:  - LocalHostAddr = Default
LogInit: WinSock: version 1.1 (2.2), MaxSocks=32767, MaxUdp=65467
LogInit: WinSock: I am DESKTOP-PF0DSIS (192.168.0.5:0)
LogInit: Build: ++UE4+Release-4.19-CL-4033788
LogInit: Engine Version: 4.19.2-4033788+++UE4+Release-4.19
LogInit: Compatible Engine Version: 4.19.0-3944462+++UE4+Release-4.19
LogInit: Net CL: 3944462
LogDevObjectVersion: Number of dev versions registered: 18
LogDevObjectVersion:   Dev-Blueprints (B0D832E4-1F89-4F0D-ACCF-7EB736FD4AA2): 10
LogDevObjectVersion:   Dev-Build (E1C64328-A22C-4D53-A36C-8E866417BD8C): 0
LogDevObjectVersion:   Dev-Core (375EC13C-06E4-48FB-B500-84F0262A717E): 2
LogDevObjectVersion:   Dev-Editor (E4B068ED-F494-42E9-A231-DA0B2E46BB41): 23
LogDevObjectVersion:   Dev-Framework (CFFC743F-43B0-4480-9391-14DF171D2073): 33
LogDevObjectVersion:   Dev-Mobile (B02B49B5-BB20-44E9-A304-32B752E40360): 2
LogDevObjectVersion:   Dev-Networking (A4E4105C-59A1-49B5-A7C5-40C4547EDFEE): 0
LogDevObjectVersion:   Dev-Online (39C831C9-5AE6-47DC-9A44-9C173E1C8E7C): 0
LogDevObjectVersion:   Dev-Physics (78F01B33-EBEA-4F98-B9B4-84EACCB95AA2): 0
LogDevObjectVersion:   Dev-Platform (6631380F-2D4D-43E0-8009-CF276956A95A): 0
LogDevObjectVersion:   Dev-Rendering (12F88B9F-8875-4AFC-A67C-D90C383ABD29): 25
LogDevObjectVersion:   Dev-Sequencer (7B5AE74C-D270-4C10-A958-57980B212A5A): 6
LogDevObjectVersion:   Dev-VR (D7296918-1DD6-4BDD-9DE2-64A83CC13884): 1
LogDevObjectVersion:   Dev-LoadTimes (C2A15278-BFE7-4AFE-6C17-90FF531DF755): 1
LogDevObjectVersion:   Private-Geometry (6EACA3D4-40EC-4CC1-B786-8BED09428FC5): 2
LogDevObjectVersion:   Dev-AnimPhys (29E575DD-E0A3-4627-9D10-D276232CDCEA): 16
LogDevObjectVersion:   Dev-ReflectionCapture (6B266CEC-1EC7-4B8F-A30B-E4D90942FC07): 1
LogDevObjectVersion:   Dev-Automation (0DF73D61-A23F-47EA-B727-89E90C41499A): 1
LogInit: Compiled (64-bit): Apr 27 2018 02:06:57
LogInit: Compiled with Visual C++: 19.00.24215.01
LogInit: Build Configuration: Development
LogInit: Branch Name: ++UE4+Release-4.19
LogInit: Command Line:  
LogInit: Base Directory: D:/Lecture/Unreal/UE_4.19/Engine/Binaries/Win64/
LogInit: Installed Engine Build: 1
LogStreaming: Display: Took  0.000s to delete old logs.
LogInit: Presizing for max 8388607 objects, including 0 objects not considered by GC, pre-allocating 0 bytes for permanent pool.
LogInit: Object subsystem initialized
[2019.10.28-05.00.33:174][  0]LogInit: Selected Device Profile: [Windows]
[2019.10.28-05.00.33:174][  0]LogInit: Applying CVar settings loaded from the selected device profile: [Windows]
[2019.10.28-05.00.33:194][  0]LogInit: Computer: DESKTOP-PF0DSIS
[2019.10.28-05.00.33:194][  0]LogInit: User: st
[2019.10.28-05.00.33:194][  0]LogInit: CPU Page size=4096, Cores=6
[2019.10.28-05.00.33:194][  0]LogInit: High frequency timer resolution =10.000000 MHz
[2019.10.28-05.00.33:194][  0]LogMemory: Memory total: Physical=31.8GB (32GB approx)
[2019.10.28-05.00.33:194][  0]LogMemory: Platform Memory Stats for Windows
[2019.10.28-05.00.33:194][  0]LogMemory: Process Physical Memory: 274.29 MB used, 274.30 MB peak
[2019.10.28-05.00.33:194][  0]LogMemory: Process Virtual Memory: 271.43 MB used, 271.43 MB peak
[2019.10.28-05.00.33:194][  0]LogMemory: Physical Memory: 8674.46 MB used,  23867.52 MB free, 32541.98 MB total
[2019.10.28-05.00.33:194][  0]LogMemory: Virtual Memory: 4813.76 MB used,  23867.52 MB free, 134217728.00 MB total
[2019.10.28-05.00.33:210][  0]LogInit: Using OS detected language (ko-KR).
[2019.10.28-05.00.33:210][  0]LogInit: Using OS detected locale (ko-KR).
[2019.10.28-05.00.33:212][  0]LogTextLocalizationManager: No specific localization for 'ko-KR' exists, so the 'ko' localization will be used.
[2019.10.28-05.00.33:496][  0]LogStreaming: Display: Took  0.286s to EndInitTextLocalization.
[2019.10.28-05.00.33:496][  0]LogInit: Setting process to per monitor DPI aware
[2019.10.28-05.00.33:530][  0]LogSlate: New Slate User Created.  User Index 0, Is Virtual User: 0
[2019.10.28-05.00.33:530][  0]LogSlate: Slate User Registered.  User Index 0, Is Virtual User: 0
[2019.10.28-05.00.33:655][  0]LogD3D11RHI: D3D11 adapters:
[2019.10.28-05.00.33:722][  0]LogD3D11RHI:    0. 'NVIDIA GeForce RTX 2080' (Feature Level 11_0)
[2019.10.28-05.00.33:722][  0]LogD3D11RHI:       8010/0/16270 MB DedicatedVideo/DedicatedSystem/SharedSystem, Outputs:1, VendorId:0x10de
[2019.10.28-05.00.33:735][  0]LogD3D11RHI:    1. 'Intel(R) UHD Graphics 630' (Feature Level 11_0)
[2019.10.28-05.00.33:736][  0]LogD3D11RHI:       128/0/16270 MB DedicatedVideo/DedicatedSystem/SharedSystem, Outputs:1, VendorId:0x8086
[2019.10.28-05.00.33:737][  0]LogD3D11RHI:    2. 'Microsoft Basic Render Driver' (Feature Level 11_0)
[2019.10.28-05.00.33:737][  0]LogD3D11RHI:       0/0/16270 MB DedicatedVideo/DedicatedSystem/SharedSystem, Outputs:0, VendorId:0x1414
[2019.10.28-05.00.33:737][  0]LogD3D11RHI: Chosen D3D11 Adapter: 0
[2019.10.28-05.00.33:745][  0]LogD3D11RHI: Creating new Direct3DDevice
[2019.10.28-05.00.33:745][  0]LogD3D11RHI:     GPU DeviceId: 0x1e82 (for the marketing name, search the web for "GPU Device Id")
[2019.10.28-05.00.33:745][  0]LogWindows: EnumDisplayDevices:
[2019.10.28-05.00.33:745][  0]LogWindows:    0. 'NVIDIA GeForce RTX 2080' (P:1 D:1)
[2019.10.28-05.00.33:745][  0]LogWindows:    1. 'NVIDIA GeForce RTX 2080' (P:0 D:0)
[2019.10.28-05.00.33:745][  0]LogWindows:    2. 'NVIDIA GeForce RTX 2080' (P:0 D:0)
[2019.10.28-05.00.33:745][  0]LogWindows:    3. 'NVIDIA GeForce RTX 2080' (P:0 D:0)
[2019.10.28-05.00.33:745][  0]LogWindows:    4. 'Intel(R) UHD Graphics 630' (P:0 D:1)
[2019.10.28-05.00.33:746][  0]LogWindows:    5. 'Intel(R) UHD Graphics 630' (P:0 D:0)
[2019.10.28-05.00.33:746][  0]LogWindows:    6. 'Intel(R) UHD Graphics 630' (P:0 D:0)
[2019.10.28-05.00.33:746][  0]LogWindows: DebugString: GetVideoDriverDetailsInvalid PrimaryIsNotTheChoosenAdapter GetVideoDriverDetailsInvalid PrimaryIsNotTheChoosenAdapter GetVideoDriverDetailsInvalid PrimaryIsNotTheChoosenAdapter GetVideoDriverDetailsInvalid PrimaryIsNotTheChoosenAdapter GetVideoDriverDetailsInvalid PrimaryIsNotTheChoosenAdapter GetVideoDriverDetailsInvalid PrimaryIsNotTheChoosenAdapter GetVideoDriverDetailsInvalid PrimaryIsNotTheChoosenAdapter FoundDriverCount:0 
[2019.10.28-05.00.33:746][  0]LogD3D11RHI:     Adapter Name: NVIDIA GeForce RTX 2080
[2019.10.28-05.00.33:746][  0]LogD3D11RHI:   Driver Version: Unknown (internal:Unknown, unified:Unknown)
[2019.10.28-05.00.33:746][  0]LogD3D11RHI:      Driver Date: Unknown
[2019.10.28-05.00.33:746][  0]LogRHI: Texture pool is 5607 MB (70% of 8010 MB)
[2019.10.28-05.00.33:785][  0]LogD3D11RHI: [Aftermath] Aftermath enabled and primed
[2019.10.28-05.00.33:785][  0]LogD3D11RHI: [Aftermath] Aftermath enabled and primed
[2019.10.28-05.00.33:785][  0]LogD3D11RHI: Async texture creation enabled
[2019.10.28-05.00.33:797][  0]LogD3D11RHI: GPU Timing Frequency: 1000.000000 (Debug: 2 1)
[2019.10.28-05.00.33:851][  0]LogShaderCompilers: Guid format shader working directory is -5 characters bigger than the processId version (C:/Users/st/Documents/GitHub/FastFood_1028_1045/Intermediate/Shaders/WorkingDirectory/48124/).
[2019.10.28-05.00.33:852][  0]LogShaderCompilers: Cleaned the shader compiler working directory 'C:/Users/st/AppData/Local/Temp/UnrealShaderWorkingDir/54C7AE9F47C0FB3D54DE52BAF3C48B23/'.
[2019.10.28-05.00.34:033][  0]LogTemp: Display: Loaded TP AllDesktopTargetPlatform
[2019.10.28-05.00.34:043][  0]LogTemp: Display: Loaded TP MacClientTargetPlatform
[2019.10.28-05.00.34:053][  0]LogTemp: Display: Loaded TP MacNoEditorTargetPlatform
[2019.10.28-05.00.34:063][  0]LogTemp: Display: Loaded TP MacServerTargetPlatform
[2019.10.28-05.00.34:073][  0]LogTemp: Display: Loaded TP MacTargetPlatform
[2019.10.28-05.00.34:082][  0]LogTemp: Display: Loaded TP WindowsClientTargetPlatform
[2019.10.28-05.00.34:092][  0]LogTemp: Display: Loaded TP WindowsNoEditorTargetPlatform
[2019.10.28-05.00.34:101][  0]LogTemp: Display: Loaded TP WindowsServerTargetPlatform
[2019.10.28-05.00.34:106][  0]LogTemp: Display: Loaded TP WindowsTargetPlatform
[2019.10.28-05.00.34:114][  0]LogTemp: Display: Loaded TP Android_ASTCTargetPlatform
[2019.10.28-05.00.34:123][  0]LogTemp: Display: Loaded TP Android_ATCTargetPlatform
[2019.10.28-05.00.34:131][  0]LogTemp: Display: Loaded TP Android_DXTTargetPlatform
[2019.10.28-05.00.34:140][  0]LogTemp: Display: Loaded TP Android_ETC1aTargetPlatform
[2019.10.28-05.00.34:149][  0]LogTemp: Display: Loaded TP Android_ETC1TargetPlatform
[2019.10.28-05.00.34:157][  0]LogTemp: Display: Loaded TP Android_ETC2TargetPlatform
[2019.10.28-05.00.34:174][  0]LogTemp: Display: Loaded TP Android_MultiTargetPlatform
[2019.10.28-05.00.34:174][  0]LogTemp: Display: Loaded TP Android_PVRTCTargetPlatform
[2019.10.28-05.00.34:183][  0]LogTemp: Display: Loaded TP AndroidTargetPlatform
[2019.10.28-05.00.34:184][  0]LogTemp: Display: Loaded TP HTML5TargetPlatform
[2019.10.28-05.00.34:217][  0]LogTemp: Display: Loaded TP IOSTargetPlatform
[2019.10.28-05.00.34:225][  0]LogTemp: Display: Loaded TP TVOSTargetPlatform
[2019.10.28-05.00.34:233][  0]LogTemp: Display: Loaded TP LinuxClientTargetPlatform
[2019.10.28-05.00.34:242][  0]LogTemp: Display: Loaded TP LinuxNoEditorTargetPlatform
[2019.10.28-05.00.34:250][  0]LogTemp: Display: Loaded TP LinuxServerTargetPlatform
[2019.10.28-05.00.34:259][  0]LogTemp: Display: Loaded TP LinuxTargetPlatform
[2019.10.28-05.00.34:259][  0]LogTargetPlatformManager: Display: Building Assets For Windows
[2019.10.28-05.00.34:326][  0]LogXGEController: Cleaning working directory: C:/Users/st/AppData/Local/Temp/UnrealXGEWorkingDir/
[2019.10.28-05.00.34:327][  0]LogXGEController: Cannot use XGE Controller as Incredibuild is not installed on this machine.
[2019.10.28-05.00.34:327][  0]LogShaderCompilers: Cannot use XGE Shader Compiler as Incredibuild is not installed on this machine.
[2019.10.28-05.00.34:327][  0]LogShaderCompilers: Display: Using Local Shader Compiler.
[2019.10.28-05.00.34:827][  0]LogDerivedDataCache: Display: Max Cache Size: 512 MB
[2019.10.28-05.00.34:874][  0]LogDerivedDataCache: Loaded boot cache 0.05s 74MB C:/Users/st/AppData/Local/UnrealEngine/4.19/DerivedDataCache/Boot.ddc.
[2019.10.28-05.00.34:874][  0]LogDerivedDataCache: Display: Loaded Boot cache: C:/Users/st/AppData/Local/UnrealEngine/4.19/DerivedDataCache/Boot.ddc
[2019.10.28-05.00.34:874][  0]LogDerivedDataCache: FDerivedDataBackendGraph:  Pak pak cache file C:/Users/st/Documents/GitHub/FastFood_1028_1045/DerivedDataCache/DDC.ddp not found, will not use a pak cache.
[2019.10.28-05.00.34:874][  0]LogDerivedDataCache: Unable to find inner node Pak for hierarchical cache Hierarchy.
[2019.10.28-05.00.34:874][  0]LogDerivedDataCache: FDerivedDataBackendGraph:  CompressedPak pak cache file C:/Users/st/Documents/GitHub/FastFood_1028_1045/DerivedDataCache/Compressed.ddp not found, will not use a pak cache.
[2019.10.28-05.00.34:874][  0]LogDerivedDataCache: Unable to find inner node CompressedPak for hierarchical cache Hierarchy.
[2019.10.28-05.00.34:885][  0]LogDerivedDataCache: Display: Pak cache opened for reading ../../../Engine/DerivedDataCache/Compressed.ddp.
[2019.10.28-05.00.34:897][  0]LogDerivedDataCache: Using Local data cache path C:/Users/st/AppData/Local/UnrealEngine/Common/DerivedDataCache: Writable
[2019.10.28-05.00.34:897][  0]LogDerivedDataCache: Shared data cache path not found in *engine.ini, will not use an Shared cache.
[2019.10.28-05.00.34:897][  0]LogDerivedDataCache: Unable to find inner node Shared for hierarchical cache Hierarchy.
[2019.10.28-05.00.34:906][  0]LogMaterial: Verifying Global Shaders for PCD3D_SM5
[2019.10.28-05.00.34:906][  0]LogSlate: Using Freetype 2.6.0
[2019.10.28-05.00.34:906][  0]LogSlate: SlateFontCache - WITH_FREETYPE: 1, WITH_HARFBUZZ: 1
[2019.10.28-05.00.34:906][  0]LogSlate: SlateFontCache - WITH_FREETYPE: 1, WITH_HARFBUZZ: 1
[2019.10.28-05.00.34:992][  0]LogAssetRegistry: FAssetRegistry took 0.0255 seconds to start up
[2019.10.28-05.00.35:203][  0]LogInit: Selected Device Profile: [Windows]
[2019.10.28-05.00.35:307][  0]LogSimplygon: Simplygon DLL not present - disabling.
[2019.10.28-05.00.35:308][  0]LogMeshReduction: Using SimplygonSwarm for distributed automatic mesh merging
[2019.10.28-05.00.35:308][  0]LogMeshReduction: Using QuadricMeshReduction for automatic static mesh reduction
[2019.10.28-05.00.35:308][  0]LogMeshReduction: No automatic skeletal mesh reduction module available
[2019.10.28-05.00.35:308][  0]LogMeshReduction: No automatic mesh merging module available
[2019.10.28-05.00.35:308][  0]LogMeshMerging: No automatic mesh merging module available
[2019.10.28-05.00.35:330][  0]LogNetVersion: FastFood_1026 , NetCL: 3944462, EngineNetVer: 2, GameNetVer: 0 (Checksum: 1598029859)
[2019.10.28-05.00.35:641][  0]LogPackageLocalizationCache: Processed 9 localized package path(s) for 2 prioritized culture(s) in 0.048602 seconds
[2019.10.28-05.00.35:645][  0]LogUObjectArray: 36728 objects as part of root set at end of initial load.
[2019.10.28-05.00.35:645][  0]LogUObjectAllocator: 7314304 out of 0 bytes used by permanent object pool.
[2019.10.28-05.00.35:645][  0]LogUObjectArray: CloseDisregardForGC: 0/0 objects in disregard for GC pool
[2019.10.28-05.00.36:780][  0]LogTcpMessaging: Initializing TcpMessaging bridge
[2019.10.28-05.00.36:813][  0]LogUdpMessaging: Initializing bridge on interface 0.0.0.0:0 to multicast group 230.0.0.1:6666.
[2019.10.28-05.00.37:037][  0]SourceControl: 소스 콘트롤이 꺼졌습니다.
[2019.10.28-05.00.37:037][  0]SourceControl: 소스 콘트롤이 꺼졌습니다.
[2019.10.28-05.00.37:047][  0]SourceControl: 소스 콘트롤이 꺼졌습니다.
[2019.10.28-05.00.37:056][  0]SourceControl: 소스 콘트롤이 꺼졌습니다.
[2019.10.28-05.00.37:391][  0]LogAndroidPermission: UAndroidPermissionCallbackProxy::GetInstance
[2019.10.28-05.00.37:503][  0]LogOcInput: OculusInput pre-init called
[2019.10.28-05.00.37:578][  0]LogEngine: Initializing Engine...
[2019.10.28-05.00.37:579][  0]LogHMD: Failed to initialize OpenVR with code 110
[2019.10.28-05.00.37:580][  0]LogStats: UGameplayTagsManager::ConstructGameplayTagTree: Construct from data asset -  0.000 s
[2019.10.28-05.00.37:580][  0]LogStats: UGameplayTagsManager::ConstructGameplayTagTree: GameplayTagTreeChangedEvent.Broadcast -  0.000 s
[2019.10.28-05.00.37:736][  0]LogAIModule: Creating AISystem for world Untitled
[2019.10.28-05.00.37:761][  0]LogInit: XAudio2 using '헤드폰(Synaptics HD Audio)' : 2 channels at 48 kHz using 32 bits per sample (channel mask 0x3)
[2019.10.28-05.00.37:833][  0]LogInit: FAudioDevice initialized.
[2019.10.28-05.00.37:904][  0]LogDerivedDataCache: Saved boot cache 0.07s 74MB C:/Users/st/AppData/Local/UnrealEngine/4.19/DerivedDataCache/Boot.ddc.
[2019.10.28-05.00.37:916][  0]LogInit: Texture streaming: Enabled
[2019.10.28-05.00.37:927][  0]LogEngineSessionManager: EngineSessionManager initialized
[2019.10.28-05.00.37:927][  0]LogEngineSessionManager: EngineSessionManager sent abnormal shutdown report. Type=Crashed, SessionId={F55045CB-4E88-B867-B399-5196F1FE3C70}
[2019.10.28-05.00.37:943][  0]LogInit: Transaction tracking system initialized
[2019.10.28-05.00.37:958][  0]BlueprintLog: New page: 에디터 로드
[2019.10.28-05.00.38:004][  0]LocalizationService: 현지화 서비스가 비활성화되었습니다.
[2019.10.28-05.00.38:070][  0]LogConsoleResponse: Display: 
[2019.10.28-05.00.38:178][  0]LogCook: Display: Max memory allowance for cook 16384mb min free memory 0mb
[2019.10.28-05.00.38:178][  0]LogCook: Display: Mobile HDR setting 1
[2019.10.28-05.00.38:178][  0]LogGameplayTags: Display: UGameplayTagsManager::DoneAddingNativeTags. DelegateIsBound: 0
[2019.10.28-05.00.38:178][  0]LogStats: UGameplayTagsManager::ConstructGameplayTagTree: Construct from data asset -  0.000 s
[2019.10.28-05.00.38:178][  0]LogStats: UGameplayTagsManager::ConstructGameplayTagTree: GameplayTagTreeChangedEvent.Broadcast -  0.000 s
[2019.10.28-05.00.38:386][  0]LogFileCache: Scanning file cache for directory 'C:/Users/st/Documents/GitHub/FastFood_1028_1045/Content/' took 0.01s
[2019.10.28-05.00.38:387][  0]SourceControl: 소스 콘트롤이 꺼졌습니다.
[2019.10.28-05.00.38:482][  0]LogSlate: Took 0.001473 seconds to synchronously load lazily loaded font '../../../Engine/Content/Editor/Slate/Fonts/NanumGothic.ttf' (4243K)
[2019.10.28-05.00.38:482][  0]LogSlate: Took 0.000095 seconds to synchronously load lazily loaded font '../../../Engine/Content/Slate/Fonts/Roboto-Regular.ttf' (155K)
[2019.10.28-05.00.54:931][  0]LogSlate: Window '패키지 복원' being destroyed
[2019.10.28-05.00.54:933][  0]LogWindowsTextInputMethodSystem: Display: IME system now activated using TSF (Microsoft 입력기).
[2019.10.28-05.00.54:945][  0]LogWindowsTextInputMethodSystem: Display: IME system now activated using TSF (Microsoft 입력기).
[2019.10.28-05.00.56:319][  0]LogSlate: Window '소스 콘트롤에서 체크아웃할 수 없습니다!' being destroyed
[2019.10.28-05.00.56:321][  0]LogWindowsTextInputMethodSystem: Display: IME system now activated using TSF (Microsoft 입력기).
[2019.10.28-05.00.56:341][  0]LogWindowsTextInputMethodSystem: Display: IME system now activated using TSF (Microsoft 입력기).
[2019.10.28-05.00.56:342][  0]Cmd: MAP LOAD FILE="C:/Users/st/Documents/GitHub/FastFood_1028_1045/Content/FirstPersonBP/Maps/FirstPersonExampleMap.umap" TEMPLATE=0 SHOWPROGRESS=1 FEATURELEVEL=3
[2019.10.28-05.00.56:342][  0]LightingResults: New page: 라이팅 빌드
[2019.10.28-05.00.56:344][  0]MapCheck: New page: 맵 체크
[2019.10.28-05.00.56:344][  0]LightingResults: New page: 라이팅 빌드
[2019.10.28-05.00.56:382][  0]LogUObjectGlobals: Created PersistentFrame Addr=0x0000010c0a276f20, Size=72, Default__FirstPerson_AnimBP_C Function /Game/FirstPerson/Animations/FirstPerson_AnimBP.FirstPerson_AnimBP_C:ExecuteUbergraph_FirstPerson_AnimBP
[2019.10.28-05.00.56:388][  0]LogUObjectGlobals: Destroyed PersistentFrame Addr=0x0000010c0a276f20, Size=72
[2019.10.28-05.00.56:388][  0]LogUObjectGlobals: Created PersistentFrame Addr=0x0000010c11a73470, Size=72, Default__FirstPerson_AnimBP_C Function /Engine/Transient.REINST_FirstPerson_AnimBP_C_0:ExecuteUbergraph_FirstPerson_AnimBP
[2019.10.28-05.00.56:394][  0]LogUObjectGlobals: Created PersistentFrame Addr=0x0000010c11fd20c0, Size=72, Default__FirstPerson_AnimBP_C Function /Game/FirstPerson/Animations/FirstPerson_AnimBP.FirstPerson_AnimBP_C:ExecuteUbergraph_FirstPerson_AnimBP
[2019.10.28-05.00.56:404][  0]LogUObjectGlobals: Created PersistentFrame Addr=0x0000010c11f9d400, Size=256, Default__FirstPersonProjectile_C Function /Game/FirstPersonBP/Blueprints/FirstPersonProjectile.FirstPersonProjectile_C:ExecuteUbergraph_FirstPersonProjectile
[2019.10.28-05.00.56:407][  0]LogUObjectGlobals: Destroyed PersistentFrame Addr=0x0000010c11f9d400, Size=256
[2019.10.28-05.00.56:407][  0]LogUObjectGlobals: Created PersistentFrame Addr=0x0000010c11f9d400, Size=256, Default__FirstPersonProjectile_C Function /Engine/Transient.REINST_FirstPersonProjectile_C_4:ExecuteUbergraph_FirstPersonProjectile
[2019.10.28-05.00.56:409][  0]LogUObjectGlobals: Created PersistentFrame Addr=0x0000010c11f9ee00, Size=256, Default__FirstPersonProjectile_C Function /Game/FirstPersonBP/Blueprints/FirstPersonProjectile.FirstPersonProjectile_C:ExecuteUbergraph_FirstPersonProjectile
[2019.10.28-05.00.56:449][  0]LogUObjectGlobals: Created PersistentFrame Addr=0x0000010c00e26b00, Size=688, Default__FirstPersonCharacter_C Function /Game/FirstPersonBP/Blueprints/FirstPersonCharacter.FirstPersonCharacter_C:ExecuteUbergraph_FirstPersonCharacter
[2019.10.28-05.00.56:457][  0]LogUObjectGlobals: Destroyed PersistentFrame Addr=0x0000010c00e26b00, Size=688
[2019.10.28-05.00.56:457][  0]LogUObjectGlobals: Created PersistentFrame Addr=0x0000010c00e26b00, Size=688, Default__FirstPersonCharacter_C Function /Engine/Transient.REINST_FirstPersonCharacter_C_6:ExecuteUbergraph_FirstPersonCharacter
[2019.10.28-05.00.56:463][  0]LogUObjectGlobals: Created PersistentFrame Addr=0x0000010c00da6500, Size=688, Default__FirstPersonCharacter_C Function /Game/FirstPersonBP/Blueprints/FirstPersonCharacter.FirstPersonCharacter_C:ExecuteUbergraph_FirstPersonCharacter
[2019.10.28-05.00.56:535][  0]LogUObjectGlobals: Created PersistentFrame Addr=0x0000010c11f96b70, Size=104, Default__WB_10_AcNum_C Function /Game/ATM_pch/WB_10_AcNum.WB_10_AcNum_C:ExecuteUbergraph_WB_10_AcNum
[2019.10.28-05.00.56:544][  0]LogUObjectGlobals: Destroyed PersistentFrame Addr=0x0000010c11f96b70, Size=104
[2019.10.28-05.00.56:544][  0]LogUObjectGlobals: Created PersistentFrame Addr=0x0000010c11f96b70, Size=104, Default__WB_10_AcNum_C Function /Engine/Transient.REINST_WB_10_AcNum_C_1:ExecuteUbergraph_WB_10_AcNum
[2019.10.28-05.00.56:548][  0]LogUObjectGlobals: Created PersistentFrame Addr=0x0000010c00d2d130, Size=104, Default__WB_10_AcNum_C Function /Game/ATM_pch/WB_10_AcNum.WB_10_AcNum_C:ExecuteUbergraph_WB_10_AcNum
[2019.10.28-05.00.56:561][  0]LogUObjectGlobals: Created PersistentFrame Addr=0x0000010c26071d00, Size=312, Default__WD_Switcher_test_C Function /Game/ATM_pch/WD_Switcher_test.WD_Switcher_test_C:ExecuteUbergraph_WD_Switcher_test
[2019.10.28-05.00.56:612][  0]LogUObjectGlobals: Destroyed PersistentFrame Addr=0x0000010c26071d00, Size=312
[2019.10.28-05.00.56:612][  0]LogUObjectGlobals: Created PersistentFrame Addr=0x0000010c26071d00, Size=312, Default__WD_Switcher_test_C Function /Engine/Transient.REINST_WD_Switcher_test_C_2:ExecuteUbergraph_WD_Switcher_test
[2019.10.28-05.00.56:633][  0]LogUObjectGlobals: Created PersistentFrame Addr=0x0000010c2d55f9c0, Size=312, Default__WD_Switcher_test_C Function /Game/ATM_pch/WD_Switcher_test.WD_Switcher_test_C:ExecuteUbergraph_WD_Switcher_test
[2019.10.28-05.00.56:642][  0]LogUObjectGlobals: Created PersistentFrame Addr=0x0000010c2d5537e8, Size=52, Default__FirstPersonHUD_C Function /Game/FirstPersonBP/Blueprints/FirstPersonHUD.FirstPersonHUD_C:ExecuteUbergraph_FirstPersonHUD
[2019.10.28-05.00.56:644][  0]LogUObjectGlobals: Destroyed PersistentFrame Addr=0x0000010c2d5537e8, Size=52
[2019.10.28-05.00.56:644][  0]LogUObjectGlobals: Created PersistentFrame Addr=0x0000010c2d5537e8, Size=52, Default__FirstPersonHUD_C Function /Engine/Transient.REINST_FirstPersonHUD_C_17:ExecuteUbergraph_FirstPersonHUD
[2019.10.28-05.00.56:645][  0]LogUObjectGlobals: Created PersistentFrame Addr=0x0000010c2d553d28, Size=52, Default__FirstPersonHUD_C Function /Game/FirstPersonBP/Blueprints/FirstPersonHUD.FirstPersonHUD_C:ExecuteUbergraph_FirstPersonHUD
[2019.10.28-05.00.56:757][  0]LogSkeletalMesh: Skeletal Mesh found in DDC [2.525400ms] /Game/FirstPerson/FPWeapon/Mesh/SK_FPGun.SK_FPGun
[2019.10.28-05.00.56:822][  0]LogSkeletalMesh: Skeletal Mesh found in DDC [4.721800ms] /Game/FirstPerson/Character/Mesh/SK_Mannequin_Arms.SK_Mannequin_Arms
[2019.10.28-05.00.56:915][  0]LogAIModule: Creating AISystem for world FirstPersonExampleMap
[2019.10.28-05.00.56:937][  0]LogSlate: New Slate User Created.  User Index 8, Is Virtual User: 1
[2019.10.28-05.00.56:937][  0]LogSlate: Slate User Registered.  User Index 8, Is Virtual User: 1
[2019.10.28-05.00.56:963][  0]LogEditorServer: Finished looking for orphan Actors (0.000 secs)
[2019.10.28-05.00.56:974][  0]LogUObjectGlobals: Destroyed PersistentFrame Addr=0x0000010c11a73470, Size=72
[2019.10.28-05.00.56:974][  0]LogUObjectGlobals: Destroyed PersistentFrame Addr=0x0000010c11f9d400, Size=256
[2019.10.28-05.00.56:974][  0]LogUObjectGlobals: Destroyed PersistentFrame Addr=0x0000010c00e26b00, Size=688
[2019.10.28-05.00.56:974][  0]LogUObjectGlobals: Destroyed PersistentFrame Addr=0x0000010c11f96b70, Size=104
[2019.10.28-05.00.56:975][  0]LogUObjectGlobals: Destroyed PersistentFrame Addr=0x0000010c26071d00, Size=312
[2019.10.28-05.00.56:975][  0]LogUObjectGlobals: Destroyed PersistentFrame Addr=0x0000010c2d5537e8, Size=52
[2019.10.28-05.00.56:977][  0]Cmd: MAP CHECKDEP NOCLEARLOG
[2019.10.28-05.00.57:012][  0]MapCheck: 맵 체크 완료: 오류 0 회, 경고 0 회, 소요 시간 35.166ms.
[2019.10.28-05.00.57:012][  0]LogFileHelpers: Loading map 'FirstPersonExampleMap' took 0.671
[2019.10.28-05.00.57:105][  0]LogStats: Warning: MetaData mismatch. Did you assign a stat to two groups? New //STATGROUP_Threads//SplashScreenThread///Thread_ad5c_0///####STATCAT_Advanced#### old //STATGROUP_Threads//SplashScreenThread///Thread_c2d4_0///####STATCAT_Advanced####
[2019.10.28-05.00.57:105][  0]LogCollectionManager: Loaded 0 collections in 0.001064 seconds
[2019.10.28-05.00.57:144][  0]LogFileCache: Scanning file cache for directory 'C:/Users/st/Documents/GitHub/FastFood_1028_1045/Saved/Collections/' took 0.01s
[2019.10.28-05.00.57:144][  0]LogFileCache: Scanning file cache for directory 'C:/Users/st/Documents/GitHub/FastFood_1028_1045/Content/Developers/st/Collections/' took 0.01s
[2019.10.28-05.00.57:144][  0]LogFileCache: Scanning file cache for directory 'C:/Users/st/Documents/GitHub/FastFood_1028_1045/Content/Collections/' took 0.01s
[2019.10.28-05.00.57:144][  0]LogCollectionManager: Rebuilt the GUID cache for 0 collections in 0.000000 seconds
[2019.10.28-05.00.57:151][  0]LogContentBrowser: Native class hierarchy populated in 0.0065 seconds. Added 2452 classes and 558 folders.
[2019.10.28-05.00.57:157][  0]LogContentBrowser: Native class hierarchy updated for 'WidgetCarousel' in 0.0002 seconds. Added 0 classes and 0 folders.
[2019.10.28-05.00.57:338][  0]LogContentBrowser: Native class hierarchy updated for 'AddContentDialog' in 0.0002 seconds. Added 0 classes and 0 folders.
[2019.10.28-05.00.57:342][  0]LogContentBrowser: Native class hierarchy updated for 'SceneOutliner' in 0.0002 seconds. Added 1 classes and 2 folders.
[2019.10.28-05.00.57:415][  0]LogSlate: Took 0.004697 seconds to synchronously load lazily loaded font '../../../Engine/Content/Editor/Slate/Fonts/NanumGothicBold.ttf' (4188K)
[2019.10.28-05.00.57:415][  0]LogSlate: Took 0.000104 seconds to synchronously load lazily loaded font '../../../Engine/Content/Slate/Fonts/Roboto-Bold.ttf' (160K)
[2019.10.28-05.00.57:422][  0]LogSlate: Took 0.003645 seconds to synchronously load lazily loaded font '../../../Engine/Content/Editor/Slate/Fonts/FontAwesome.ttf' (139K)
[2019.10.28-05.00.57:569][  0]LogRenderer: Reallocating scene render targets to support 1156x600 Format 10 NumSamples 1 (Frame:1).
[2019.10.28-05.00.57:695][  0]LogContentBrowser: Native class hierarchy updated for 'HierarchicalLODOutliner' in 0.0002 seconds. Added 0 classes and 0 folders.
[2019.10.28-05.00.57:695][  0]LogLoad: (Engine Initialization) Total time: 26.33 seconds
[2019.10.28-05.00.57:695][  0]LogLoad: (Engine Initialization) Total Blueprint compile time: 0.00 seconds
[2019.10.28-05.00.57:724][  0]LogAssetRegistry: Asset discovery search completed in 22.7549 seconds
[2019.10.28-05.00.57:725][  0]LogCollectionManager: Rebuilt the object cache for 0 collections in 0.000000 seconds (found 0 objects)
[2019.10.28-05.00.57:725][  0]LogCollectionManager: Fixed up redirectors for 0 collections in 0.000052 seconds (updated 0 objects)
[2019.10.28-05.00.57:733][  0]LogContentStreaming: Texture pool size now 1000 MB
[2019.10.28-05.00.57:872][  0]LogSlate: Took 0.004218 seconds to synchronously load lazily loaded font '../../../Engine/Content/Slate/Fonts/Roboto-Light.ttf' (167K)
[2019.10.28-05.00.58:719][ 87]LogSlate: Took 0.000136 seconds to synchronously load lazily loaded font '../../../Engine/Content/Slate/Fonts/Roboto-Light.ttf' (167K)
[2019.10.28-05.01.00:992][356]LogSlate: FSceneViewport::OnFocusLost() reason 0
[2019.10.28-05.01.01:309][367]LogContentBrowser: Native class hierarchy updated for 'BlueprintGraph' in 0.0004 seconds. Added 116 classes and 0 folders.
[2019.10.28-05.01.01:517][367]LogUObjectGlobals: Created PersistentFrame Addr=0x0000010c77feeb38, Size=4, Default__SKEL_PROTO_BP_AnimBlueprint_0_C Function /Engine/Transient.SKEL_PROTO_BP_AnimBlueprint_0_C:ExecuteUbergraph_PROTO_BP_AnimBlueprint_0
[2019.10.28-05.01.01:517][367]LogUObjectGlobals: Created PersistentFrame Addr=0x0000010c77feeb00, Size=4, Default__PROTO_BP_AnimBlueprint_0_C Function /Engine/Transient.PROTO_BP_AnimBlueprint_0_C:ExecuteUbergraph_PROTO_BP_AnimBlueprint_0
[2019.10.28-05.01.02:500][367]LogUObjectGlobals: Created PersistentFrame Addr=0x0000010c9c51efa8, Size=4, Default__WB_01_Main_C Function /Game/ATM_pch/WB_01_Main.WB_01_Main_C:ExecuteUbergraph_WB_01_Main
[2019.10.28-05.01.02:506][367]LogUObjectGlobals: Destroyed PersistentFrame Addr=0x0000010c9c51efa8, Size=4
[2019.10.28-05.01.02:506][367]LogUObjectGlobals: Created PersistentFrame Addr=0x0000010c9c51efa8, Size=4, Default__WB_01_Main_C Function /Engine/Transient.REINST_WB_01_Main_C_5:ExecuteUbergraph_WB_01_Main
[2019.10.28-05.01.02:509][367]LogUObjectGlobals: Created PersistentFrame Addr=0x0000010c9c51e958, Size=4, Default__WB_01_Main_C Function /Game/ATM_pch/WB_01_Main.WB_01_Main_C:ExecuteUbergraph_WB_01_Main
[2019.10.28-05.01.02:963][367]LogSlate: Took 0.003135 seconds to synchronously load lazily loaded font '../../../Engine/Content/Slate/Fonts/Roboto-BoldCondensed.ttf' (158K)
[2019.10.28-05.01.03:175][368]LogSlate: Took 0.000138 seconds to synchronously load lazily loaded font '../../../Engine/Content/Slate/Fonts/Roboto-Italic.ttf' (157K)
[2019.10.28-05.01.07:524][866]LogConsoleManager: Warning: Performance warning: Console object named 'r.DebugSafeZone.Mode' shows many (500) FindConsoleObject() calls (consider caching e.g. using static)
[2019.10.28-05.04.41:777][744]LogSlate: Took 0.001446 seconds to synchronously load lazily loaded font '../../../Engine/Content/Slate/Fonts/../../Editor/Slate/Fonts/NanumGothic.ttf' (4243K)
[2019.10.28-05.05.15:642][930]LogUObjectGlobals: Destroyed PersistentFrame Addr=0x0000010c9c51efa8, Size=4
[2019.10.28-05.05.16:940][930]LogSlate: Window '콘텐츠 저장' being destroyed
[2019.10.28-05.05.16:958][930]Cmd: OBJ SAVEPACKAGE PACKAGE="/Game/ATM_pch/WB_01_Main" FILE="C:/Users/st/Documents/GitHub/FastFood_1028_1045/Content/ATM_pch/WB_01_Main.uasset" SILENT=true
[2019.10.28-05.05.16:990][930]LogSavePackage: Save=21.30ms
[2019.10.28-05.05.16:990][930]LogSavePackage: Moving 'C:/Users/st/Documents/GitHub/FastFood_1028_1045/Saved/WB_01_Main4BEA4BEB41E21C00CB5FD18969B44496.tmp' to 'C:/Users/st/Documents/GitHub/FastFood_1028_1045/Content/ATM_pch/WB_01_Main.uasset'
[2019.10.28-05.05.16:994][930]LogSavePackage: Display: Finished SavePackage C:/Users/st/Documents/GitHub/FastFood_1028_1045/Content/ATM_pch/WB_01_Main.uasset
[2019.10.28-05.15.40:612][372]BlueprintLog: New page: WB_01_Main 컴파일
[2019.10.28-05.15.40:614][372]LogUObjectGlobals: Destroyed PersistentFrame Addr=0x0000010c9c51e958, Size=4
[2019.10.28-05.15.40:614][372]LogUObjectGlobals: Created PersistentFrame Addr=0x0000010cb4db9d60, Size=4, Default__WB_01_Main_C Function /Engine/Transient.REINST_WB_01_Main_C_8:ExecuteUbergraph_WB_01_Main
[2019.10.28-05.15.41:377][445]Cmd: OBJ SAVEPACKAGE PACKAGE="/Game/ATM_pch/WB_01_Main" FILE="C:/Users/st/Documents/GitHub/FastFood_1028_1045/Content/ATM_pch/WB_01_Main.uasset" SILENT=true
[2019.10.28-05.15.41:405][445]LogSavePackage: Save=19.16ms
[2019.10.28-05.15.41:405][445]LogSavePackage: Moving 'C:/Users/st/Documents/GitHub/FastFood_1028_1045/Saved/WB_01_Main45B220564572343BF7495B8D828816FA.tmp' to 'C:/Users/st/Documents/GitHub/FastFood_1028_1045/Content/ATM_pch/WB_01_Main.uasset'
[2019.10.28-05.15.41:406][445]LogSavePackage: Display: Finished SavePackage C:/Users/st/Documents/GitHub/FastFood_1028_1045/Content/ATM_pch/WB_01_Main.uasset
[2019.10.28-05.15.42:385][549]LogSlate: Window 'FirstPersonCharacter' being destroyed
[2019.10.28-05.15.42:389][549]LogSlate: Window 'FirstPersonCharacter' being destroyed
[2019.10.28-05.15.46:061][837]LogSlate: Window 'FastFood_1026 - 언리얼 에디터' being destroyed
[2019.10.28-05.15.46:063][837]LogWindowsTextInputMethodSystem: Display: IME system now activated using TSF (Microsoft 입력기).
[2019.10.28-05.15.46:238][838]Cmd: QUIT_EDITOR
[2019.10.28-05.15.46:289][838]LogSlate: Slate User Destroyed.  User Index 0, Is Virtual User: 0
[2019.10.28-05.15.46:289][838]LogSlate: Slate User Destroyed.  User Index 8, Is Virtual User: 1
[2019.10.28-05.15.46:289][838]LogExit: Preparing to exit.
[2019.10.28-05.15.47:327][838]LogExit: Editor shut down
[2019.10.28-05.15.47:329][838]LogExit: Transaction tracking system shut down
[2019.10.28-05.15.47:330][838]LogUObjectGlobals: Destroyed PersistentFrame Addr=0x0000010c11fd20c0, Size=72
[2019.10.28-05.15.47:330][838]LogUObjectGlobals: Destroyed PersistentFrame Addr=0x0000010c11f9ee00, Size=256
[2019.10.28-05.15.47:330][838]LogUObjectGlobals: Destroyed PersistentFrame Addr=0x0000010c00da6500, Size=688
[2019.10.28-05.15.47:330][838]LogUObjectGlobals: Destroyed PersistentFrame Addr=0x0000010c00d2d130, Size=104
[2019.10.28-05.15.47:331][838]LogUObjectGlobals: Destroyed PersistentFrame Addr=0x0000010c2d55f9c0, Size=312
[2019.10.28-05.15.47:331][838]LogUObjectGlobals: Destroyed PersistentFrame Addr=0x0000010c2d553d28, Size=52
[2019.10.28-05.15.47:333][838]LogUObjectGlobals: Destroyed PersistentFrame Addr=0x0000010c77feeb38, Size=4
[2019.10.28-05.15.47:333][838]LogUObjectGlobals: Destroyed PersistentFrame Addr=0x0000010c77feeb00, Size=4
[2019.10.28-05.15.47:334][838]LogUObjectGlobals: Destroyed PersistentFrame Addr=0x0000010cb4db9d60, Size=4
[2019.10.28-05.15.47:443][838]LogDirectoryWatcher: A directory notification for '../../../Engine/Content/' was aborted.
[2019.10.28-05.15.47:443][838]LogDirectoryWatcher: A directory notification for 'C:/Users/st/Documents/GitHub/FastFood_1028_1045/Content/' was aborted.
[2019.10.28-05.15.47:443][838]LogDirectoryWatcher: A directory notification for '../../Plugins/2D/Paper2D/Content/' was aborted.
[2019.10.28-05.15.47:443][838]LogDirectoryWatcher: A directory notification for '../../Plugins/Enterprise/DatasmithContent/Content/' was aborted.
[2019.10.28-05.15.47:443][838]LogDirectoryWatcher: A directory notification for '../../Plugins/Media/MediaCompositing/Content/' was aborted.
[2019.10.28-05.15.47:443][838]LogDirectoryWatcher: A directory notification for '../../Plugins/Runtime/AppleARKit/Content/' was aborted.
[2019.10.28-05.15.47:443][838]LogDirectoryWatcher: A directory notification for '../../Plugins/Runtime/Oculus/OculusVR/Content/' was aborted.
[2019.10.28-05.15.47:443][838]LogDirectoryWatcher: A directory notification for '../../Plugins/Runtime/Steam/SteamVR/Content/' was aborted.
[2019.10.28-05.15.47:510][838]LogExit: Object subsystem successfully closed.
[2019.10.28-05.15.47:529][838]LogShaderCompilers: Display: Shaders left to compile 0
[2019.10.28-05.15.47:536][838]LogD3D11RHI: Shutdown
[2019.10.28-05.15.47:536][838]LogD3D11RHI: CleanupD3DDevice
[2019.10.28-05.15.47:541][838]LogD3D11RHI: ~FD3D11DynamicRHI
[2019.10.28-05.15.47:557][838]LogModuleManager: Shutting down and abandoning module SequencerWidgets (578)
[2019.10.28-05.15.47:557][838]LogModuleManager: Shutting down and abandoning module BlueprintGraph (576)
[2019.10.28-05.15.47:557][838]LogModuleManager: Shutting down and abandoning module HierarchicalLODOutliner (574)
[2019.10.28-05.15.47:557][838]LogModuleManager: Shutting down and abandoning module SceneOutliner (572)
[2019.10.28-05.15.47:557][838]LogModuleManager: Shutting down and abandoning module AddContentDialog (570)
[2019.10.28-05.15.47:557][838]LogDirectoryWatcher: A directory notification for 'D:/Lecture/Unreal/UE_4.19/FeaturePacks/' was aborted.
[2019.10.28-05.15.47:558][838]LogModuleManager: Shutting down and abandoning module WidgetCarousel (569)
[2019.10.28-05.15.47:558][838]LogModuleManager: Shutting down and abandoning module EditorWidgets (566)
[2019.10.28-05.15.47:558][838]LogModuleManager: Shutting down and abandoning module CollectionManager (564)
[2019.10.28-05.15.47:558][838]LogDirectoryWatcher: A directory notification for 'C:/Users/st/Documents/GitHub/FastFood_1028_1045/Content/Collections/' was aborted.
[2019.10.28-05.15.47:558][838]LogDirectoryWatcher: A directory notification for 'C:/Users/st/Documents/GitHub/FastFood_1028_1045/Content/Developers/st/Collections/' was aborted.
[2019.10.28-05.15.47:558][838]LogDirectoryWatcher: A directory notification for 'C:/Users/st/Documents/GitHub/FastFood_1028_1045/Saved/Collections/' was aborted.
[2019.10.28-05.15.47:558][838]LogModuleManager: Shutting down and abandoning module StatsViewer (562)
[2019.10.28-05.15.47:558][838]LogModuleManager: Shutting down and abandoning module FoliageEdit (560)
[2019.10.28-05.15.47:558][838]LogModuleManager: Shutting down and abandoning module LandscapeEditor (558)
[2019.10.28-05.15.47:558][838]LogModuleManager: Shutting down and abandoning module MeshPaintMode (556)
[2019.10.28-05.15.47:558][838]LogModuleManager: Shutting down and abandoning module SceneDepthPickerMode (554)
[2019.10.28-05.15.47:558][838]LogModuleManager: Shutting down and abandoning module ActorPickerMode (552)
[2019.10.28-05.15.47:558][838]LogModuleManager: Shutting down and abandoning module GeometryMode (550)
[2019.10.28-05.15.47:558][838]LogModuleManager: Shutting down and abandoning module TextureAlignMode (548)
[2019.10.28-05.15.47:558][838]LogModuleManager: Shutting down and abandoning module BspMode (546)
[2019.10.28-05.15.47:558][838]LogModuleManager: Shutting down and abandoning module PIEPreviewDeviceProfileSelector (544)
[2019.10.28-05.15.47:558][838]LogModuleManager: Shutting down and abandoning module HardwareSurvey (542)
[2019.10.28-05.15.47:558][838]LogModuleManager: Shutting down and abandoning module SequenceRecorderSections (540)
[2019.10.28-05.15.47:558][838]LogModuleManager: Shutting down and abandoning module AutomationWorker (538)
[2019.10.28-05.15.47:558][838]LogModuleManager: Shutting down and abandoning module AudioCaptureEditor (536)
[2019.10.28-05.15.47:558][838]LogModuleManager: Shutting down and abandoning module SequenceRecorder (535)
[2019.10.28-05.15.47:558][838]LogModuleManager: Shutting down and abandoning module MatineeToLevelSequence (532)
[2019.10.28-05.15.47:558][838]LogModuleManager: Shutting down and abandoning module LevelSequenceEditor (530)
[2019.10.28-05.15.47:558][838]LogModuleManager: Shutting down and abandoning module PlacementMode (529)
[2019.10.28-05.15.47:558][838]LogModuleManager: Shutting down and abandoning module MaterialEditor (528)
[2019.10.28-05.15.47:558][838]LogModuleManager: Shutting down and abandoning module WmfMediaFactory (524)
[2019.10.28-05.15.47:558][838]LogModuleManager: Shutting down and abandoning module WmfMediaEditor (522)
[2019.10.28-05.15.47:558][838]LogModuleManager: Shutting down and abandoning module MediaPlayerEditor (520)
[2019.10.28-05.15.47:558][838]LogModuleManager: Shutting down and abandoning module OpenExrWrapper (518)
[2019.10.28-05.15.47:558][838]LogModuleManager: Shutting down and abandoning module ImgMediaFactory (516)
[2019.10.28-05.15.47:558][838]LogModuleManager: Shutting down and abandoning module ImgMediaEditor (514)
[2019.10.28-05.15.47:558][838]LogModuleManager: Shutting down and abandoning module AvfMediaFactory (512)
[2019.10.28-05.15.47:559][838]LogModuleManager: Shutting down and abandoning module AvfMediaEditor (510)
[2019.10.28-05.15.47:559][838]LogModuleManager: Shutting down and abandoning module AndroidMediaFactory (508)
[2019.10.28-05.15.47:559][838]LogModuleManager: Shutting down and abandoning module AndroidMediaEditor (506)
[2019.10.28-05.15.47:559][838]LogModuleManager: Shutting down and abandoning module CharacterAI (504)
[2019.10.28-05.15.47:559][838]LogModuleManager: Shutting down and abandoning module SmartSnapping (502)
[2019.10.28-05.15.47:559][838]LogModuleManager: Shutting down and abandoning module SessionServices (500)
[2019.10.28-05.15.47:559][838]LogModuleManager: Shutting down and abandoning module ViewportSnapping (498)
[2019.10.28-05.15.47:559][838]LogModuleManager: Shutting down and abandoning module ViewportInteraction (496)
[2019.10.28-05.15.47:559][838]LogModuleManager: Shutting down and abandoning module ClothPainter (494)
[2019.10.28-05.15.47:559][838]LogModuleManager: Shutting down and abandoning module SkeletalMeshEditor (493)
[2019.10.28-05.15.47:559][838]LogModuleManager: Shutting down and abandoning module LogVisualizer (490)
[2019.10.28-05.15.47:559][838]LogModuleManager: Shutting down and abandoning module IntroTutorials (488)
[2019.10.28-05.15.47:559][838]LogModuleManager: Shutting down and abandoning module GameProjectGeneration (487)
[2019.10.28-05.15.47:559][838]LogModuleManager: Shutting down and abandoning module IOSPlatformEditor (484)
[2019.10.28-05.15.47:559][838]LogModuleManager: Shutting down and abandoning module HTML5PlatformEditor (482)
[2019.10.28-05.15.47:559][838]LogModuleManager: Shutting down and abandoning module AndroidPlatformEditor (480)
[2019.10.28-05.15.47:559][838]LogModuleManager: Shutting down and abandoning module AndroidDeviceDetection (479)
[2019.10.28-05.15.47:563][838]LogModuleManager: Shutting down and abandoning module WindowsPlatformEditor (476)
[2019.10.28-05.15.47:563][838]LogModuleManager: Shutting down and abandoning module IOSRuntimeSettings (474)
[2019.10.28-05.15.47:563][838]LogModuleManager: Shutting down and abandoning module AndroidRuntimeSettings (472)
[2019.10.28-05.15.47:563][838]LogModuleManager: Shutting down and abandoning module InputBindingEditor (470)
[2019.10.28-05.15.47:564][838]LogModuleManager: Shutting down and abandoning module MergeActors (468)
[2019.10.28-05.15.47:564][838]LogModuleManager: Shutting down and abandoning module LocalizationDashboard (466)
[2019.10.28-05.15.47:564][838]LogModuleManager: Shutting down and abandoning module LocalizationService (465)
[2019.10.28-05.15.47:564][838]LogModuleManager: Shutting down and abandoning module HardwareTargeting (462)
[2019.10.28-05.15.47:564][838]LogModuleManager: Shutting down and abandoning module DeviceProfileEditor (460)
[2019.10.28-05.15.47:564][838]LogModuleManager: Shutting down and abandoning module UndoHistory (458)
[2019.10.28-05.15.47:564][838]LogModuleManager: Shutting down and abandoning module XmlParser (456)
[2019.10.28-05.15.47:564][838]LogModuleManager: Shutting down and abandoning module Blutility (454)
[2019.10.28-05.15.47:564][838]LogModuleManager: Shutting down and abandoning module ProjectSettingsViewer (452)
[2019.10.28-05.15.47:564][838]LogModuleManager: Shutting down and abandoning module ProjectTargetPlatformEditor (451)
[2019.10.28-05.15.47:564][838]LogModuleManager: Shutting down and abandoning module EditorSettingsViewer (448)
[2019.10.28-05.15.47:564][838]LogModuleManager: Shutting down and abandoning module SettingsEditor (446)
[2019.10.28-05.15.47:564][838]LogModuleManager: Shutting down and abandoning module ProjectLauncher (444)
[2019.10.28-05.15.47:564][838]LogModuleManager: Shutting down and abandoning module SessionFrontend (442)
[2019.10.28-05.15.47:564][838]LogModuleManager: Shutting down and abandoning module ProfilerClient (440)
[2019.10.28-05.15.47:564][838]LogModuleManager: Shutting down and abandoning module DeviceManager (438)
[2019.10.28-05.15.47:564][838]LogModuleManager: Shutting down and abandoning module TargetDeviceServices (437)
[2019.10.28-05.15.47:617][838]LogModuleManager: Shutting down and abandoning module AutomationController (434)
[2019.10.28-05.15.47:617][838]LogModuleManager: Shutting down and abandoning module AutomationWindow (432)
[2019.10.28-05.15.47:617][838]LogModuleManager: Shutting down and abandoning module Layers (430)
[2019.10.28-05.15.47:617][838]LogModuleManager: Shutting down and abandoning module ComponentVisualizers (428)
[2019.10.28-05.15.47:617][838]LogModuleManager: Shutting down and abandoning module DetailCustomizations (426)
[2019.10.28-05.15.47:617][838]LogModuleManager: Shutting down and abandoning module PackagesDialog (424)
[2019.10.28-05.15.47:618][838]LogModuleManager: Shutting down and abandoning module Persona (422)
[2019.10.28-05.15.47:618][838]LogModuleManager: Shutting down and abandoning module AdvancedPreviewScene (421)
[2019.10.28-05.15.47:618][838]LogModuleManager: Shutting down and abandoning module AnimGraph (419)
[2019.10.28-05.15.47:618][838]LogModuleManager: Shutting down and abandoning module Kismet (416)
[2019.10.28-05.15.47:631][838]LogModuleManager: Shutting down and abandoning module GraphEditor (414)
[2019.10.28-05.15.47:631][838]LogModuleManager: Shutting down and abandoning module ClassViewer (412)
[2019.10.28-05.15.47:631][838]LogModuleManager: Shutting down and abandoning module Toolbox (410)
[2019.10.28-05.15.47:631][838]LogModuleManager: Shutting down and abandoning module ModuleUI (408)
[2019.10.28-05.15.47:631][838]LogModuleManager: Shutting down and abandoning module MovieSceneTools (406)
[2019.10.28-05.15.47:632][838]LogModuleManager: Shutting down and abandoning module OutputLog (404)
[2019.10.28-05.15.47:632][838]LogModuleManager: Shutting down and abandoning module GammaUI (402)
[2019.10.28-05.15.47:632][838]LogModuleManager: Shutting down and abandoning module Documentation (400)
[2019.10.28-05.15.47:632][838]LogModuleManager: Shutting down and abandoning module MovieSceneTracks (398)
[2019.10.28-05.15.47:632][838]LogModuleManager: Shutting down and abandoning module MovieScene (396)
[2019.10.28-05.15.47:632][838]LogModuleManager: Shutting down and abandoning module StreamingPauseRendering (394)
[2019.10.28-05.15.47:632][838]LogModuleManager: Shutting down and abandoning module LauncherPlatform (392)
[2019.10.28-05.15.47:632][838]LogModuleManager: Shutting down and abandoning module AnalyticsET (390)
[2019.10.28-05.15.47:632][838]LogModuleManager: Shutting down and abandoning module PortalServices (388)
[2019.10.28-05.15.47:632][838]LogModuleManager: Shutting down and abandoning module PortalRpc (386)
[2019.10.28-05.15.47:632][838]LogModuleManager: Shutting down and abandoning module MessagingRpc (384)
[2019.10.28-05.15.47:632][838]LogModuleManager: Shutting down and abandoning module AIModule (382)
[2019.10.28-05.15.47:632][838]LogModuleManager: Shutting down and abandoning module GameplayDebugger (381)
[2019.10.28-05.15.47:632][838]LogModuleManager: Shutting down and abandoning module AITestSuite (379)
[2019.10.28-05.15.47:633][838]LogModuleManager: Shutting down and abandoning module DesktopPlatform (376)
[2019.10.28-05.15.47:633][838]LogModuleManager: Shutting down and abandoning module ProfilerService (374)
[2019.10.28-05.15.47:794][838]LogModuleManager: Shutting down and abandoning module TaskGraph (372)
[2019.10.28-05.15.47:794][838]LogModuleManager: Shutting down and abandoning module SteamVRController (370)
[2019.10.28-05.15.47:794][838]LogModuleManager: Shutting down and abandoning module ProceduralMeshComponentEditor (368)
[2019.10.28-05.15.47:794][838]LogModuleManager: Shutting down and abandoning module ProceduralMeshComponent (366)
[2019.10.28-05.15.47:794][838]LogModuleManager: Shutting down and abandoning module OculusInput (364)
[2019.10.28-05.15.47:794][838]LogModuleManager: Shutting down and abandoning module MobilePatchingUtils (362)
[2019.10.28-05.15.47:794][838]LogModuleManager: Shutting down and abandoning module CustomMeshComponent (360)
[2019.10.28-05.15.47:794][838]LogModuleManager: Shutting down and abandoning module CableComponent (358)
[2019.10.28-05.15.47:794][838]LogModuleManager: Shutting down and abandoning module AudioCapture (356)
[2019.10.28-05.15.47:794][838]LogModuleManager: Shutting down and abandoning module ArchVisCharacter (354)
[2019.10.28-05.15.47:794][838]LogModuleManager: Shutting down and abandoning module AndroidPermission (352)
[2019.10.28-05.15.47:794][838]LogModuleManager: Shutting down and abandoning module NUTUnrealEngine4 (348)
[2019.10.28-05.15.47:795][838]LogModuleManager: Shutting down and abandoning module NetcodeUnitTest (346)
[2019.10.28-05.15.47:795][838]LogModuleManager: Shutting down and abandoning module MediaCompositingEditor (344)
[2019.10.28-05.15.47:795][838]LogModuleManager: Shutting down and abandoning module MediaCompositing (342)
[2019.10.28-05.15.47:795][838]LogModuleManager: Shutting down and abandoning module LinearTimecode (340)
[2019.10.28-05.15.47:795][838]LogModuleManager: Shutting down and abandoning module ImgMedia (338)
[2019.10.28-05.15.47:806][838]LogModuleManager: Shutting down and abandoning module HTML5Networking (336)
[2019.10.28-05.15.47:806][838]LogModuleManager: Shutting down and abandoning module AlembicImporter (334)
[2019.10.28-05.15.47:806][838]LogModuleManager: Shutting down and abandoning module AlembicLibrary (333)
[2019.10.28-05.15.47:806][838]LogModuleManager: Shutting down and abandoning module GeometryCache (332)
[2019.10.28-05.15.47:806][838]LogModuleManager: Shutting down and abandoning module GeometryCacheEd (331)
[2019.10.28-05.15.47:806][838]LogModuleManager: Shutting down and abandoning module DatasmithContent (326)
[2019.10.28-05.15.47:807][838]LogModuleManager: Shutting down and abandoning module SpeedTreeImporter (324)
[2019.10.28-05.15.47:807][838]LogModuleManager: Shutting down and abandoning module PluginBrowser (322)
[2019.10.28-05.15.47:807][838]LogModuleManager: Shutting down and abandoning module MobileLauncherProfileWizard (320)
[2019.10.28-05.15.47:807][838]LogModuleManager: Shutting down and abandoning module CryptoKeysOpenSSL (318)
[2019.10.28-05.15.47:807][838]LogModuleManager: Shutting down and abandoning module CryptoKeys (316)
[2019.10.28-05.15.47:807][838]LogModuleManager: Shutting down and abandoning module VisualStudioSourceCodeAccess (314)
[2019.10.28-05.15.47:807][838]LogModuleManager: Shutting down and abandoning module VisualStudioCodeSourceCodeAccess (312)
[2019.10.28-05.15.47:807][838]LogModuleManager: Shutting down and abandoning module UObjectPlugin (310)
[2019.10.28-05.15.47:807][838]LogModuleManager: Shutting down and abandoning module SubversionSourceControl (308)
[2019.10.28-05.15.47:807][838]LogModuleManager: Shutting down and abandoning module PerforceSourceControl (306)
[2019.10.28-05.15.47:808][838]LogModuleManager: Shutting down and abandoning module GitSourceControl (304)
[2019.10.28-05.15.47:808][838]LogModuleManager: Shutting down and abandoning module SourceControl (303)
[2019.10.28-05.15.47:808][838]LogModuleManager: Shutting down and abandoning module CLionSourceCodeAccess (300)
[2019.10.28-05.15.47:808][838]LogModuleManager: Shutting down and abandoning module LightPropagationVolumeEditor (298)
[2019.10.28-05.15.47:808][838]LogModuleManager: Shutting down and abandoning module PaperTiledImporter (296)
[2019.10.28-05.15.47:808][838]LogModuleManager: Shutting down and abandoning module PaperSpriteSheetImporter (294)
[2019.10.28-05.15.47:808][838]LogModuleManager: Shutting down and abandoning module Paper2DEditor (292)
[2019.10.28-05.15.47:808][838]LogModuleManager: Shutting down and abandoning module MeshPaint (291)
[2019.10.28-05.15.47:808][838]LogModuleManager: Shutting down and abandoning module RuntimePhysXCooking (288)
[2019.10.28-05.15.47:809][838]LogModuleManager: Shutting down and abandoning module PhysXVehiclesEditor (286)
[2019.10.28-05.15.47:809][838]LogModuleManager: Shutting down and abandoning module PhysXVehicles (284)
[2019.10.28-05.15.47:809][838]LogModuleManager: Shutting down and abandoning module OculusEditor (282)
[2019.10.28-05.15.47:809][838]LogModuleManager: Shutting down and abandoning module LocationServicesBPLibrary (280)
[2019.10.28-05.15.47:809][838]LogModuleManager: Shutting down and abandoning module ImmediatePhysicsEditor (278)
[2019.10.28-05.15.47:809][838]LogModuleManager: Shutting down and abandoning module ImmediatePhysics (276)
[2019.10.28-05.15.47:809][838]LogModuleManager: Shutting down and abandoning module ActorSequence (274)
[2019.10.28-05.15.47:809][838]LogModuleManager: Shutting down and abandoning module UdpMessaging (272)
[2019.10.28-05.15.47:910][838]LogModuleManager: Shutting down and abandoning module TcpMessaging (270)
[2019.10.28-05.15.48:011][838]LogModuleManager: Shutting down and abandoning module GameplayTagsEditor (268)
[2019.10.28-05.15.48:011][838]LogModuleManager: Shutting down and abandoning module FacialAnimationEditor (266)
[2019.10.28-05.15.48:011][838]LogModuleManager: Shutting down and abandoning module FacialAnimation (264)
[2019.10.28-05.15.48:011][838]LogModuleManager: Shutting down and abandoning module DataValidation (262)
[2019.10.28-05.15.48:011][838]LogModuleManager: Shutting down and abandoning module AssetManagerEditor (260)
[2019.10.28-05.15.48:011][838]LogModuleManager: Shutting down and abandoning module LevelEditor (259)
[2019.10.28-05.15.48:011][838]LogModuleManager: Shutting down and abandoning module PixelInspectorModule (258)
[2019.10.28-05.15.48:011][838]LogModuleManager: Shutting down and abandoning module CommonMenuExtensions (256)
[2019.10.28-05.15.48:011][838]LogModuleManager: Shutting down and abandoning module MainFrame (254)
[2019.10.28-05.15.48:011][838]LogModuleManager: Shutting down and abandoning module HotReload (253)
[2019.10.28-05.15.48:012][838]LogModuleManager: Shutting down and abandoning module ContentBrowser (249)
[2019.10.28-05.15.48:012][838]LogModuleManager: Shutting down and abandoning module TreeMap (247)
[2019.10.28-05.15.48:012][838]LogModuleManager: Shutting down and abandoning module LightPropagationVolumeRuntime (244)
[2019.10.28-05.15.48:012][838]LogModuleManager: Shutting down and abandoning module LiveLinkEditor (242)
[2019.10.28-05.15.48:012][838]LogModuleManager: Shutting down and abandoning module LiveLink (240)
[2019.10.28-05.15.48:108][838]LogModuleManager: Shutting down and abandoning module Paper2D (238)
[2019.10.28-05.15.48:108][838]LogModuleManager: Shutting down and abandoning module WindowsMoviePlayer (236)
[2019.10.28-05.15.48:108][838]LogModuleManager: Shutting down and abandoning module WmfMedia (234)
[2019.10.28-05.15.48:112][838]LogModuleManager: Shutting down and abandoning module Media (233)
[2019.10.28-05.15.48:119][838]LogModuleManager: Shutting down and abandoning module PacketHandler (230)
[2019.10.28-05.15.48:119][838]LogModuleManager: Shutting down and abandoning module ClothingSystemEditor (228)
[2019.10.28-05.15.48:119][838]LogModuleManager: Shutting down and abandoning module ClothingSystemRuntime (226)
[2019.10.28-05.15.48:119][838]LogModuleManager: Shutting down and abandoning module MediaAssets (224)
[2019.10.28-05.15.48:120][838]LogModuleManager: Shutting down and abandoning module Overlay (222)
[2019.10.28-05.15.48:120][838]LogModuleManager: Shutting down and abandoning module OverlayEditor (221)
[2019.10.28-05.15.48:120][838]LogModuleManager: Shutting down and abandoning module VREditor (218)
[2019.10.28-05.15.48:120][838]LogModuleManager: Shutting down and abandoning module StringTableEditor (216)
[2019.10.28-05.15.48:120][838]LogModuleManager: Shutting down and abandoning module GameplayTasksEditor (214)
[2019.10.28-05.15.48:120][838]LogModuleManager: Shutting down and abandoning module BehaviorTreeEditor (212)
[2019.10.28-05.15.48:120][838]LogModuleManager: Shutting down and abandoning module FunctionalTesting (210)
[2019.10.28-05.15.48:120][838]LogModuleManager: Shutting down and abandoning module CollisionAnalyzer (208)
[2019.10.28-05.15.48:120][838]LogModuleManager: Shutting down and abandoning module WorkspaceMenuStructure (207)
[2019.10.28-05.15.48:120][838]LogModuleManager: Shutting down and abandoning module UMG (204)
[2019.10.28-05.15.48:121][838]LogModuleManager: Shutting down and abandoning module UMGEditor (203)
[2019.10.28-05.15.48:121][838]LogModuleManager: Shutting down and abandoning module Sequencer (202)
[2019.10.28-05.15.48:121][838]LogModuleManager: Shutting down and abandoning module MessageLog (199)
[2019.10.28-05.15.48:121][838]LogModuleManager: Shutting down and abandoning module SlateReflector (194)
[2019.10.28-05.15.48:121][838]LogModuleManager: Shutting down and abandoning module Slate (192)
[2019.10.28-05.15.48:121][838]LogModuleManager: Shutting down and abandoning module EditorStyle (190)
[2019.10.28-05.15.48:125][838]LogModuleManager: Shutting down and abandoning module MRMesh (188)
[2019.10.28-05.15.48:125][838]LogModuleManager: Shutting down and abandoning module SourceCodeAccess (186)
[2019.10.28-05.15.48:125][838]LogModuleManager: Shutting down and abandoning module HeadMountedDisplay (184)
[2019.10.28-05.15.48:125][838]LogModuleManager: Shutting down and abandoning module XAudio2 (182)
[2019.10.28-05.15.48:125][838]LogModuleManager: Shutting down and abandoning module Networking (180)
[2019.10.28-05.15.48:125][838]LogModuleManager: Shutting down and abandoning module Core (178)
[2019.10.28-05.15.48:125][838]LogModuleManager: Shutting down and abandoning module LevelSequence (176)
[2019.10.28-05.15.48:125][838]LogModuleManager: Shutting down and abandoning module KismetCompiler (174)
[2019.10.28-05.15.48:125][838]LogModuleManager: Shutting down and abandoning module MeshUtilities (172)
[2019.10.28-05.15.48:125][838]LogModuleManager: Shutting down and abandoning module MeshMergeUtilities (171)
[2019.10.28-05.15.48:125][838]LogModuleManager: Shutting down and abandoning module MeshReductionInterface (170)
[2019.10.28-05.15.48:125][838]LogModuleManager: Shutting down and abandoning module SimplygonSwarm (169)
[2019.10.28-05.15.48:125][838]LogModuleManager: Shutting down and abandoning module SimplygonMeshReduction (167)
[2019.10.28-05.15.48:125][838]LogModuleManager: Shutting down and abandoning module QuadricMeshReduction (165)
[2019.10.28-05.15.48:125][838]LogModuleManager: Shutting down and abandoning module MaterialBaking (161)
[2019.10.28-05.15.48:125][838]LogModuleManager: Shutting down and abandoning module DirectoryWatcher (157)
[2019.10.28-05.15.48:126][838]LogModuleManager: Shutting down and abandoning module DerivedDataCache (154)
[2019.10.28-05.15.48:153][838]LogDerivedDataCache: Shutdown
[2019.10.28-05.15.48:153][838]LogModuleManager: Shutting down and abandoning module XGEController (152)
[2019.10.28-05.15.48:153][838]LogXGEController: Cleaning working directory: C:/Users/st/AppData/Local/Temp/UnrealXGEWorkingDir/
[2019.10.28-05.15.48:153][838]LogModuleManager: Shutting down and abandoning module TargetPlatform (150)
[2019.10.28-05.15.48:153][838]LogModuleManager: Shutting down and abandoning module VulkanShaderFormat (149)
[2019.10.28-05.15.48:153][838]LogModuleManager: Shutting down and abandoning module ShaderFormatVectorVM (147)
[2019.10.28-05.15.48:153][838]LogModuleManager: Shutting down and abandoning module ShaderFormatOpenGL (145)
[2019.10.28-05.15.48:153][838]LogModuleManager: Shutting down and abandoning module ShaderFormatD3D (143)
[2019.10.28-05.15.48:153][838]LogModuleManager: Shutting down and abandoning module MetalShaderFormat (141)
[2019.10.28-05.15.48:153][838]LogModuleManager: Shutting down and abandoning module TextureFormatUncompressed (139)
[2019.10.28-05.15.48:153][838]LogModuleManager: Shutting down and abandoning module TextureFormatPVR (137)
[2019.10.28-05.15.48:153][838]LogModuleManager: Shutting down and abandoning module TextureFormatDXT (135)
[2019.10.28-05.15.48:153][838]LogModuleManager: Shutting down and abandoning module TextureFormatIntelISPCTexComp (133)
[2019.10.28-05.15.48:154][838]LogModuleManager: Shutting down and abandoning module TextureFormatASTC (131)
[2019.10.28-05.15.48:154][838]LogModuleManager: Shutting down and abandoning module ImageWrapper (130)
[2019.10.28-05.15.48:154][838]LogModuleManager: Shutting down and abandoning module TextureFormatAndroid (127)
[2019.10.28-05.15.48:154][838]LogModuleManager: Shutting down and abandoning module AudioFormatOpus (125)
[2019.10.28-05.15.48:154][838]LogModuleManager: Shutting down and abandoning module AudioFormatOgg (123)
[2019.10.28-05.15.48:154][838]LogModuleManager: Shutting down and abandoning module AudioFormatADPCM (121)
[2019.10.28-05.15.48:154][838]LogModuleManager: Shutting down and abandoning module LinuxTargetPlatform (119)
[2019.10.28-05.15.48:154][838]LogModuleManager: Shutting down and abandoning module LinuxServerTargetPlatform (117)
[2019.10.28-05.15.48:154][838]LogModuleManager: Shutting down and abandoning module LinuxNoEditorTargetPlatform (115)
[2019.10.28-05.15.48:154][838]LogModuleManager: Shutting down and abandoning module LinuxClientTargetPlatform (113)
[2019.10.28-05.15.48:154][838]LogModuleManager: Shutting down and abandoning module TVOSTargetPlatform (111)
[2019.10.28-05.15.48:154][838]LogModuleManager: Shutting down and abandoning module Messaging (109)
[2019.10.28-05.15.48:154][838]LogModuleManager: Shutting down and abandoning module IOSTargetPlatform (107)
[2019.10.28-05.15.48:154][838]LogModuleManager: Shutting down and abandoning module HTML5TargetPlatform (105)
[2019.10.28-05.15.48:154][838]LogModuleManager: Shutting down and abandoning module AndroidTargetPlatform (103)
[2019.10.28-05.15.48:154][838]LogModuleManager: Shutting down and abandoning module Android_PVRTCTargetPlatform (101)
[2019.10.28-05.15.48:154][838]LogModuleManager: Shutting down and abandoning module Android_MultiTargetPlatform (99)
[2019.10.28-05.15.48:154][838]LogModuleManager: Shutting down and abandoning module Android_ETC2TargetPlatform (97)
[2019.10.28-05.15.48:154][838]LogModuleManager: Shutting down and abandoning module Android_ETC1TargetPlatform (95)
[2019.10.28-05.15.48:154][838]LogModuleManager: Shutting down and abandoning module Android_ETC1aTargetPlatform (93)
[2019.10.28-05.15.48:154][838]LogModuleManager: Shutting down and abandoning module Android_DXTTargetPlatform (91)
[2019.10.28-05.15.48:154][838]LogModuleManager: Shutting down and abandoning module Android_ATCTargetPlatform (89)
[2019.10.28-05.15.48:154][838]LogModuleManager: Shutting down and abandoning module Android_ASTCTargetPlatform (87)
[2019.10.28-05.15.48:154][838]LogModuleManager: Shutting down and abandoning module WindowsTargetPlatform (85)
[2019.10.28-05.15.48:154][838]LogModuleManager: Shutting down and abandoning module WindowsServerTargetPlatform (83)
[2019.10.28-05.15.48:154][838]LogModuleManager: Shutting down and abandoning module WindowsNoEditorTargetPlatform (81)
[2019.10.28-05.15.48:154][838]LogModuleManager: Shutting down and abandoning module WindowsClientTargetPlatform (79)
[2019.10.28-05.15.48:154][838]LogModuleManager: Shutting down and abandoning module MacTargetPlatform (77)
[2019.10.28-05.15.48:154][838]LogModuleManager: Shutting down and abandoning module MacServerTargetPlatform (75)
[2019.10.28-05.15.48:154][838]LogModuleManager: Shutting down and abandoning module MacNoEditorTargetPlatform (73)
[2019.10.28-05.15.48:154][838]LogModuleManager: Shutting down and abandoning module MacClientTargetPlatform (71)
[2019.10.28-05.15.48:154][838]LogModuleManager: Shutting down and abandoning module AllDesktopTargetPlatform (69)
[2019.10.28-05.15.48:154][838]LogModuleManager: Shutting down and abandoning module InputCore (66)
[2019.10.28-05.15.48:154][838]LogModuleManager: Shutting down and abandoning module Settings (64)
[2019.10.28-05.15.48:154][838]LogModuleManager: Shutting down and abandoning module PhysXCooking (62)
[2019.10.28-05.15.48:154][838]LogModuleManager: Shutting down and abandoning module SteamVR (60)
[2019.10.28-05.15.48:154][838]LogModuleManager: Shutting down and abandoning module OculusHMD (58)
[2019.10.28-05.15.48:154][838]LogModuleManager: Shutting down and abandoning module ExampleDeviceProfileSelector (56)
[2019.10.28-05.15.48:154][838]LogModuleManager: Shutting down and abandoning module AppleARKit (54)
[2019.10.28-05.15.48:154][838]LogModuleManager: Shutting down and abandoning module AugmentedReality (51)
[2019.10.28-05.15.48:154][838]LogModuleManager: Shutting down and abandoning module OnlineBlueprintSupport (48)
[2019.10.28-05.15.48:154][838]LogModuleManager: Shutting down and abandoning module OnlineSubsystem (44)
[2019.10.28-05.15.48:154][838]LogModuleManager: Shutting down and abandoning module XMPP (43)
[2019.10.28-05.15.48:155][838]LogModuleManager: Shutting down and abandoning module HTTP (41)
[2019.10.28-05.15.48:155][838]LogHttp: Display: Http module shutting down, but needs to wait on 1 outstanding Http requests:
[2019.10.28-05.15.48:155][838]LogHttp: Display: 	verb=[POST] url=[https://datarouter.ol.epicgames.com/datarouter/api/v1/public/data?SessionID=%7B65BD4ED6-4FCC-978F-052E-C18AFFF8CA27%7D&AppID=UEEditor.Rocket.Release&AppVersion=4.19.2-4033788%2B%2B%2BUE4%2BRelease-4.19&UserID=89376ff14a2daa48c955188ecb0fa335%7Cfe6460f039ba4a09851dc3e8529295fc%7C86f5d219-038b-4cc1-a3e3-10620ad7b20e&AppEnvironment=datacollector-binary&UploadType=eteventstream] status=Processing
[2019.10.28-05.15.48:178][838]LogModuleManager: Shutting down and abandoning module SSL (40)
[2019.10.28-05.15.48:178][838]LogModuleManager: Shutting down and abandoning module AnimationModifiers (36)
[2019.10.28-05.15.48:178][838]LogModuleManager: Shutting down and abandoning module PropertyEditor (35)
[2019.10.28-05.15.48:178][838]LogModuleManager: Shutting down and abandoning module AudioEditor (32)
[2019.10.28-05.15.48:178][838]LogModuleManager: Shutting down and abandoning module TextureCompressor (30)
[2019.10.28-05.15.48:178][838]LogModuleManager: Shutting down and abandoning module ShaderCore (28)
[2019.10.28-05.15.48:178][838]LogModuleManager: Shutting down and abandoning module Landscape (26)
[2019.10.28-05.15.48:178][838]LogModuleManager: Shutting down and abandoning module SlateRHIRenderer (24)
[2019.10.28-05.15.48:181][838]LogModuleManager: Shutting down and abandoning module OpenGLDrv (22)
[2019.10.28-05.15.48:181][838]LogModuleManager: Shutting down and abandoning module D3D11RHI (20)
[2019.10.28-05.15.48:181][838]LogModuleManager: Shutting down and abandoning module AnimGraphRuntime (18)
[2019.10.28-05.15.48:181][838]LogModuleManager: Shutting down and abandoning module Renderer (16)
[2019.10.28-05.15.48:181][838]LogModuleManager: Shutting down and abandoning module Engine (14)
[2019.10.28-05.15.48:181][838]LogModuleManager: Shutting down and abandoning module CoreUObject (12)
[2019.10.28-05.15.48:181][838]LogModuleManager: Shutting down and abandoning module NetworkFile (10)
[2019.10.28-05.15.48:181][838]LogModuleManager: Shutting down and abandoning module CookedIterativeFile (8)
[2019.10.28-05.15.48:181][838]LogModuleManager: Shutting down and abandoning module StreamingFile (6)
[2019.10.28-05.15.48:181][838]LogModuleManager: Shutting down and abandoning module SandboxFile (4)
[2019.10.28-05.15.48:181][838]LogModuleManager: Shutting down and abandoning module PakFile (2)
[2019.10.28-05.15.48:189][838]LogExit: Exiting.
[2019.10.28-05.15.48:202][838]Log file closed, 10/28/19 14:15:48
