Log file open, 10/30/19 20:02:20
LogWindows: Failed to load 'aqProf.dll' (GetLastError=126)
LogWindows: File 'aqProf.dll' does not exist
LogWindows: Failed to load 'VtuneApi.dll' (GetLastError=126)
LogWindows: File 'VtuneApi.dll' does not exist
LogWindows: Failed to load 'VtuneApi32e.dll' (GetLastError=126)
LogWindows: File 'VtuneApi32e.dll' does not exist
LogInit: Display: Running engine for game: FastFood_1026
LogPlatformFile: Not using cached read wrapper
LogInit: Display: RandInit(1298890771) SRandInit(1298890771).
LogInit: Read version file with build ID '3944462'
LogInit: Overriding engine version to CL 4033788, compatible CL 3944462
LogInit: Registered custom module enumerator with build ID '3944462'
LogTaskGraph: Started task graph with 5 named threads and 35 total threads with 3 sets of task threads.
LogStats: Stats thread started at 0.396219
LogD3D11RHI: Aftermath initialized
LogICUInternationalization: Display: ICU TimeZone Detection - Raw Offset: +9:00, Platform Override: ''
LogModuleManager: Display: Found up-to-date module file ../../../Engine/Plugins/Runtime/LeapMotion/Binaries/Win64/UE4Editor-LeapMotion.dll (API version 3944462).
LogModuleManager: Display: Found up-to-date module file ../../../Engine/Plugins/Marketplace/VaRestPlugin/Binaries/Win64/UE4Editor-VaRestPlugin.dll (API version 3944462).
LogModuleManager: Display: Found up-to-date module file ../../../Engine/Plugins/Marketplace/VaRestPlugin/Binaries/Win64/UE4Editor-VaRestEditorPlugin.dll (API version 3944462).
LogModuleManager: Display: Found up-to-date module file ../../../Engine/Plugins/2D/Paper2D/Binaries/Win64/UE4Editor-Paper2D.dll (API version 3944462).
LogModuleManager: Display: Found up-to-date module file ../../../Engine/Plugins/2D/Paper2D/Binaries/Win64/UE4Editor-Paper2DEditor.dll (API version 3944462).
LogModuleManager: Display: Found up-to-date module file ../../../Engine/Plugins/2D/Paper2D/Binaries/Win64/UE4Editor-PaperSpriteSheetImporter.dll (API version 3944462).
LogModuleManager: Display: Found up-to-date module file ../../../Engine/Plugins/2D/Paper2D/Binaries/Win64/UE4Editor-PaperTiledImporter.dll (API version 3944462).
LogModuleManager: Display: Found up-to-date module file ../../../Engine/Plugins/2D/Paper2D/Binaries/Win64/UE4Editor-SmartSnapping.dll (API version 3944462).
LogModuleManager: Display: Found up-to-date module file ../../../Engine/Plugins/Blendables/LightPropagationVolume/Binaries/Win64/UE4Editor-LightPropagationVolumeRuntime.dll (API version 3944462).
LogModuleManager: Display: Found up-to-date module file ../../../Engine/Plugins/Blendables/LightPropagationVolume/Binaries/Win64/UE4Editor-LightPropagationVolumeEditor.dll (API version 3944462).
LogModuleManager: Display: Found up-to-date module file ../../../Engine/Plugins/Developer/CLionSourceCodeAccess/Binaries/Win64/UE4Editor-CLionSourceCodeAccess.dll (API version 3944462).
LogModuleManager: Display: Found up-to-date module file ../../../Engine/Plugins/Developer/GitSourceControl/Binaries/Win64/UE4Editor-GitSourceControl.dll (API version 3944462).
LogModuleManager: Display: Found up-to-date module file ../../../Engine/Plugins/Developer/PerforceSourceControl/Binaries/Win64/UE4Editor-PerforceSourceControl.dll (API version 3944462).
LogModuleManager: Display: Found up-to-date module file ../../../Engine/Plugins/Developer/SubversionSourceControl/Binaries/Win64/UE4Editor-SubversionSourceControl.dll (API version 3944462).
LogModuleManager: Display: Found up-to-date module file ../../../Engine/Plugins/Developer/UObjectPlugin/Binaries/Win64/UE4Editor-UObjectPlugin.dll (API version 3944462).
LogModuleManager: Display: Found up-to-date module file ../../../Engine/Plugins/Developer/VisualStudioCodeSourceCodeAccess/Binaries/Win64/UE4Editor-VisualStudioCodeSourceCodeAccess.dll (API version 3944462).
LogModuleManager: Display: Found up-to-date module file ../../../Engine/Plugins/Developer/VisualStudioSourceCodeAccess/Binaries/Win64/UE4Editor-VisualStudioSourceCodeAccess.dll (API version 3944462).
LogModuleManager: Display: Found up-to-date module file ../../../Engine/Plugins/Editor/AssetManagerEditor/Binaries/Win64/UE4Editor-AssetManagerEditor.dll (API version 3944462).
LogModuleManager: Display: Found up-to-date module file ../../../Engine/Plugins/Editor/CryptoKeys/Binaries/Win64/UE4Editor-CryptoKeys.dll (API version 3944462).
LogModuleManager: Display: Found up-to-date module file ../../../Engine/Plugins/Editor/CryptoKeys/Binaries/Win64/UE4Editor-CryptoKeysOpenSSL.dll (API version 3944462).
LogModuleManager: Display: Found up-to-date module file ../../../Engine/Plugins/Editor/DataValidation/Binaries/Win64/UE4Editor-DataValidation.dll (API version 3944462).
LogModuleManager: Display: Found up-to-date module file ../../../Engine/Plugins/Editor/FacialAnimation/Binaries/Win64/UE4Editor-FacialAnimation.dll (API version 3944462).
LogModuleManager: Display: Found up-to-date module file ../../../Engine/Plugins/Editor/FacialAnimation/Binaries/Win64/UE4Editor-FacialAnimationEditor.dll (API version 3944462).
LogModuleManager: Display: Found up-to-date module file ../../../Engine/Plugins/Editor/GameplayTagsEditor/Binaries/Win64/UE4Editor-GameplayTagsEditor.dll (API version 3944462).
LogModuleManager: Display: Found up-to-date module file ../../../Engine/Plugins/Editor/MobileLauncherProfileWizard/Binaries/Win64/UE4Editor-MobileLauncherProfileWizard.dll (API version 3944462).
LogModuleManager: Display: Found up-to-date module file ../../../Engine/Plugins/Editor/PluginBrowser/Binaries/Win64/UE4Editor-PluginBrowser.dll (API version 3944462).
LogModuleManager: Display: Found up-to-date module file ../../../Engine/Plugins/Editor/SpeedTreeImporter/Binaries/Win64/UE4Editor-SpeedTreeImporter.dll (API version 3944462).
LogModuleManager: Display: Found up-to-date module file ../../../Engine/Plugins/Enterprise/DatasmithContent/Binaries/Win64/UE4Editor-DatasmithContent.dll (API version 3944462).
LogModuleManager: Display: Found up-to-date module file ../../../Engine/Plugins/Experimental/AlembicImporter/Binaries/Win64/UE4Editor-AlembicImporter.dll (API version 3944462).
LogModuleManager: Display: Found up-to-date module file ../../../Engine/Plugins/Experimental/AlembicImporter/Binaries/Win64/UE4Editor-AlembicLibrary.dll (API version 3944462).
LogModuleManager: Display: Found up-to-date module file ../../../Engine/Plugins/Experimental/CharacterAI/Binaries/Win64/UE4Editor-CharacterAI.dll (API version 3944462).
LogModuleManager: Display: Found up-to-date module file ../../../Engine/Plugins/Experimental/HTML5Networking/Binaries/Win64/UE4Editor-HTML5Networking.dll (API version 3944462).
LogModuleManager: Display: Found up-to-date module file ../../../Engine/Plugins/Media/AndroidMedia/Binaries/Win64/UE4Editor-AndroidMediaEditor.dll (API version 3944462).
LogModuleManager: Display: Found up-to-date module file ../../../Engine/Plugins/Media/AndroidMedia/Binaries/Win64/UE4Editor-AndroidMediaFactory.dll (API version 3944462).
LogModuleManager: Display: Found up-to-date module file ../../../Engine/Plugins/Media/AvfMedia/Binaries/Win64/UE4Editor-AvfMediaEditor.dll (API version 3944462).
LogModuleManager: Display: Found up-to-date module file ../../../Engine/Plugins/Media/AvfMedia/Binaries/Win64/UE4Editor-AvfMediaFactory.dll (API version 3944462).
LogModuleManager: Display: Found up-to-date module file ../../../Engine/Plugins/Media/AvfMedia/Binaries/Win64/UE4Editor-AvfMediaFactory.dll (API version 3944462).
LogModuleManager: Display: Found up-to-date module file ../../../Engine/Plugins/Media/ImgMedia/Binaries/Win64/UE4Editor-ImgMedia.dll (API version 3944462).
LogModuleManager: Display: Found up-to-date module file ../../../Engine/Plugins/Media/ImgMedia/Binaries/Win64/UE4Editor-ImgMediaEditor.dll (API version 3944462).
LogModuleManager: Display: Found up-to-date module file ../../../Engine/Plugins/Media/ImgMedia/Binaries/Win64/UE4Editor-ImgMediaFactory.dll (API version 3944462).
LogModuleManager: Display: Found up-to-date module file ../../../Engine/Plugins/Media/ImgMedia/Binaries/Win64/UE4Editor-ImgMediaFactory.dll (API version 3944462).
LogModuleManager: Display: Found up-to-date module file ../../../Engine/Plugins/Media/ImgMedia/Binaries/Win64/UE4Editor-OpenExrWrapper.dll (API version 3944462).
LogModuleManager: Display: Found up-to-date module file ../../../Engine/Plugins/Media/LinearTimecode/Binaries/Win64/UE4Editor-LinearTimecode.dll (API version 3944462).
LogModuleManager: Display: Found up-to-date module file ../../../Engine/Plugins/Media/MediaCompositing/Binaries/Win64/UE4Editor-MediaCompositing.dll (API version 3944462).
LogModuleManager: Display: Found up-to-date module file ../../../Engine/Plugins/Media/MediaCompositing/Binaries/Win64/UE4Editor-MediaCompositingEditor.dll (API version 3944462).
LogModuleManager: Display: Found up-to-date module file ../../../Engine/Plugins/Media/MediaPlayerEditor/Binaries/Win64/UE4Editor-MediaPlayerEditor.dll (API version 3944462).
LogModuleManager: Display: Found up-to-date module file ../../../Engine/Plugins/Media/WmfMedia/Binaries/Win64/UE4Editor-WmfMedia.dll (API version 3944462).
LogModuleManager: Display: Found up-to-date module file ../../../Engine/Plugins/Media/WmfMedia/Binaries/Win64/UE4Editor-WmfMediaEditor.dll (API version 3944462).
LogModuleManager: Display: Found up-to-date module file ../../../Engine/Plugins/Media/WmfMedia/Binaries/Win64/UE4Editor-WmfMediaFactory.dll (API version 3944462).
LogModuleManager: Display: Found up-to-date module file ../../../Engine/Plugins/Media/WmfMedia/Binaries/Win64/UE4Editor-WmfMediaFactory.dll (API version 3944462).
LogModuleManager: Display: Found up-to-date module file ../../../Engine/Plugins/Messaging/TcpMessaging/Binaries/Win64/UE4Editor-TcpMessaging.dll (API version 3944462).
LogModuleManager: Display: Found up-to-date module file ../../../Engine/Plugins/Messaging/UdpMessaging/Binaries/Win64/UE4Editor-UdpMessaging.dll (API version 3944462).
LogModuleManager: Display: Found up-to-date module file ../../../Engine/Plugins/MovieScene/ActorSequence/Binaries/Win64/UE4Editor-ActorSequence.dll (API version 3944462).
LogModuleManager: Display: Found up-to-date module file ../../../Engine/Plugins/MovieScene/LevelSequenceEditor/Binaries/Win64/UE4Editor-LevelSequenceEditor.dll (API version 3944462).
LogModuleManager: Display: Found up-to-date module file ../../../Engine/Plugins/MovieScene/MatineeToLevelSequence/Binaries/Win64/UE4Editor-MatineeToLevelSequence.dll (API version 3944462).
LogModuleManager: Display: Found up-to-date module file ../../../Engine/Plugins/NetcodeUnitTest/NetcodeUnitTest/Binaries/Win64/UE4Editor-NetcodeUnitTest.dll (API version 3944462).
LogModuleManager: Display: Found up-to-date module file ../../../Engine/Plugins/NetcodeUnitTest/NUTUnrealEngine4/Binaries/Win64/UE4Editor-NUTUnrealEngine4.dll (API version 3944462).
LogModuleManager: Display: Found up-to-date module file ../../../Engine/Plugins/Online/OnlineSubsystem/Binaries/Win64/UE4Editor-OnlineSubsystem.dll (API version 3944462).
LogModuleManager: Display: Found up-to-date module file ../../../Engine/Plugins/Runtime/AndroidPermission/Binaries/Win64/UE4Editor-AndroidPermission.dll (API version 3944462).
LogModuleManager: Display: Found up-to-date module file ../../../Engine/Plugins/Online/OnlineSubsystemNull/Binaries/Win64/UE4Editor-OnlineSubsystemNull.dll (API version 3944462).
LogModuleManager: Display: Found up-to-date module file ../../../Engine/Plugins/Online/OnlineSubsystemUtils/Binaries/Win64/UE4Editor-OnlineSubsystemUtils.dll (API version 3944462).
LogModuleManager: Display: Found up-to-date module file ../../../Engine/Plugins/Online/OnlineSubsystemUtils/Binaries/Win64/UE4Editor-OnlineBlueprintSupport.dll (API version 3944462).
LogModuleManager: Display: Found up-to-date module file ../../../Engine/Plugins/Runtime/AndroidDeviceProfileSelector/Binaries/Win64/UE4Editor-AndroidDeviceProfileSelector.dll (API version 3944462).
LogModuleManager: Display: Found up-to-date module file ../../../Engine/Plugins/Runtime/AppleARKit/Binaries/Win64/UE4Editor-AppleARKit.dll (API version 3944462).
LogModuleManager: Display: Found up-to-date module file ../../../Engine/Plugins/Runtime/ProceduralMeshComponent/Binaries/Win64/UE4Editor-ProceduralMeshComponent.dll (API version 3944462).
LogModuleManager: Display: Found up-to-date module file ../../../Engine/Plugins/Runtime/ProceduralMeshComponent/Binaries/Win64/UE4Editor-ProceduralMeshComponentEditor.dll (API version 3944462).
LogModuleManager: Display: Found up-to-date module file ../../../Engine/Plugins/Animation/LiveLink/Binaries/Win64/UE4Editor-LiveLink.dll (API version 3944462).
LogModuleManager: Display: Found up-to-date module file ../../../Engine/Plugins/Animation/LiveLink/Binaries/Win64/UE4Editor-LiveLinkEditor.dll (API version 3944462).
LogModuleManager: Display: Found up-to-date module file ../../../Engine/Plugins/Runtime/ArchVisCharacter/Binaries/Win64/UE4Editor-ArchVisCharacter.dll (API version 3944462).
LogModuleManager: Display: Found up-to-date module file ../../../Engine/Plugins/Runtime/AudioCapture/Binaries/Win64/UE4Editor-AudioCapture.dll (API version 3944462).
LogModuleManager: Display: Found up-to-date module file ../../../Engine/Plugins/Runtime/AudioCapture/Binaries/Win64/UE4Editor-AudioCaptureEditor.dll (API version 3944462).
LogModuleManager: Display: Found up-to-date module file ../../../Engine/Plugins/Runtime/CableComponent/Binaries/Win64/UE4Editor-CableComponent.dll (API version 3944462).
LogModuleManager: Display: Found up-to-date module file ../../../Engine/Plugins/Runtime/CustomMeshComponent/Binaries/Win64/UE4Editor-CustomMeshComponent.dll (API version 3944462).
LogModuleManager: Display: Found up-to-date module file ../../../Engine/Plugins/Runtime/ExampleDeviceProfileSelector/Binaries/Win64/UE4Editor-ExampleDeviceProfileSelector.dll (API version 3944462).
LogModuleManager: Display: Found up-to-date module file ../../../Engine/Plugins/Runtime/ImmediatePhysics/Binaries/Win64/UE4Editor-ImmediatePhysics.dll (API version 3944462).
LogModuleManager: Display: Found up-to-date module file ../../../Engine/Plugins/Runtime/ImmediatePhysics/Binaries/Win64/UE4Editor-ImmediatePhysicsEditor.dll (API version 3944462).
LogModuleManager: Display: Found up-to-date module file ../../../Engine/Plugins/Runtime/LocationServicesBPLibrary/Binaries/Win64/UE4Editor-LocationServicesBPLibrary.dll (API version 3944462).
LogModuleManager: Display: Found up-to-date module file ../../../Engine/Plugins/Runtime/MobilePatchingUtils/Binaries/Win64/UE4Editor-MobilePatchingUtils.dll (API version 3944462).
LogModuleManager: Display: Found up-to-date module file ../../../Engine/Plugins/Runtime/Oculus/OculusVR/Binaries/Win64/UE4Editor-OculusHMD.dll (API version 3944462).
LogModuleManager: Display: Found up-to-date module file ../../../Engine/Plugins/Runtime/Oculus/OculusVR/Binaries/Win64/UE4Editor-OculusInput.dll (API version 3944462).
LogModuleManager: Display: Found up-to-date module file ../../../Engine/Plugins/Runtime/Oculus/OculusVR/Binaries/Win64/UE4Editor-OculusEditor.dll (API version 3944462).
LogModuleManager: Display: Found up-to-date module file ../../../Engine/Plugins/Runtime/PhysXVehicles/Binaries/Win64/UE4Editor-PhysXVehicles.dll (API version 3944462).
LogModuleManager: Display: Found up-to-date module file ../../../Engine/Plugins/Runtime/PhysXVehicles/Binaries/Win64/UE4Editor-PhysXVehiclesEditor.dll (API version 3944462).
LogModuleManager: Display: Found up-to-date module file ../../../Engine/Plugins/Runtime/RuntimePhysXCooking/Binaries/Win64/UE4Editor-RuntimePhysXCooking.dll (API version 3944462).
LogModuleManager: Display: Found up-to-date module file ../../../Engine/Plugins/Runtime/Steam/SteamVR/Binaries/Win64/UE4Editor-SteamVR.dll (API version 3944462).
LogModuleManager: Display: Found up-to-date module file ../../../Engine/Plugins/Runtime/Steam/SteamVR/Binaries/Win64/UE4Editor-SteamVRController.dll (API version 3944462).
LogModuleManager: Display: Found up-to-date module file ../../../Engine/Plugins/Runtime/WindowsMoviePlayer/Binaries/Win64/UE4Editor-WindowsMoviePlayer.dll (API version 3944462).
LogPluginManager: Mounting plugin Paper2D
LogPluginManager: Mounting plugin LiveLink
LogPluginManager: Mounting plugin LightPropagationVolume
LogPluginManager: Mounting plugin CLionSourceCodeAccess
LogPluginManager: Mounting plugin CodeLiteSourceCodeAccess
LogPluginManager: Mounting plugin GitSourceControl
LogPluginManager: Mounting plugin KDevelopSourceCodeAccess
LogPluginManager: Mounting plugin NullSourceCodeAccess
LogPluginManager: Mounting plugin PerforceSourceControl
LogPluginManager: Mounting plugin SubversionSourceControl
LogPluginManager: Mounting plugin UObjectPlugin
LogPluginManager: Mounting plugin VisualStudioCodeSourceCodeAccess
LogPluginManager: Mounting plugin VisualStudioSourceCodeAccess
LogPluginManager: Mounting plugin XCodeSourceCodeAccess
LogPluginManager: Mounting plugin AssetManagerEditor
LogPluginManager: Mounting plugin CryptoKeys
LogPluginManager: Mounting plugin DataValidation
LogPluginManager: Mounting plugin FacialAnimation
LogPluginManager: Mounting plugin GameplayTagsEditor
LogPluginManager: Mounting plugin MobileLauncherProfileWizard
LogPluginManager: Mounting plugin PluginBrowser
LogPluginManager: Mounting plugin SpeedTreeImporter
LogPluginManager: Mounting plugin DatasmithContent
LogPluginManager: Mounting plugin AlembicImporter
LogPluginManager: Mounting plugin CharacterAI
LogPluginManager: Mounting plugin HTML5Networking
LogPluginManager: Mounting plugin VaRestPlugin
LogPluginManager: Mounting plugin AndroidMedia
LogPluginManager: Mounting plugin AvfMedia
LogPluginManager: Mounting plugin ImgMedia
LogPluginManager: Mounting plugin LinearTimecode
LogPluginManager: Mounting plugin MediaCompositing
LogPluginManager: Mounting plugin MediaPlayerEditor
LogPluginManager: Mounting plugin WmfMedia
LogPluginManager: Mounting plugin TcpMessaging
LogPluginManager: Mounting plugin UdpMessaging
LogPluginManager: Mounting plugin ActorSequence
LogPluginManager: Mounting plugin LevelSequenceEditor
LogPluginManager: Mounting plugin MatineeToLevelSequence
LogPluginManager: Mounting plugin NetcodeUnitTest
LogPluginManager: Mounting plugin NUTUnrealEngine4
LogPluginManager: Mounting plugin OnlineSubsystemGooglePlay
LogPluginManager: Mounting plugin OnlineSubsystemIOS
LogPluginManager: Mounting plugin OnlineSubsystem
LogPluginManager: Mounting plugin OnlineSubsystemNull
LogPluginManager: Mounting plugin OnlineSubsystemUtils
LogPluginManager: Mounting plugin AndroidDeviceProfileSelector
LogPluginManager: Mounting plugin AndroidMoviePlayer
LogPluginManager: Mounting plugin AndroidPermission
LogPluginManager: Mounting plugin AppleARKit
LogPluginManager: Mounting plugin AppleMoviePlayer
LogPluginManager: Mounting plugin ArchVisCharacter
LogPluginManager: Mounting plugin AudioCapture
LogPluginManager: Mounting plugin CableComponent
LogPluginManager: Mounting plugin CustomMeshComponent
LogPluginManager: Mounting plugin ExampleDeviceProfileSelector
LogPluginManager: Mounting plugin GoogleCloudMessaging
LogPluginManager: Mounting plugin ImmediatePhysics
LogPluginManager: Mounting plugin IOSDeviceProfileSelector
LogPluginManager: Mounting plugin LeapMotion
LogPluginManager: Mounting plugin LinuxDeviceProfileSelector
LogPluginManager: Mounting plugin LocationServicesBPLibrary
LogPluginManager: Mounting plugin MobilePatchingUtils
LogPluginManager: Mounting plugin OculusVR
LogPluginManager: Plugin shader directory ../../../Engine/Plugins/Runtime/Oculus/OculusVR/Shaders found
LogPluginManager: Mapping shader source directory ../../../Engine/Plugins/Runtime/Oculus/OculusVR/Shaders to virtual directory /Plugin/OculusVR
LogPluginManager: Mounting plugin PhysXVehicles
LogPluginManager: Mounting plugin ProceduralMeshComponent
LogPluginManager: Mounting plugin RuntimePhysXCooking
LogPluginManager: Mounting plugin SteamVR
LogPluginManager: Mounting plugin WindowsMoviePlayer
LogStreaming: Display: Took  0.656s to configure plugins.
LogInit: Using libcurl 7.47.1
LogInit:  - built for x86_64-pc-win32
LogInit:  - supports SSL with OpenSSL/1.0.2g
LogInit:  - supports HTTP deflate (compression) using libz 1.2.8
LogInit:  - other features:
LogInit:      CURL_VERSION_SSL
LogInit:      CURL_VERSION_LIBZ
LogInit:      CURL_VERSION_IPV6
LogInit:      CURL_VERSION_ASYNCHDNS
LogInit:      CURL_VERSION_LARGEFILE
LogInit:      CURL_VERSION_IDN
LogInit:  CurlRequestOptions (configurable via config and command line):
LogInit:  - bVerifyPeer = false  - Libcurl will NOT verify peer certificate
LogInit:  - bUseHttpProxy = false  - Libcurl will NOT use HTTP proxy
LogInit:  - bDontReuseConnections = false  - Libcurl will reuse connections
LogInit:  - CertBundlePath = nullptr  - Libcurl will use whatever was configured at build time.
LogInit:  - MaxHostConnections = 16  - Libcurl will limit the number of connections to a host
LogInit:  - LocalHostAddr = Default
LogInit: WinSock: version 1.1 (2.2), MaxSocks=32767, MaxUdp=65467
LogInit: WinSock: I am DESKTOP-PF0DSIS (192.168.0.5:0)
LeapPluginLog: Using LeapPlugin version 2.0.0
LogInit: Build: ++UE4+Release-4.19-CL-4033788
LogInit: Engine Version: 4.19.2-4033788+++UE4+Release-4.19
LogInit: Compatible Engine Version: 4.19.0-3944462+++UE4+Release-4.19
LogInit: Net CL: 3944462
LogDevObjectVersion: Number of dev versions registered: 18
LogDevObjectVersion:   Dev-Blueprints (B0D832E4-1F89-4F0D-ACCF-7EB736FD4AA2): 10
LogDevObjectVersion:   Dev-Build (E1C64328-A22C-4D53-A36C-8E866417BD8C): 0
LogDevObjectVersion:   Dev-Core (375EC13C-06E4-48FB-B500-84F0262A717E): 2
LogDevObjectVersion:   Dev-Editor (E4B068ED-F494-42E9-A231-DA0B2E46BB41): 23
LogDevObjectVersion:   Dev-Framework (CFFC743F-43B0-4480-9391-14DF171D2073): 33
LogDevObjectVersion:   Dev-Mobile (B02B49B5-BB20-44E9-A304-32B752E40360): 2
LogDevObjectVersion:   Dev-Networking (A4E4105C-59A1-49B5-A7C5-40C4547EDFEE): 0
LogDevObjectVersion:   Dev-Online (39C831C9-5AE6-47DC-9A44-9C173E1C8E7C): 0
LogDevObjectVersion:   Dev-Physics (78F01B33-EBEA-4F98-B9B4-84EACCB95AA2): 0
LogDevObjectVersion:   Dev-Platform (6631380F-2D4D-43E0-8009-CF276956A95A): 0
LogDevObjectVersion:   Dev-Rendering (12F88B9F-8875-4AFC-A67C-D90C383ABD29): 25
LogDevObjectVersion:   Dev-Sequencer (7B5AE74C-D270-4C10-A958-57980B212A5A): 6
LogDevObjectVersion:   Dev-VR (D7296918-1DD6-4BDD-9DE2-64A83CC13884): 1
LogDevObjectVersion:   Dev-LoadTimes (C2A15278-BFE7-4AFE-6C17-90FF531DF755): 1
LogDevObjectVersion:   Private-Geometry (6EACA3D4-40EC-4CC1-B786-8BED09428FC5): 2
LogDevObjectVersion:   Dev-AnimPhys (29E575DD-E0A3-4627-9D10-D276232CDCEA): 16
LogDevObjectVersion:   Dev-ReflectionCapture (6B266CEC-1EC7-4B8F-A30B-E4D90942FC07): 1
LogDevObjectVersion:   Dev-Automation (0DF73D61-A23F-47EA-B727-89E90C41499A): 1
LogInit: Compiled (64-bit): Apr 27 2018 02:06:57
LogInit: Compiled with Visual C++: 19.00.24215.01
LogInit: Build Configuration: Development
LogInit: Branch Name: ++UE4+Release-4.19
LogInit: Command Line:  
LogInit: Base Directory: D:/Lecture/Unreal/UE_4.19/Engine/Binaries/Win64/
LogInit: Installed Engine Build: 1
LogStreaming: Display: Took  0.001s to delete old logs.
LogInit: Presizing for max 8388607 objects, including 0 objects not considered by GC, pre-allocating 0 bytes for permanent pool.
LogInit: Object subsystem initialized
[2019.10.30-11.02.21:498][  0]LogInit: Selected Device Profile: [Windows]
[2019.10.30-11.02.21:498][  0]LogInit: Applying CVar settings loaded from the selected device profile: [Windows]
[2019.10.30-11.02.21:508][  0]LogInit: Computer: DESKTOP-PF0DSIS
[2019.10.30-11.02.21:508][  0]LogInit: User: st
[2019.10.30-11.02.21:508][  0]LogInit: CPU Page size=4096, Cores=6
[2019.10.30-11.02.21:508][  0]LogInit: High frequency timer resolution =10.000000 MHz
[2019.10.30-11.02.21:508][  0]LogMemory: Memory total: Physical=31.8GB (32GB approx)
[2019.10.30-11.02.21:508][  0]LogMemory: Platform Memory Stats for Windows
[2019.10.30-11.02.21:508][  0]LogMemory: Process Physical Memory: 278.09 MB used, 278.10 MB peak
[2019.10.30-11.02.21:508][  0]LogMemory: Process Virtual Memory: 266.91 MB used, 266.91 MB peak
[2019.10.30-11.02.21:508][  0]LogMemory: Physical Memory: 7162.27 MB used,  25379.70 MB free, 32541.98 MB total
[2019.10.30-11.02.21:508][  0]LogMemory: Virtual Memory: 4859.82 MB used,  25379.70 MB free, 134217728.00 MB total
[2019.10.30-11.02.21:521][  0]LogInit: Using OS detected language (ko-KR).
[2019.10.30-11.02.21:521][  0]LogInit: Using OS detected locale (ko-KR).
[2019.10.30-11.02.21:523][  0]LogTextLocalizationManager: No specific localization for 'ko-KR' exists, so the 'ko' localization will be used.
[2019.10.30-11.02.21:821][  0]LogStreaming: Display: Took  0.300s to EndInitTextLocalization.
[2019.10.30-11.02.21:822][  0]LogInit: Setting process to per monitor DPI aware
[2019.10.30-11.02.21:854][  0]LogSlate: New Slate User Created.  User Index 0, Is Virtual User: 0
[2019.10.30-11.02.21:854][  0]LogSlate: Slate User Registered.  User Index 0, Is Virtual User: 0
[2019.10.30-11.02.21:983][  0]LogD3D11RHI: D3D11 adapters:
[2019.10.30-11.02.22:055][  0]LogD3D11RHI:    0. 'NVIDIA GeForce RTX 2080' (Feature Level 11_0)
[2019.10.30-11.02.22:055][  0]LogD3D11RHI:       8010/0/16270 MB DedicatedVideo/DedicatedSystem/SharedSystem, Outputs:1, VendorId:0x10de
[2019.10.30-11.02.22:069][  0]LogD3D11RHI:    1. 'Intel(R) UHD Graphics 630' (Feature Level 11_0)
[2019.10.30-11.02.22:069][  0]LogD3D11RHI:       128/0/16270 MB DedicatedVideo/DedicatedSystem/SharedSystem, Outputs:1, VendorId:0x8086
[2019.10.30-11.02.22:070][  0]LogD3D11RHI:    2. 'Microsoft Basic Render Driver' (Feature Level 11_0)
[2019.10.30-11.02.22:070][  0]LogD3D11RHI:       0/0/16270 MB DedicatedVideo/DedicatedSystem/SharedSystem, Outputs:0, VendorId:0x1414
[2019.10.30-11.02.22:070][  0]LogD3D11RHI: Chosen D3D11 Adapter: 0
[2019.10.30-11.02.22:077][  0]LogD3D11RHI: Creating new Direct3DDevice
[2019.10.30-11.02.22:077][  0]LogD3D11RHI:     GPU DeviceId: 0x1e82 (for the marketing name, search the web for "GPU Device Id")
[2019.10.30-11.02.22:078][  0]LogWindows: EnumDisplayDevices:
[2019.10.30-11.02.22:078][  0]LogWindows:    0. 'NVIDIA GeForce RTX 2080' (P:1 D:1)
[2019.10.30-11.02.22:078][  0]LogWindows:    1. 'NVIDIA GeForce RTX 2080' (P:0 D:0)
[2019.10.30-11.02.22:078][  0]LogWindows:    2. 'NVIDIA GeForce RTX 2080' (P:0 D:0)
[2019.10.30-11.02.22:078][  0]LogWindows:    3. 'NVIDIA GeForce RTX 2080' (P:0 D:0)
[2019.10.30-11.02.22:078][  0]LogWindows:    4. 'Intel(R) UHD Graphics 630' (P:0 D:1)
[2019.10.30-11.02.22:078][  0]LogWindows:    5. 'Intel(R) UHD Graphics 630' (P:0 D:0)
[2019.10.30-11.02.22:079][  0]LogWindows:    6. 'Intel(R) UHD Graphics 630' (P:0 D:0)
[2019.10.30-11.02.22:079][  0]LogWindows: DebugString: GetVideoDriverDetailsInvalid PrimaryIsNotTheChoosenAdapter GetVideoDriverDetailsInvalid PrimaryIsNotTheChoosenAdapter GetVideoDriverDetailsInvalid PrimaryIsNotTheChoosenAdapter GetVideoDriverDetailsInvalid PrimaryIsNotTheChoosenAdapter GetVideoDriverDetailsInvalid PrimaryIsNotTheChoosenAdapter GetVideoDriverDetailsInvalid PrimaryIsNotTheChoosenAdapter GetVideoDriverDetailsInvalid PrimaryIsNotTheChoosenAdapter FoundDriverCount:0 
[2019.10.30-11.02.22:079][  0]LogD3D11RHI:     Adapter Name: NVIDIA GeForce RTX 2080
[2019.10.30-11.02.22:079][  0]LogD3D11RHI:   Driver Version: Unknown (internal:Unknown, unified:Unknown)
[2019.10.30-11.02.22:079][  0]LogD3D11RHI:      Driver Date: Unknown
[2019.10.30-11.02.22:079][  0]LogRHI: Texture pool is 5607 MB (70% of 8010 MB)
[2019.10.30-11.02.22:127][  0]LogD3D11RHI: [Aftermath] Aftermath enabled and primed
[2019.10.30-11.02.22:127][  0]LogD3D11RHI: [Aftermath] Aftermath enabled and primed
[2019.10.30-11.02.22:127][  0]LogD3D11RHI: Async texture creation enabled
[2019.10.30-11.02.22:138][  0]LogD3D11RHI: GPU Timing Frequency: 1000.000000 (Debug: 2 1)
[2019.10.30-11.02.22:187][  0]LogShaderCompilers: Guid format shader working directory is -6 characters bigger than the processId version (../../../../../../GitHub/Test/FastFood_1029 - 18시/Intermediate/Shaders/WorkingDirectory/9304/).
[2019.10.30-11.02.22:187][  0]LogShaderCompilers: Cleaned the shader compiler working directory 'C:/Users/st/AppData/Local/Temp/UnrealShaderWorkingDir/A8F1B24745AEEBA2FD2830B62AB0A008/'.
[2019.10.30-11.02.22:348][  0]LogTemp: Display: Loaded TP AllDesktopTargetPlatform
[2019.10.30-11.02.22:358][  0]LogTemp: Display: Loaded TP MacClientTargetPlatform
[2019.10.30-11.02.22:367][  0]LogTemp: Display: Loaded TP MacNoEditorTargetPlatform
[2019.10.30-11.02.22:377][  0]LogTemp: Display: Loaded TP MacServerTargetPlatform
[2019.10.30-11.02.22:387][  0]LogTemp: Display: Loaded TP MacTargetPlatform
[2019.10.30-11.02.22:395][  0]LogTemp: Display: Loaded TP WindowsClientTargetPlatform
[2019.10.30-11.02.22:405][  0]LogTemp: Display: Loaded TP WindowsNoEditorTargetPlatform
[2019.10.30-11.02.22:415][  0]LogTemp: Display: Loaded TP WindowsServerTargetPlatform
[2019.10.30-11.02.22:420][  0]LogTemp: Display: Loaded TP WindowsTargetPlatform
[2019.10.30-11.02.22:429][  0]LogTemp: Display: Loaded TP Android_ASTCTargetPlatform
[2019.10.30-11.02.22:437][  0]LogTemp: Display: Loaded TP Android_ATCTargetPlatform
[2019.10.30-11.02.22:446][  0]LogTemp: Display: Loaded TP Android_DXTTargetPlatform
[2019.10.30-11.02.22:455][  0]LogTemp: Display: Loaded TP Android_ETC1aTargetPlatform
[2019.10.30-11.02.22:463][  0]LogTemp: Display: Loaded TP Android_ETC1TargetPlatform
[2019.10.30-11.02.22:472][  0]LogTemp: Display: Loaded TP Android_ETC2TargetPlatform
[2019.10.30-11.02.22:488][  0]LogTemp: Display: Loaded TP Android_MultiTargetPlatform
[2019.10.30-11.02.22:489][  0]LogTemp: Display: Loaded TP Android_PVRTCTargetPlatform
[2019.10.30-11.02.22:497][  0]LogTemp: Display: Loaded TP AndroidTargetPlatform
[2019.10.30-11.02.22:498][  0]LogTemp: Display: Loaded TP HTML5TargetPlatform
[2019.10.30-11.02.22:530][  0]LogTemp: Display: Loaded TP IOSTargetPlatform
[2019.10.30-11.02.22:538][  0]LogTemp: Display: Loaded TP TVOSTargetPlatform
[2019.10.30-11.02.22:546][  0]LogTemp: Display: Loaded TP LinuxClientTargetPlatform
[2019.10.30-11.02.22:555][  0]LogTemp: Display: Loaded TP LinuxNoEditorTargetPlatform
[2019.10.30-11.02.22:563][  0]LogTemp: Display: Loaded TP LinuxServerTargetPlatform
[2019.10.30-11.02.22:572][  0]LogTemp: Display: Loaded TP LinuxTargetPlatform
[2019.10.30-11.02.22:572][  0]LogTargetPlatformManager: Display: Building Assets For Windows
[2019.10.30-11.02.22:640][  0]LogXGEController: Cleaning working directory: C:/Users/st/AppData/Local/Temp/UnrealXGEWorkingDir/
[2019.10.30-11.02.22:640][  0]LogXGEController: Cannot use XGE Controller as Incredibuild is not installed on this machine.
[2019.10.30-11.02.22:640][  0]LogShaderCompilers: Cannot use XGE Shader Compiler as Incredibuild is not installed on this machine.
[2019.10.30-11.02.22:640][  0]LogShaderCompilers: Display: Using Local Shader Compiler.
[2019.10.30-11.02.23:138][  0]LogDerivedDataCache: Display: Max Cache Size: 512 MB
[2019.10.30-11.02.23:189][  0]LogDerivedDataCache: Loaded boot cache 0.05s 74MB C:/Users/st/AppData/Local/UnrealEngine/4.19/DerivedDataCache/Boot.ddc.
[2019.10.30-11.02.23:189][  0]LogDerivedDataCache: Display: Loaded Boot cache: C:/Users/st/AppData/Local/UnrealEngine/4.19/DerivedDataCache/Boot.ddc
[2019.10.30-11.02.23:189][  0]LogDerivedDataCache: FDerivedDataBackendGraph:  Pak pak cache file ../../../../../../GitHub/Test/FastFood_1029 - 18시/DerivedDataCache/DDC.ddp not found, will not use a pak cache.
[2019.10.30-11.02.23:189][  0]LogDerivedDataCache: Unable to find inner node Pak for hierarchical cache Hierarchy.
[2019.10.30-11.02.23:189][  0]LogDerivedDataCache: FDerivedDataBackendGraph:  CompressedPak pak cache file ../../../../../../GitHub/Test/FastFood_1029 - 18시/DerivedDataCache/Compressed.ddp not found, will not use a pak cache.
[2019.10.30-11.02.23:189][  0]LogDerivedDataCache: Unable to find inner node CompressedPak for hierarchical cache Hierarchy.
[2019.10.30-11.02.23:201][  0]LogDerivedDataCache: Display: Pak cache opened for reading ../../../Engine/DerivedDataCache/Compressed.ddp.
[2019.10.30-11.02.23:213][  0]LogDerivedDataCache: Using Local data cache path C:/Users/st/AppData/Local/UnrealEngine/Common/DerivedDataCache: Writable
[2019.10.30-11.02.23:213][  0]LogDerivedDataCache: Shared data cache path not found in *engine.ini, will not use an Shared cache.
[2019.10.30-11.02.23:213][  0]LogDerivedDataCache: Unable to find inner node Shared for hierarchical cache Hierarchy.
[2019.10.30-11.02.23:221][  0]LogMaterial: Verifying Global Shaders for PCD3D_SM5
[2019.10.30-11.02.23:222][  0]LogSlate: Using Freetype 2.6.0
[2019.10.30-11.02.23:222][  0]LogSlate: SlateFontCache - WITH_FREETYPE: 1, WITH_HARFBUZZ: 1
[2019.10.30-11.02.23:222][  0]LogSlate: SlateFontCache - WITH_FREETYPE: 1, WITH_HARFBUZZ: 1
[2019.10.30-11.02.23:309][  0]LogAssetRegistry: FAssetRegistry took 0.0252 seconds to start up
[2019.10.30-11.02.23:532][  0]LogInit: Selected Device Profile: [Windows]
[2019.10.30-11.02.23:635][  0]LogSimplygon: Simplygon DLL not present - disabling.
[2019.10.30-11.02.23:636][  0]LogMeshReduction: Using SimplygonSwarm for distributed automatic mesh merging
[2019.10.30-11.02.23:636][  0]LogMeshReduction: Using QuadricMeshReduction for automatic static mesh reduction
[2019.10.30-11.02.23:636][  0]LogMeshReduction: No automatic skeletal mesh reduction module available
[2019.10.30-11.02.23:636][  0]LogMeshReduction: No automatic mesh merging module available
[2019.10.30-11.02.23:636][  0]LogMeshMerging: No automatic mesh merging module available
[2019.10.30-11.02.23:658][  0]LogNetVersion: FastFood_1026 , NetCL: 3944462, EngineNetVer: 2, GameNetVer: 0 (Checksum: 1598029859)
[2019.10.30-11.02.23:971][  0]LogPackageLocalizationCache: Processed 10 localized package path(s) for 2 prioritized culture(s) in 0.045629 seconds
[2019.10.30-11.02.23:975][  0]LogUObjectArray: 37413 objects as part of root set at end of initial load.
[2019.10.30-11.02.23:975][  0]LogUObjectAllocator: 7431000 out of 0 bytes used by permanent object pool.
[2019.10.30-11.02.23:975][  0]LogUObjectArray: CloseDisregardForGC: 0/0 objects in disregard for GC pool
[2019.10.30-11.02.25:114][  0]LogTcpMessaging: Initializing TcpMessaging bridge
[2019.10.30-11.02.25:145][  0]LogUdpMessaging: Initializing bridge on interface 0.0.0.0:0 to multicast group 230.0.0.1:6666.
[2019.10.30-11.02.25:376][  0]SourceControl: 소스 콘트롤이 꺼졌습니다.
[2019.10.30-11.02.25:376][  0]SourceControl: 소스 콘트롤이 꺼졌습니다.
[2019.10.30-11.02.25:387][  0]SourceControl: 소스 콘트롤이 꺼졌습니다.
[2019.10.30-11.02.25:396][  0]SourceControl: 소스 콘트롤이 꺼졌습니다.
[2019.10.30-11.02.25:753][  0]LogAndroidPermission: UAndroidPermissionCallbackProxy::GetInstance
[2019.10.30-11.02.25:867][  0]LogOcInput: OculusInput pre-init called
[2019.10.30-11.02.25:939][  0]LogEngine: Initializing Engine...
[2019.10.30-11.02.25:940][  0]LogHMD: Failed to initialize OpenVR with code 110
[2019.10.30-11.02.25:941][  0]LogStats: UGameplayTagsManager::ConstructGameplayTagTree: Construct from data asset -  0.000 s
[2019.10.30-11.02.25:941][  0]LogStats: UGameplayTagsManager::ConstructGameplayTagTree: GameplayTagTreeChangedEvent.Broadcast -  0.000 s
[2019.10.30-11.02.26:098][  0]LogAIModule: Creating AISystem for world Untitled
[2019.10.30-11.02.26:123][  0]LogInit: XAudio2 using '헤드폰(Synaptics HD Audio)' : 2 channels at 48 kHz using 32 bits per sample (channel mask 0x3)
[2019.10.30-11.02.26:198][  0]LogInit: FAudioDevice initialized.
[2019.10.30-11.02.26:267][  0]LogDerivedDataCache: Saved boot cache 0.07s 74MB C:/Users/st/AppData/Local/UnrealEngine/4.19/DerivedDataCache/Boot.ddc.
[2019.10.30-11.02.26:274][  0]LogInit: Texture streaming: Enabled
[2019.10.30-11.02.26:287][  0]LogEngineSessionManager: EngineSessionManager initialized
[2019.10.30-11.02.26:304][  0]LogInit: Transaction tracking system initialized
[2019.10.30-11.02.26:319][  0]BlueprintLog: New page: 에디터 로드
[2019.10.30-11.02.26:377][  0]LocalizationService: 현지화 서비스가 비활성화되었습니다.
[2019.10.30-11.02.26:443][  0]LogConsoleResponse: Display: 
[2019.10.30-11.02.26:548][  0]LogCook: Display: Max memory allowance for cook 16384mb min free memory 0mb
[2019.10.30-11.02.26:548][  0]LogCook: Display: Mobile HDR setting 1
[2019.10.30-11.02.26:548][  0]LogGameplayTags: Display: UGameplayTagsManager::DoneAddingNativeTags. DelegateIsBound: 0
[2019.10.30-11.02.26:548][  0]LogStats: UGameplayTagsManager::ConstructGameplayTagTree: Construct from data asset -  0.000 s
[2019.10.30-11.02.26:548][  0]LogStats: UGameplayTagsManager::ConstructGameplayTagTree: GameplayTagTreeChangedEvent.Broadcast -  0.000 s
[2019.10.30-11.02.26:762][  0]LogFileCache: Scanning file cache for directory 'D:/GitHub/Test/FastFood_1029 - 18시/Content/' took 0.01s
[2019.10.30-11.02.26:762][  0]SourceControl: 소스 콘트롤이 꺼졌습니다.
[2019.10.30-11.02.26:762][  0]Cmd: MAP LOAD FILE="../../../../../../GitHub/Test/FastFood_1029 - 18시/Content/FirstPersonBP/Maps/FirstPersonExampleMap.umap" TEMPLATE=0 SHOWPROGRESS=1 FEATURELEVEL=3
[2019.10.30-11.02.26:762][  0]LightingResults: New page: 라이팅 빌드
[2019.10.30-11.02.26:764][  0]MapCheck: New page: 맵 체크
[2019.10.30-11.02.26:764][  0]LightingResults: New page: 라이팅 빌드
[2019.10.30-11.02.27:341][  0]LogUObjectGlobals: Created PersistentFrame Addr=0x000001fe53b19e98, Size=4, Default__WB_Test_C Function /Game/ATM_pch/WB_Test.WB_Test_C:ExecuteUbergraph_WB_Test
[2019.10.30-11.02.27:344][  0]LogUObjectGlobals: Created PersistentFrame Addr=0x000001fe53d97d60, Size=24, Default__WB_00_SizeBox_C Function /Game/ATM_pch/WB_00_SizeBox.WB_00_SizeBox_C:ExecuteUbergraph_WB_00_SizeBox
[2019.10.30-11.02.27:344][  0]LogUObjectGlobals: Created PersistentFrame Addr=0x000001fe53b19ea0, Size=4, Default__WB_00_SizeBox_C Function /Game/ATM_pch/WB_Test.WB_Test_C:ExecuteUbergraph_WB_Test
[2019.10.30-11.02.27:682][  0]LogUObjectGlobals: Created PersistentFrame Addr=0x000001fe54313d80, Size=128, Default__WB_08_Ongoing_13_16_C Function /Game/ATM_pch/WB_08_Ongoing_13_16.WB_08_Ongoing_13_16_C:ExecuteUbergraph_WB_08_Ongoing_13_16
[2019.10.30-11.02.27:683][  0]LogUObjectGlobals: Created PersistentFrame Addr=0x000001fe53b18a88, Size=4, Default__WB_08_Ongoing_13_16_C Function /Game/ATM_pch/WB_Test.WB_Test_C:ExecuteUbergraph_WB_Test
[2019.10.30-11.02.27:683][  0]LogUObjectGlobals: Created PersistentFrame Addr=0x000001fe53eedfa0, Size=216, Default__WB_09_SelectBank_C Function /Game/ATM_pch/WB_09_SelectBank.WB_09_SelectBank_C:ExecuteUbergraph_WB_09_SelectBank
[2019.10.30-11.02.27:683][  0]LogUObjectGlobals: Created PersistentFrame Addr=0x000001fe53b18a80, Size=4, Default__WB_09_SelectBank_C Function /Game/ATM_pch/WB_Test.WB_Test_C:ExecuteUbergraph_WB_Test
[2019.10.30-11.02.27:684][  0]LogUObjectGlobals: Created PersistentFrame Addr=0x000001fe5430f100, Size=312, Default__WB_10_AcNum_C Function /Game/ATM_pch/WB_10_AcNum.WB_10_AcNum_C:ExecuteUbergraph_WB_10_AcNum
[2019.10.30-11.02.27:684][  0]LogUObjectGlobals: Created PersistentFrame Addr=0x000001fe53b18a68, Size=4, Default__WB_10_AcNum_C Function /Game/ATM_pch/WB_Test.WB_Test_C:ExecuteUbergraph_WB_Test
[2019.10.30-11.02.27:685][  0]LogUObjectGlobals: Created PersistentFrame Addr=0x000001fe53d87100, Size=232, Default__WB_11_SelectMoney_C Function /Game/ATM_pch/WB_11_SelectMoney.WB_11_SelectMoney_C:ExecuteUbergraph_WB_11_SelectMoney
[2019.10.30-11.02.27:685][  0]LogUObjectGlobals: Created PersistentFrame Addr=0x000001fe53b18a60, Size=4, Default__WB_11_SelectMoney_C Function /Game/ATM_pch/WB_Test.WB_Test_C:ExecuteUbergraph_WB_Test
[2019.10.30-11.02.27:686][  0]LogUObjectGlobals: Created PersistentFrame Addr=0x000001fe53d86f00, Size=248, Default__WB_12_Password_C Function /Game/ATM_pch/WB_12_Password.WB_12_Password_C:ExecuteUbergraph_WB_12_Password
[2019.10.30-11.02.27:686][  0]LogUObjectGlobals: Created PersistentFrame Addr=0x000001fe53b18a48, Size=4, Default__WB_12_Password_C Function /Game/ATM_pch/WB_Test.WB_Test_C:ExecuteUbergraph_WB_Test
[2019.10.30-11.02.27:691][  0]LogUObjectGlobals: Created PersistentFrame Addr=0x000001fe542ef7d0, Size=16, Default__WB_01_Main_C Function /Game/ATM_pch/WB_01_Main.WB_01_Main_C:ExecuteUbergraph_WB_01_Main
[2019.10.30-11.02.27:691][  0]LogUObjectGlobals: Created PersistentFrame Addr=0x000001fe53b18a00, Size=4, Default__WB_01_Main_C Function /Game/ATM_pch/WB_Test.WB_Test_C:ExecuteUbergraph_WB_Test
[2019.10.30-11.02.27:692][  0]LogUObjectGlobals: Created PersistentFrame Addr=0x000001fe53d3ca40, Size=32, Default__WB_02_Fraud_C Function /Game/ATM_pch/WB_02_Fraud.WB_02_Fraud_C:ExecuteUbergraph_WB_02_Fraud
[2019.10.30-11.02.27:692][  0]LogUObjectGlobals: Created PersistentFrame Addr=0x000001fe53b189f0, Size=4, Default__WB_02_Fraud_C Function /Game/ATM_pch/WB_Test.WB_Test_C:ExecuteUbergraph_WB_Test
[2019.10.30-11.02.27:693][  0]LogUObjectGlobals: Created PersistentFrame Addr=0x000001fe542ef7c0, Size=16, Default__WB_03_VoiceFishing_C Function /Game/ATM_pch/WB_03_VoiceFishing.WB_03_VoiceFishing_C:ExecuteUbergraph_WB_03_VoiceFishing
[2019.10.30-11.02.27:693][  0]LogUObjectGlobals: Created PersistentFrame Addr=0x000001fe53b189e0, Size=4, Default__WB_03_VoiceFishing_C Function /Game/ATM_pch/WB_Test.WB_Test_C:ExecuteUbergraph_WB_Test
[2019.10.30-11.02.27:693][  0]LogUObjectGlobals: Created PersistentFrame Addr=0x000001fe542ef7e0, Size=16, Default__WB_04_IsCard_C Function /Game/ATM_pch/WB_04_IsCard.WB_04_IsCard_C:ExecuteUbergraph_WB_04_IsCard
[2019.10.30-11.02.27:693][  0]LogUObjectGlobals: Created PersistentFrame Addr=0x000001fe53b189d0, Size=4, Default__WB_04_IsCard_C Function /Game/ATM_pch/WB_Test.WB_Test_C:ExecuteUbergraph_WB_Test
[2019.10.30-11.02.27:694][  0]LogUObjectGlobals: Created PersistentFrame Addr=0x000001fe542ef7a0, Size=16, Default__WB_05_ThrowCard_C Function /Game/ATM_pch/WB_05_ThrowCard.WB_05_ThrowCard_C:ExecuteUbergraph_WB_05_ThrowCard
[2019.10.30-11.02.27:694][  0]LogUObjectGlobals: Created PersistentFrame Addr=0x000001fe53b189c0, Size=4, Default__WB_05_ThrowCard_C Function /Game/ATM_pch/WB_Test.WB_Test_C:ExecuteUbergraph_WB_Test
[2019.10.30-11.02.27:694][  0]LogUObjectGlobals: Created PersistentFrame Addr=0x000001fe542ef790, Size=16, Default__WB_06_ReadCard_C Function /Game/ATM_pch/WB_06_ReadCard.WB_06_ReadCard_C:ExecuteUbergraph_WB_06_ReadCard
[2019.10.30-11.02.27:694][  0]LogUObjectGlobals: Created PersistentFrame Addr=0x000001fe53b189b8, Size=4, Default__WB_06_ReadCard_C Function /Game/ATM_pch/WB_Test.WB_Test_C:ExecuteUbergraph_WB_Test
[2019.10.30-11.02.27:695][  0]LogUObjectGlobals: Created PersistentFrame Addr=0x000001fe5e5658f0, Size=40, Default__WB_07_BankTransform_C Function /Game/ATM_pch/WB_07_BankTransform.WB_07_BankTransform_C:ExecuteUbergraph_WB_07_BankTransform
[2019.10.30-11.02.27:695][  0]LogUObjectGlobals: Created PersistentFrame Addr=0x000001fe53b189a8, Size=4, Default__WB_07_BankTransform_C Function /Game/ATM_pch/WB_Test.WB_Test_C:ExecuteUbergraph_WB_Test
[2019.10.30-11.02.27:699][  0]LogUObjectGlobals: Created PersistentFrame Addr=0x000001fe5e565e68, Size=40, Default__WB_07_BankTransform_C Function /Game/ATM_pch/WB_07_BankTransform.WB_07_BankTransform_C:ExecuteUbergraph_WB_07_BankTransform
[2019.10.30-11.02.27:699][  0]LogUObjectGlobals: Created PersistentFrame Addr=0x000001fe53b189a0, Size=4, Default__WB_07_BankTransform_C Function /Game/ATM_pch/WB_Test.WB_Test_C:ExecuteUbergraph_WB_Test
[2019.10.30-11.02.27:699][  0]LogUObjectGlobals: Created PersistentFrame Addr=0x000001fe542ef7b0, Size=16, Default__WB_06_ReadCard_C Function /Game/ATM_pch/WB_06_ReadCard.WB_06_ReadCard_C:ExecuteUbergraph_WB_06_ReadCard
[2019.10.30-11.02.27:699][  0]LogUObjectGlobals: Created PersistentFrame Addr=0x000001fe53b18998, Size=4, Default__WB_06_ReadCard_C Function /Game/ATM_pch/WB_Test.WB_Test_C:ExecuteUbergraph_WB_Test
[2019.10.30-11.02.27:699][  0]LogUObjectGlobals: Created PersistentFrame Addr=0x000001fe542ef780, Size=16, Default__WB_05_ThrowCard_C Function /Game/ATM_pch/WB_05_ThrowCard.WB_05_ThrowCard_C:ExecuteUbergraph_WB_05_ThrowCard
[2019.10.30-11.02.27:699][  0]LogUObjectGlobals: Created PersistentFrame Addr=0x000001fe53b18990, Size=4, Default__WB_05_ThrowCard_C Function /Game/ATM_pch/WB_Test.WB_Test_C:ExecuteUbergraph_WB_Test
[2019.10.30-11.02.27:699][  0]LogUObjectGlobals: Created PersistentFrame Addr=0x000001fe542ef770, Size=16, Default__WB_04_IsCard_C Function /Game/ATM_pch/WB_04_IsCard.WB_04_IsCard_C:ExecuteUbergraph_WB_04_IsCard
[2019.10.30-11.02.27:699][  0]LogUObjectGlobals: Created PersistentFrame Addr=0x000001fe53b18988, Size=4, Default__WB_04_IsCard_C Function /Game/ATM_pch/WB_Test.WB_Test_C:ExecuteUbergraph_WB_Test
[2019.10.30-11.02.27:699][  0]LogUObjectGlobals: Created PersistentFrame Addr=0x000001fe542ef760, Size=16, Default__WB_03_VoiceFishing_C Function /Game/ATM_pch/WB_03_VoiceFishing.WB_03_VoiceFishing_C:ExecuteUbergraph_WB_03_VoiceFishing
[2019.10.30-11.02.27:699][  0]LogUObjectGlobals: Created PersistentFrame Addr=0x000001fe53b18980, Size=4, Default__WB_03_VoiceFishing_C Function /Game/ATM_pch/WB_Test.WB_Test_C:ExecuteUbergraph_WB_Test
[2019.10.30-11.02.27:699][  0]LogUObjectGlobals: Created PersistentFrame Addr=0x000001fe53d3c7c0, Size=32, Default__WB_02_Fraud_C Function /Game/ATM_pch/WB_02_Fraud.WB_02_Fraud_C:ExecuteUbergraph_WB_02_Fraud
[2019.10.30-11.02.27:699][  0]LogUObjectGlobals: Created PersistentFrame Addr=0x000001fe53b18978, Size=4, Default__WB_02_Fraud_C Function /Game/ATM_pch/WB_Test.WB_Test_C:ExecuteUbergraph_WB_Test
[2019.10.30-11.02.27:699][  0]LogUObjectGlobals: Created PersistentFrame Addr=0x000001fe542ef750, Size=16, Default__WB_01_Main_C Function /Game/ATM_pch/WB_01_Main.WB_01_Main_C:ExecuteUbergraph_WB_01_Main
[2019.10.30-11.02.27:699][  0]LogUObjectGlobals: Created PersistentFrame Addr=0x000001fe53b18970, Size=4, Default__WB_01_Main_C Function /Game/ATM_pch/WB_Test.WB_Test_C:ExecuteUbergraph_WB_Test
[2019.10.30-11.02.27:699][  0]LogUObjectGlobals: Created PersistentFrame Addr=0x000001fe53d85300, Size=248, Default__WB_12_Password_C Function /Game/ATM_pch/WB_12_Password.WB_12_Password_C:ExecuteUbergraph_WB_12_Password
[2019.10.30-11.02.27:699][  0]LogUObjectGlobals: Created PersistentFrame Addr=0x000001fe53b18968, Size=4, Default__WB_12_Password_C Function /Game/ATM_pch/WB_Test.WB_Test_C:ExecuteUbergraph_WB_Test
[2019.10.30-11.02.27:699][  0]LogUObjectGlobals: Created PersistentFrame Addr=0x000001fe53d85200, Size=232, Default__WB_11_SelectMoney_C Function /Game/ATM_pch/WB_11_SelectMoney.WB_11_SelectMoney_C:ExecuteUbergraph_WB_11_SelectMoney
[2019.10.30-11.02.27:699][  0]LogUObjectGlobals: Created PersistentFrame Addr=0x000001fe53b18960, Size=4, Default__WB_11_SelectMoney_C Function /Game/ATM_pch/WB_Test.WB_Test_C:ExecuteUbergraph_WB_Test
[2019.10.30-11.02.27:699][  0]LogUObjectGlobals: Created PersistentFrame Addr=0x000001fe5430d800, Size=312, Default__WB_10_AcNum_C Function /Game/ATM_pch/WB_10_AcNum.WB_10_AcNum_C:ExecuteUbergraph_WB_10_AcNum
[2019.10.30-11.02.27:699][  0]LogUObjectGlobals: Created PersistentFrame Addr=0x000001fe53b18958, Size=4, Default__WB_10_AcNum_C Function /Game/ATM_pch/WB_Test.WB_Test_C:ExecuteUbergraph_WB_Test
[2019.10.30-11.02.27:699][  0]LogUObjectGlobals: Created PersistentFrame Addr=0x000001fe542d02c0, Size=216, Default__WB_09_SelectBank_C Function /Game/ATM_pch/WB_09_SelectBank.WB_09_SelectBank_C:ExecuteUbergraph_WB_09_SelectBank
[2019.10.30-11.02.27:699][  0]LogUObjectGlobals: Created PersistentFrame Addr=0x000001fe53b18950, Size=4, Default__WB_09_SelectBank_C Function /Game/ATM_pch/WB_Test.WB_Test_C:ExecuteUbergraph_WB_Test
[2019.10.30-11.02.27:699][  0]LogUObjectGlobals: Created PersistentFrame Addr=0x000001fe54312e80, Size=128, Default__WB_08_Ongoing_13_16_C Function /Game/ATM_pch/WB_08_Ongoing_13_16.WB_08_Ongoing_13_16_C:ExecuteUbergraph_WB_08_Ongoing_13_16
[2019.10.30-11.02.27:699][  0]LogUObjectGlobals: Created PersistentFrame Addr=0x000001fe53b18948, Size=4, Default__WB_08_Ongoing_13_16_C Function /Game/ATM_pch/WB_Test.WB_Test_C:ExecuteUbergraph_WB_Test
[2019.10.30-11.02.27:699][  0]LogUObjectGlobals: Created PersistentFrame Addr=0x000001fe53d96350, Size=24, Default__WB_00_SizeBox_C Function /Game/ATM_pch/WB_00_SizeBox.WB_00_SizeBox_C:ExecuteUbergraph_WB_00_SizeBox
[2019.10.30-11.02.27:699][  0]LogUObjectGlobals: Created PersistentFrame Addr=0x000001fe53b18940, Size=4, Default__WB_00_SizeBox_C Function /Game/ATM_pch/WB_Test.WB_Test_C:ExecuteUbergraph_WB_Test
[2019.10.30-11.02.27:788][  0]LogUObjectGlobals: Created PersistentFrame Addr=0x000001fe537d2c20, Size=88, Default__WB_15_AccountTransferCheck_C Function /Game/ATM_pch/WB_15_AccountTransferCheck.WB_15_AccountTransferCheck_C:ExecuteUbergraph_WB_15_AccountTransferCheck
[2019.10.30-11.02.27:788][  0]LogUObjectGlobals: Created PersistentFrame Addr=0x000001fe53b18538, Size=4, Default__WB_15_AccountTransferCheck_C Function /Game/ATM_pch/WB_Test.WB_Test_C:ExecuteUbergraph_WB_Test
[2019.10.30-11.02.27:790][  0]LogUObjectGlobals: Created PersistentFrame Addr=0x000001fe542eef70, Size=16, Default__WB_14_LoanTrick_C Function /Game/ATM_pch/WB_14_LoanTrick.WB_14_LoanTrick_C:ExecuteUbergraph_WB_14_LoanTrick
[2019.10.30-11.02.27:790][  0]LogUObjectGlobals: Created PersistentFrame Addr=0x000001fe53b18528, Size=4, Default__WB_14_LoanTrick_C Function /Game/ATM_pch/WB_Test.WB_Test_C:ExecuteUbergraph_WB_Test
[2019.10.30-11.02.27:845][  0]LogUObjectGlobals: Created PersistentFrame Addr=0x000001fe542eeab0, Size=16, Default__WB_19_Thanks_C Function /Game/ATM_pch/WB_19_Thanks.WB_19_Thanks_C:ExecuteUbergraph_WB_19_Thanks
[2019.10.30-11.02.27:845][  0]LogUObjectGlobals: Created PersistentFrame Addr=0x000001fe53b180b8, Size=4, Default__WB_19_Thanks_C Function /Game/ATM_pch/WB_Test.WB_Test_C:ExecuteUbergraph_WB_Test
[2019.10.30-11.02.27:848][  0]LogUObjectGlobals: Created PersistentFrame Addr=0x000001fe542ee990, Size=16, Default__WB_18_Mungse_C Function /Game/ATM_pch/WB_18_Mungse.WB_18_Mungse_C:ExecuteUbergraph_WB_18_Mungse
[2019.10.30-11.02.27:848][  0]LogUObjectGlobals: Created PersistentFrame Addr=0x000001fe5808ffe0, Size=4, Default__WB_18_Mungse_C Function /Game/ATM_pch/WB_Test.WB_Test_C:ExecuteUbergraph_WB_Test
[2019.10.30-11.02.27:850][  0]LogUObjectGlobals: Created PersistentFrame Addr=0x000001fe537d1780, Size=88, Default__WB_17_SendContinue_C Function /Game/ATM_pch/WB_17_SendContinue.WB_17_SendContinue_C:ExecuteUbergraph_WB_17_SendContinue
[2019.10.30-11.02.27:850][  0]LogUObjectGlobals: Created PersistentFrame Addr=0x000001fe5808ff90, Size=4, Default__WB_17_SendContinue_C Function /Game/ATM_pch/WB_Test.WB_Test_C:ExecuteUbergraph_WB_Test
[2019.10.30-11.02.27:917][  0]LogBlueprint: Warning: [Compiler WB_01_Main] Get : 'WidgetSwitcher_1' variable not found. Base class was probably changed. /Game/ATM_pch/WB_01_Main.WB_01_Main
[2019.10.30-11.02.27:917][  0]LogBlueprint: Warning: [Compiler WB_01_Main] Get : 'WB_02_Fraud' variable not found. Base class was probably changed. /Game/ATM_pch/WB_01_Main.WB_01_Main
[2019.10.30-11.02.27:925][  0]LogUObjectGlobals: Destroyed PersistentFrame Addr=0x000001fe53b19e98, Size=4
[2019.10.30-11.02.27:925][  0]LogUObjectGlobals: Created PersistentFrame Addr=0x000001fe5808e230, Size=4, Default__WB_Test_C Function /Engine/Transient.REINST_WB_Test_C_0:ExecuteUbergraph_WB_Test
[2019.10.30-11.02.27:926][  0]LogUObjectGlobals: Destroyed PersistentFrame Addr=0x000001fe53d96350, Size=24
[2019.10.30-11.02.27:926][  0]LogUObjectGlobals: Destroyed PersistentFrame Addr=0x000001fe53b18940, Size=4
[2019.10.30-11.02.27:926][  0]LogUObjectGlobals: Created PersistentFrame Addr=0x000001fe57fa0c58, Size=24, Default__WB_00_SizeBox_C Function /Engine/Transient.REINST_WB_00_SizeBox_C_1:ExecuteUbergraph_WB_00_SizeBox
[2019.10.30-11.02.27:926][  0]LogUObjectGlobals: Created PersistentFrame Addr=0x000001fe5808e208, Size=4, Default__WB_00_SizeBox_C Function /Engine/Transient.REINST_WB_Test_C_0:ExecuteUbergraph_WB_Test
[2019.10.30-11.02.27:926][  0]LogUObjectGlobals: Destroyed PersistentFrame Addr=0x000001fe542ef750, Size=16
[2019.10.30-11.02.27:926][  0]LogUObjectGlobals: Destroyed PersistentFrame Addr=0x000001fe53b18970, Size=4
[2019.10.30-11.02.27:926][  0]LogUObjectGlobals: Created PersistentFrame Addr=0x000001fe57c7b430, Size=16, Default__WB_01_Main_C Function /Engine/Transient.REINST_WB_01_Main_C_2:ExecuteUbergraph_WB_01_Main
[2019.10.30-11.02.27:926][  0]LogUObjectGlobals: Created PersistentFrame Addr=0x000001fe5808e1f8, Size=4, Default__WB_01_Main_C Function /Engine/Transient.REINST_WB_Test_C_0:ExecuteUbergraph_WB_Test
[2019.10.30-11.02.27:926][  0]LogUObjectGlobals: Destroyed PersistentFrame Addr=0x000001fe53d3c7c0, Size=32
[2019.10.30-11.02.27:926][  0]LogUObjectGlobals: Destroyed PersistentFrame Addr=0x000001fe53b18978, Size=4
[2019.10.30-11.02.27:926][  0]LogUObjectGlobals: Created PersistentFrame Addr=0x000001fe57b1d440, Size=32, Default__WB_02_Fraud_C Function /Engine/Transient.REINST_WB_02_Fraud_C_3:ExecuteUbergraph_WB_02_Fraud
[2019.10.30-11.02.27:926][  0]LogUObjectGlobals: Created PersistentFrame Addr=0x000001fe5808e1e8, Size=4, Default__WB_02_Fraud_C Function /Engine/Transient.REINST_WB_Test_C_0:ExecuteUbergraph_WB_Test
[2019.10.30-11.02.27:926][  0]LogUObjectGlobals: Destroyed PersistentFrame Addr=0x000001fe542ef760, Size=16
[2019.10.30-11.02.27:926][  0]LogUObjectGlobals: Destroyed PersistentFrame Addr=0x000001fe53b18980, Size=4
[2019.10.30-11.02.27:926][  0]LogUObjectGlobals: Created PersistentFrame Addr=0x000001fe57c7b410, Size=16, Default__WB_03_VoiceFishing_C Function /Engine/Transient.REINST_WB_03_VoiceFishing_C_4:ExecuteUbergraph_WB_03_VoiceFishing
[2019.10.30-11.02.27:926][  0]LogUObjectGlobals: Created PersistentFrame Addr=0x000001fe5808e1d8, Size=4, Default__WB_03_VoiceFishing_C Function /Engine/Transient.REINST_WB_Test_C_0:ExecuteUbergraph_WB_Test
[2019.10.30-11.02.27:926][  0]LogUObjectGlobals: Destroyed PersistentFrame Addr=0x000001fe542ef770, Size=16
[2019.10.30-11.02.27:926][  0]LogUObjectGlobals: Destroyed PersistentFrame Addr=0x000001fe53b18988, Size=4
[2019.10.30-11.02.27:926][  0]LogUObjectGlobals: Created PersistentFrame Addr=0x000001fe57c7b400, Size=16, Default__WB_04_IsCard_C Function /Engine/Transient.REINST_WB_04_IsCard_C_5:ExecuteUbergraph_WB_04_IsCard
[2019.10.30-11.02.27:927][  0]LogUObjectGlobals: Created PersistentFrame Addr=0x000001fe5808e1c8, Size=4, Default__WB_04_IsCard_C Function /Engine/Transient.REINST_WB_Test_C_0:ExecuteUbergraph_WB_Test
[2019.10.30-11.02.27:927][  0]LogUObjectGlobals: Destroyed PersistentFrame Addr=0x000001fe542ef780, Size=16
[2019.10.30-11.02.27:927][  0]LogUObjectGlobals: Destroyed PersistentFrame Addr=0x000001fe53b18990, Size=4
[2019.10.30-11.02.27:927][  0]LogUObjectGlobals: Created PersistentFrame Addr=0x000001fe57c7b3c0, Size=16, Default__WB_05_ThrowCard_C Function /Engine/Transient.REINST_WB_05_ThrowCard_C_6:ExecuteUbergraph_WB_05_ThrowCard
[2019.10.30-11.02.27:927][  0]LogUObjectGlobals: Created PersistentFrame Addr=0x000001fe5808e1b8, Size=4, Default__WB_05_ThrowCard_C Function /Engine/Transient.REINST_WB_Test_C_0:ExecuteUbergraph_WB_Test
[2019.10.30-11.02.27:927][  0]LogUObjectGlobals: Destroyed PersistentFrame Addr=0x000001fe542ef7b0, Size=16
[2019.10.30-11.02.27:927][  0]LogUObjectGlobals: Destroyed PersistentFrame Addr=0x000001fe53b18998, Size=4
[2019.10.30-11.02.27:927][  0]LogUObjectGlobals: Created PersistentFrame Addr=0x000001fe57c7b3b0, Size=16, Default__WB_06_ReadCard_C Function /Engine/Transient.REINST_WB_06_ReadCard_C_7:ExecuteUbergraph_WB_06_ReadCard
[2019.10.30-11.02.27:927][  0]LogUObjectGlobals: Created PersistentFrame Addr=0x000001fe5808e1b0, Size=4, Default__WB_06_ReadCard_C Function /Engine/Transient.REINST_WB_Test_C_0:ExecuteUbergraph_WB_Test
[2019.10.30-11.02.27:927][  0]LogUObjectGlobals: Destroyed PersistentFrame Addr=0x000001fe5e565e68, Size=40
[2019.10.30-11.02.27:927][  0]LogUObjectGlobals: Destroyed PersistentFrame Addr=0x000001fe53b189a0, Size=4
[2019.10.30-11.02.27:927][  0]LogUObjectGlobals: Created PersistentFrame Addr=0x000001fe58078540, Size=40, Default__WB_07_BankTransform_C Function /Engine/Transient.REINST_WB_07_BankTransform_C_8:ExecuteUbergraph_WB_07_BankTransform
[2019.10.30-11.02.27:927][  0]LogUObjectGlobals: Created PersistentFrame Addr=0x000001fe5808e1a0, Size=4, Default__WB_07_BankTransform_C Function /Engine/Transient.REINST_WB_Test_C_0:ExecuteUbergraph_WB_Test
[2019.10.30-11.02.27:927][  0]LogUObjectGlobals: Destroyed PersistentFrame Addr=0x000001fe54312e80, Size=128
[2019.10.30-11.02.27:927][  0]LogUObjectGlobals: Destroyed PersistentFrame Addr=0x000001fe53b18948, Size=4
[2019.10.30-11.02.27:927][  0]LogUObjectGlobals: Created PersistentFrame Addr=0x000001fe57c70180, Size=128, Default__WB_08_Ongoing_13_16_C Function /Engine/Transient.REINST_WB_08_Ongoing_13_16_C_9:ExecuteUbergraph_WB_08_Ongoing_13_16
[2019.10.30-11.02.27:927][  0]LogUObjectGlobals: Created PersistentFrame Addr=0x000001fe5808e198, Size=4, Default__WB_08_Ongoing_13_16_C Function /Engine/Transient.REINST_WB_Test_C_0:ExecuteUbergraph_WB_Test
[2019.10.30-11.02.27:927][  0]LogUObjectGlobals: Destroyed PersistentFrame Addr=0x000001fe542d02c0, Size=216
[2019.10.30-11.02.27:927][  0]LogUObjectGlobals: Destroyed PersistentFrame Addr=0x000001fe53b18950, Size=4
[2019.10.30-11.02.27:927][  0]LogUObjectGlobals: Created PersistentFrame Addr=0x000001fe57acdc20, Size=216, Default__WB_09_SelectBank_C Function /Engine/Transient.REINST_WB_09_SelectBank_C_10:ExecuteUbergraph_WB_09_SelectBank
[2019.10.30-11.02.27:927][  0]LogUObjectGlobals: Created PersistentFrame Addr=0x000001fe5808e188, Size=4, Default__WB_09_SelectBank_C Function /Engine/Transient.REINST_WB_Test_C_0:ExecuteUbergraph_WB_Test
[2019.10.30-11.02.27:928][  0]LogUObjectGlobals: Destroyed PersistentFrame Addr=0x000001fe5430d800, Size=312
[2019.10.30-11.02.27:928][  0]LogUObjectGlobals: Destroyed PersistentFrame Addr=0x000001fe53b18958, Size=4
[2019.10.30-11.02.27:928][  0]LogUObjectGlobals: Created PersistentFrame Addr=0x000001fe57f49440, Size=312, Default__WB_10_AcNum_C Function /Engine/Transient.REINST_WB_10_AcNum_C_11:ExecuteUbergraph_WB_10_AcNum
[2019.10.30-11.02.27:928][  0]LogUObjectGlobals: Created PersistentFrame Addr=0x000001fe5808e178, Size=4, Default__WB_10_AcNum_C Function /Engine/Transient.REINST_WB_Test_C_0:ExecuteUbergraph_WB_Test
[2019.10.30-11.02.27:928][  0]LogUObjectGlobals: Destroyed PersistentFrame Addr=0x000001fe53d85200, Size=232
[2019.10.30-11.02.27:928][  0]LogUObjectGlobals: Destroyed PersistentFrame Addr=0x000001fe53b18960, Size=4
[2019.10.30-11.02.27:928][  0]LogUObjectGlobals: Created PersistentFrame Addr=0x000001fe57b9e200, Size=232, Default__WB_11_SelectMoney_C Function /Engine/Transient.REINST_WB_11_SelectMoney_C_12:ExecuteUbergraph_WB_11_SelectMoney
[2019.10.30-11.02.27:928][  0]LogUObjectGlobals: Created PersistentFrame Addr=0x000001fe5808e168, Size=4, Default__WB_11_SelectMoney_C Function /Engine/Transient.REINST_WB_Test_C_0:ExecuteUbergraph_WB_Test
[2019.10.30-11.02.27:928][  0]LogUObjectGlobals: Destroyed PersistentFrame Addr=0x000001fe53d85300, Size=248
[2019.10.30-11.02.27:928][  0]LogUObjectGlobals: Destroyed PersistentFrame Addr=0x000001fe53b18968, Size=4
[2019.10.30-11.02.27:928][  0]LogUObjectGlobals: Created PersistentFrame Addr=0x000001fe57b9e000, Size=248, Default__WB_12_Password_C Function /Engine/Transient.REINST_WB_12_Password_C_13:ExecuteUbergraph_WB_12_Password
[2019.10.30-11.02.27:928][  0]LogUObjectGlobals: Created PersistentFrame Addr=0x000001fe5808e158, Size=4, Default__WB_12_Password_C Function /Engine/Transient.REINST_WB_Test_C_0:ExecuteUbergraph_WB_Test
[2019.10.30-11.02.27:928][  0]LogUObjectGlobals: Destroyed PersistentFrame Addr=0x000001fe542eef70, Size=16
[2019.10.30-11.02.27:928][  0]LogUObjectGlobals: Destroyed PersistentFrame Addr=0x000001fe53b18528, Size=4
[2019.10.30-11.02.27:928][  0]LogUObjectGlobals: Created PersistentFrame Addr=0x000001fe57c7b3a0, Size=16, Default__WB_14_LoanTrick_C Function /Engine/Transient.REINST_WB_14_LoanTrick_C_14:ExecuteUbergraph_WB_14_LoanTrick
[2019.10.30-11.02.27:928][  0]LogUObjectGlobals: Created PersistentFrame Addr=0x000001fe5808e148, Size=4, Default__WB_14_LoanTrick_C Function /Engine/Transient.REINST_WB_Test_C_0:ExecuteUbergraph_WB_Test
[2019.10.30-11.02.27:929][  0]LogUObjectGlobals: Destroyed PersistentFrame Addr=0x000001fe537d2c20, Size=88
[2019.10.30-11.02.27:929][  0]LogUObjectGlobals: Destroyed PersistentFrame Addr=0x000001fe53b18538, Size=4
[2019.10.30-11.02.27:929][  0]LogUObjectGlobals: Created PersistentFrame Addr=0x000001fe57bde200, Size=88, Default__WB_15_AccountTransferCheck_C Function /Engine/Transient.REINST_WB_15_AccountTransferCheck_C_15:ExecuteUbergraph_WB_15_AccountTransferCheck
[2019.10.30-11.02.27:929][  0]LogUObjectGlobals: Created PersistentFrame Addr=0x000001fe5808e138, Size=4, Default__WB_15_AccountTransferCheck_C Function /Engine/Transient.REINST_WB_Test_C_0:ExecuteUbergraph_WB_Test
[2019.10.30-11.02.27:929][  0]LogUObjectGlobals: Destroyed PersistentFrame Addr=0x000001fe537d1780, Size=88
[2019.10.30-11.02.27:929][  0]LogUObjectGlobals: Destroyed PersistentFrame Addr=0x000001fe5808ff90, Size=4
[2019.10.30-11.02.27:929][  0]LogUObjectGlobals: Created PersistentFrame Addr=0x000001fe57bde2c0, Size=88, Default__WB_17_SendContinue_C Function /Engine/Transient.REINST_WB_17_SendContinue_C_16:ExecuteUbergraph_WB_17_SendContinue
[2019.10.30-11.02.27:929][  0]LogUObjectGlobals: Created PersistentFrame Addr=0x000001fe5808ff90, Size=4, Default__WB_17_SendContinue_C Function /Engine/Transient.REINST_WB_Test_C_0:ExecuteUbergraph_WB_Test
[2019.10.30-11.02.27:929][  0]LogUObjectGlobals: Destroyed PersistentFrame Addr=0x000001fe542ee990, Size=16
[2019.10.30-11.02.27:929][  0]LogUObjectGlobals: Destroyed PersistentFrame Addr=0x000001fe5808ffe0, Size=4
[2019.10.30-11.02.27:929][  0]LogUObjectGlobals: Created PersistentFrame Addr=0x000001fe57c7b390, Size=16, Default__WB_18_Mungse_C Function /Engine/Transient.REINST_WB_18_Mungse_C_17:ExecuteUbergraph_WB_18_Mungse
[2019.10.30-11.02.27:929][  0]LogUObjectGlobals: Created PersistentFrame Addr=0x000001fe5808ffe0, Size=4, Default__WB_18_Mungse_C Function /Engine/Transient.REINST_WB_Test_C_0:ExecuteUbergraph_WB_Test
[2019.10.30-11.02.27:929][  0]LogUObjectGlobals: Destroyed PersistentFrame Addr=0x000001fe542eeab0, Size=16
[2019.10.30-11.02.27:929][  0]LogUObjectGlobals: Destroyed PersistentFrame Addr=0x000001fe53b180b8, Size=4
[2019.10.30-11.02.27:929][  0]LogUObjectGlobals: Created PersistentFrame Addr=0x000001fe57c7b380, Size=16, Default__WB_19_Thanks_C Function /Engine/Transient.REINST_WB_19_Thanks_C_18:ExecuteUbergraph_WB_19_Thanks
[2019.10.30-11.02.27:929][  0]LogUObjectGlobals: Created PersistentFrame Addr=0x000001fe5808e128, Size=4, Default__WB_19_Thanks_C Function /Engine/Transient.REINST_WB_Test_C_0:ExecuteUbergraph_WB_Test
[2019.10.30-11.02.27:954][  0]LogUObjectGlobals: Created PersistentFrame Addr=0x000001fe5808cfd8, Size=4, Default__WB_Test_C Function /Game/ATM_pch/WB_Test.WB_Test_C:ExecuteUbergraph_WB_Test
[2019.10.30-11.02.27:955][  0]LogUObjectGlobals: Created PersistentFrame Addr=0x000001fe57a4c388, Size=24, Default__WB_00_SizeBox_C Function /Game/ATM_pch/WB_00_SizeBox.WB_00_SizeBox_C:ExecuteUbergraph_WB_00_SizeBox
[2019.10.30-11.02.27:955][  0]LogUObjectGlobals: Created PersistentFrame Addr=0x000001fe5808cfa0, Size=4, Default__WB_00_SizeBox_C Function /Game/ATM_pch/WB_Test.WB_Test_C:ExecuteUbergraph_WB_Test
[2019.10.30-11.02.27:956][  0]LogUObjectGlobals: Created PersistentFrame Addr=0x000001fe54731640, Size=16, Default__WB_01_Main_C Function /Game/ATM_pch/WB_01_Main.WB_01_Main_C:ExecuteUbergraph_WB_01_Main
[2019.10.30-11.02.27:956][  0]LogUObjectGlobals: Created PersistentFrame Addr=0x000001fe5808cec8, Size=4, Default__WB_01_Main_C Function /Game/ATM_pch/WB_Test.WB_Test_C:ExecuteUbergraph_WB_Test
[2019.10.30-11.02.27:957][  0]LogUObjectGlobals: Created PersistentFrame Addr=0x000001fe54621ec0, Size=32, Default__WB_02_Fraud_C Function /Game/ATM_pch/WB_02_Fraud.WB_02_Fraud_C:ExecuteUbergraph_WB_02_Fraud
[2019.10.30-11.02.27:957][  0]LogUObjectGlobals: Created PersistentFrame Addr=0x000001fe5808ce68, Size=4, Default__WB_02_Fraud_C Function /Game/ATM_pch/WB_Test.WB_Test_C:ExecuteUbergraph_WB_Test
[2019.10.30-11.02.27:957][  0]LogUObjectGlobals: Created PersistentFrame Addr=0x000001fe54731470, Size=16, Default__WB_03_VoiceFishing_C Function /Game/ATM_pch/WB_03_VoiceFishing.WB_03_VoiceFishing_C:ExecuteUbergraph_WB_03_VoiceFishing
[2019.10.30-11.02.27:957][  0]LogUObjectGlobals: Created PersistentFrame Addr=0x000001fe5808ce18, Size=4, Default__WB_03_VoiceFishing_C Function /Game/ATM_pch/WB_Test.WB_Test_C:ExecuteUbergraph_WB_Test
[2019.10.30-11.02.27:958][  0]LogUObjectGlobals: Created PersistentFrame Addr=0x000001fe547313e0, Size=16, Default__WB_04_IsCard_C Function /Game/ATM_pch/WB_04_IsCard.WB_04_IsCard_C:ExecuteUbergraph_WB_04_IsCard
[2019.10.30-11.02.27:958][  0]LogUObjectGlobals: Created PersistentFrame Addr=0x000001fe5808cd80, Size=4, Default__WB_04_IsCard_C Function /Game/ATM_pch/WB_Test.WB_Test_C:ExecuteUbergraph_WB_Test
[2019.10.30-11.02.27:959][  0]LogUObjectGlobals: Created PersistentFrame Addr=0x000001fe54731360, Size=16, Default__WB_05_ThrowCard_C Function /Game/ATM_pch/WB_05_ThrowCard.WB_05_ThrowCard_C:ExecuteUbergraph_WB_05_ThrowCard
[2019.10.30-11.02.27:959][  0]LogUObjectGlobals: Created PersistentFrame Addr=0x000001fe5808cd38, Size=4, Default__WB_05_ThrowCard_C Function /Game/ATM_pch/WB_Test.WB_Test_C:ExecuteUbergraph_WB_Test
[2019.10.30-11.02.27:960][  0]LogUObjectGlobals: Created PersistentFrame Addr=0x000001fe547312a0, Size=16, Default__WB_06_ReadCard_C Function /Game/ATM_pch/WB_06_ReadCard.WB_06_ReadCard_C:ExecuteUbergraph_WB_06_ReadCard
[2019.10.30-11.02.27:960][  0]LogUObjectGlobals: Created PersistentFrame Addr=0x000001fe5808cd00, Size=4, Default__WB_06_ReadCard_C Function /Game/ATM_pch/WB_Test.WB_Test_C:ExecuteUbergraph_WB_Test
[2019.10.30-11.02.27:961][  0]LogUObjectGlobals: Created PersistentFrame Addr=0x000001fe57a0ea70, Size=40, Default__WB_07_BankTransform_C Function /Game/ATM_pch/WB_07_BankTransform.WB_07_BankTransform_C:ExecuteUbergraph_WB_07_BankTransform
[2019.10.30-11.02.27:961][  0]LogUObjectGlobals: Created PersistentFrame Addr=0x000001fe5808cc78, Size=4, Default__WB_07_BankTransform_C Function /Game/ATM_pch/WB_Test.WB_Test_C:ExecuteUbergraph_WB_Test
[2019.10.30-11.02.27:962][  0]LogUObjectGlobals: Created PersistentFrame Addr=0x000001fe54658600, Size=128, Default__WB_08_Ongoing_13_16_C Function /Game/ATM_pch/WB_08_Ongoing_13_16.WB_08_Ongoing_13_16_C:ExecuteUbergraph_WB_08_Ongoing_13_16
[2019.10.30-11.02.27:962][  0]LogUObjectGlobals: Created PersistentFrame Addr=0x000001fe5808cb28, Size=4, Default__WB_08_Ongoing_13_16_C Function /Game/ATM_pch/WB_Test.WB_Test_C:ExecuteUbergraph_WB_Test
[2019.10.30-11.02.27:964][  0]LogUObjectGlobals: Created PersistentFrame Addr=0x000001fe54602f60, Size=216, Default__WB_09_SelectBank_C Function /Game/ATM_pch/WB_09_SelectBank.WB_09_SelectBank_C:ExecuteUbergraph_WB_09_SelectBank
[2019.10.30-11.02.27:964][  0]LogUObjectGlobals: Created PersistentFrame Addr=0x000001fe5808c9f0, Size=4, Default__WB_09_SelectBank_C Function /Game/ATM_pch/WB_Test.WB_Test_C:ExecuteUbergraph_WB_Test
[2019.10.30-11.02.27:966][  0]LogUObjectGlobals: Created PersistentFrame Addr=0x000001fe57a1d300, Size=312, Default__WB_10_AcNum_C Function /Game/ATM_pch/WB_10_AcNum.WB_10_AcNum_C:ExecuteUbergraph_WB_10_AcNum
[2019.10.30-11.02.27:966][  0]LogUObjectGlobals: Created PersistentFrame Addr=0x000001fe5808c640, Size=4, Default__WB_10_AcNum_C Function /Game/ATM_pch/WB_Test.WB_Test_C:ExecuteUbergraph_WB_Test
[2019.10.30-11.02.27:969][  0]LogUObjectGlobals: Created PersistentFrame Addr=0x000001fe544edd00, Size=232, Default__WB_11_SelectMoney_C Function /Game/ATM_pch/WB_11_SelectMoney.WB_11_SelectMoney_C:ExecuteUbergraph_WB_11_SelectMoney
[2019.10.30-11.02.27:969][  0]LogUObjectGlobals: Created PersistentFrame Addr=0x000001fe5808c308, Size=4, Default__WB_11_SelectMoney_C Function /Game/ATM_pch/WB_Test.WB_Test_C:ExecuteUbergraph_WB_Test
[2019.10.30-11.02.27:971][  0]LogUObjectGlobals: Created PersistentFrame Addr=0x000001fe54487800, Size=248, Default__WB_12_Password_C Function /Game/ATM_pch/WB_12_Password.WB_12_Password_C:ExecuteUbergraph_WB_12_Password
[2019.10.30-11.02.27:971][  0]LogUObjectGlobals: Created PersistentFrame Addr=0x000001fe5448bfe0, Size=4, Default__WB_12_Password_C Function /Game/ATM_pch/WB_Test.WB_Test_C:ExecuteUbergraph_WB_Test
[2019.10.30-11.02.27:972][  0]LogUObjectGlobals: Created PersistentFrame Addr=0x000001fe54730af0, Size=16, Default__WB_14_LoanTrick_C Function /Game/ATM_pch/WB_14_LoanTrick.WB_14_LoanTrick_C:ExecuteUbergraph_WB_14_LoanTrick
[2019.10.30-11.02.27:972][  0]LogUObjectGlobals: Created PersistentFrame Addr=0x000001fe5448bf20, Size=4, Default__WB_14_LoanTrick_C Function /Game/ATM_pch/WB_Test.WB_Test_C:ExecuteUbergraph_WB_Test
[2019.10.30-11.02.27:973][  0]LogUObjectGlobals: Created PersistentFrame Addr=0x000001fe545291e0, Size=88, Default__WB_15_AccountTransferCheck_C Function /Game/ATM_pch/WB_15_AccountTransferCheck.WB_15_AccountTransferCheck_C:ExecuteUbergraph_WB_15_AccountTransferCheck
[2019.10.30-11.02.27:973][  0]LogUObjectGlobals: Created PersistentFrame Addr=0x000001fe5448be60, Size=4, Default__WB_15_AccountTransferCheck_C Function /Game/ATM_pch/WB_Test.WB_Test_C:ExecuteUbergraph_WB_Test
[2019.10.30-11.02.27:974][  0]LogUObjectGlobals: Created PersistentFrame Addr=0x000001fe54529060, Size=88, Default__WB_17_SendContinue_C Function /Game/ATM_pch/WB_17_SendContinue.WB_17_SendContinue_C:ExecuteUbergraph_WB_17_SendContinue
[2019.10.30-11.02.27:974][  0]LogUObjectGlobals: Created PersistentFrame Addr=0x000001fe5448bd80, Size=4, Default__WB_17_SendContinue_C Function /Game/ATM_pch/WB_Test.WB_Test_C:ExecuteUbergraph_WB_Test
[2019.10.30-11.02.27:975][  0]LogUObjectGlobals: Created PersistentFrame Addr=0x000001fe54730760, Size=16, Default__WB_18_Mungse_C Function /Game/ATM_pch/WB_18_Mungse.WB_18_Mungse_C:ExecuteUbergraph_WB_18_Mungse
[2019.10.30-11.02.27:975][  0]LogUObjectGlobals: Created PersistentFrame Addr=0x000001fe5448bd48, Size=4, Default__WB_18_Mungse_C Function /Game/ATM_pch/WB_Test.WB_Test_C:ExecuteUbergraph_WB_Test
[2019.10.30-11.02.27:975][  0]LogUObjectGlobals: Created PersistentFrame Addr=0x000001fe54730750, Size=16, Default__WB_19_Thanks_C Function /Game/ATM_pch/WB_19_Thanks.WB_19_Thanks_C:ExecuteUbergraph_WB_19_Thanks
[2019.10.30-11.02.27:975][  0]LogUObjectGlobals: Created PersistentFrame Addr=0x000001fe5448bd10, Size=4, Default__WB_19_Thanks_C Function /Game/ATM_pch/WB_Test.WB_Test_C:ExecuteUbergraph_WB_Test
[2019.10.30-11.02.27:984][  0]LogBlueprint: Warning: [Compiler WB_01_Main] [0008.50] WB_01_Main 컴파일에 성공했습니다만, 경고가 2 회 있습니다. [소요시간 81 ms] (/Game/ATM_pch/WB_01_Main.WB_01_Main)
[2019.10.30-11.02.28:345][  0]LogUObjectGlobals: Created PersistentFrame Addr=0x000001fe54489388, Size=4, Default__WD_01_FastFood_C Function /Game/Fastfood/WD_01_FastFood.WD_01_FastFood_C:ExecuteUbergraph_WD_01_FastFood
[2019.10.30-11.02.28:425][  0]LogUObjectGlobals: Destroyed PersistentFrame Addr=0x000001fe54489388, Size=4
[2019.10.30-11.02.28:425][  0]LogUObjectGlobals: Created PersistentFrame Addr=0x000001fe4913b5c8, Size=4, Default__WD_01_FastFood_C Function /Engine/Transient.REINST_WD_01_FastFood_C_19:ExecuteUbergraph_WD_01_FastFood
[2019.10.30-11.02.28:458][  0]LogUObjectGlobals: Created PersistentFrame Addr=0x000001fe4913a460, Size=4, Default__WD_01_FastFood_C Function /Game/Fastfood/WD_01_FastFood.WD_01_FastFood_C:ExecuteUbergraph_WD_01_FastFood
[2019.10.30-11.02.28:467][  0]LogUObjectGlobals: Created PersistentFrame Addr=0x000001fe4913b0f8, Size=4, Default__ss_C Function /Game/Fastfood/ss.ss_C:ExecuteUbergraph_ss
[2019.10.30-11.02.28:469][  0]LogUObjectGlobals: Destroyed PersistentFrame Addr=0x000001fe4913b0f8, Size=4
[2019.10.30-11.02.28:469][  0]LogUObjectGlobals: Created PersistentFrame Addr=0x000001fe4913b0f8, Size=4, Default__ss_C Function /Engine/Transient.REINST_ss_C_20:ExecuteUbergraph_ss
[2019.10.30-11.02.28:471][  0]LogUObjectGlobals: Created PersistentFrame Addr=0x000001fe4913a220, Size=4, Default__ss_C Function /Game/Fastfood/ss.ss_C:ExecuteUbergraph_ss
[2019.10.30-11.02.28:522][  0]LogUObjectGlobals: Created PersistentFrame Addr=0x000001fe543e3880, Size=72, Default__FirstPerson_AnimBP_C Function /Game/FirstPerson/Animations/FirstPerson_AnimBP.FirstPerson_AnimBP_C:ExecuteUbergraph_FirstPerson_AnimBP
[2019.10.30-11.02.28:529][  0]LogUObjectGlobals: Destroyed PersistentFrame Addr=0x000001fe543e3880, Size=72
[2019.10.30-11.02.28:529][  0]LogUObjectGlobals: Created PersistentFrame Addr=0x000001fe543b2e30, Size=72, Default__FirstPerson_AnimBP_C Function /Engine/Transient.REINST_FirstPerson_AnimBP_C_0:ExecuteUbergraph_FirstPerson_AnimBP
[2019.10.30-11.02.28:534][  0]LogUObjectGlobals: Created PersistentFrame Addr=0x000001fe49cad0d0, Size=72, Default__FirstPerson_AnimBP_C Function /Game/FirstPerson/Animations/FirstPerson_AnimBP.FirstPerson_AnimBP_C:ExecuteUbergraph_FirstPerson_AnimBP
[2019.10.30-11.02.28:544][  0]LogUObjectGlobals: Created PersistentFrame Addr=0x000001fe54466f00, Size=256, Default__FirstPersonProjectile_C Function /Game/FirstPersonBP/Blueprints/FirstPersonProjectile.FirstPersonProjectile_C:ExecuteUbergraph_FirstPersonProjectile
[2019.10.30-11.02.28:547][  0]LogUObjectGlobals: Destroyed PersistentFrame Addr=0x000001fe54466f00, Size=256
[2019.10.30-11.02.28:547][  0]LogUObjectGlobals: Created PersistentFrame Addr=0x000001fe54466f00, Size=256, Default__FirstPersonProjectile_C Function /Engine/Transient.REINST_FirstPersonProjectile_C_35:ExecuteUbergraph_FirstPersonProjectile
[2019.10.30-11.02.28:549][  0]LogUObjectGlobals: Created PersistentFrame Addr=0x000001fe544a5200, Size=256, Default__FirstPersonProjectile_C Function /Game/FirstPersonBP/Blueprints/FirstPersonProjectile.FirstPersonProjectile_C:ExecuteUbergraph_FirstPersonProjectile
[2019.10.30-11.02.28:590][  0]LogUObjectGlobals: Created PersistentFrame Addr=0x000001fe4a8b9c00, Size=688, Default__FirstPersonCharacter_C Function /Game/FirstPersonBP/Blueprints/FirstPersonCharacter.FirstPersonCharacter_C:ExecuteUbergraph_FirstPersonCharacter
[2019.10.30-11.02.28:597][  0]LogUObjectGlobals: Destroyed PersistentFrame Addr=0x000001fe4a8b9c00, Size=688
[2019.10.30-11.02.28:597][  0]LogUObjectGlobals: Created PersistentFrame Addr=0x000001fe4a83fa00, Size=688, Default__FirstPersonCharacter_C Function /Engine/Transient.REINST_FirstPersonCharacter_C_37:ExecuteUbergraph_FirstPersonCharacter
[2019.10.30-11.02.28:603][  0]LogUObjectGlobals: Created PersistentFrame Addr=0x000001fe4a83d600, Size=688, Default__FirstPersonCharacter_C Function /Game/FirstPersonBP/Blueprints/FirstPersonCharacter.FirstPersonCharacter_C:ExecuteUbergraph_FirstPersonCharacter
[2019.10.30-11.02.28:609][  0]LogUObjectGlobals: Created PersistentFrame Addr=0x000001fe57a54f70, Size=52, Default__FirstPersonHUD_C Function /Game/FirstPersonBP/Blueprints/FirstPersonHUD.FirstPersonHUD_C:ExecuteUbergraph_FirstPersonHUD
[2019.10.30-11.02.28:611][  0]LogUObjectGlobals: Destroyed PersistentFrame Addr=0x000001fe57a54f70, Size=52
[2019.10.30-11.02.28:611][  0]LogUObjectGlobals: Created PersistentFrame Addr=0x000001fe57a54f70, Size=52, Default__FirstPersonHUD_C Function /Engine/Transient.REINST_FirstPersonHUD_C_39:ExecuteUbergraph_FirstPersonHUD
[2019.10.30-11.02.28:613][  0]LogUObjectGlobals: Created PersistentFrame Addr=0x000001fe57a54800, Size=52, Default__FirstPersonHUD_C Function /Game/FirstPersonBP/Blueprints/FirstPersonHUD.FirstPersonHUD_C:ExecuteUbergraph_FirstPersonHUD
[2019.10.30-11.02.28:686][  0]LogSkeletalMesh: Skeletal Mesh found in DDC [4.299800ms] /Game/FirstPerson/Character/Mesh/SK_Mannequin_Arms.SK_Mannequin_Arms
[2019.10.30-11.02.28:715][  0]LogSkeletalMesh: Skeletal Mesh found in DDC [2.823800ms] /Game/FirstPerson/FPWeapon/Mesh/SK_FPGun.SK_FPGun
[2019.10.30-11.02.29:026][  0]LogAIModule: Creating AISystem for world FirstPersonExampleMap
[2019.10.30-11.02.29:157][  0]LogEditorServer: Finished looking for orphan Actors (0.000 secs)
[2019.10.30-11.02.29:172][  0]LogUObjectGlobals: Destroyed PersistentFrame Addr=0x000001fe5808e230, Size=4
[2019.10.30-11.02.29:172][  0]LogUObjectGlobals: Destroyed PersistentFrame Addr=0x000001fe57fa0c58, Size=24
[2019.10.30-11.02.29:172][  0]LogUObjectGlobals: Destroyed PersistentFrame Addr=0x000001fe5808e208, Size=4
[2019.10.30-11.02.29:172][  0]LogUObjectGlobals: Destroyed PersistentFrame Addr=0x000001fe57c70180, Size=128
[2019.10.30-11.02.29:172][  0]LogUObjectGlobals: Destroyed PersistentFrame Addr=0x000001fe5808e198, Size=4
[2019.10.30-11.02.29:172][  0]LogUObjectGlobals: Destroyed PersistentFrame Addr=0x000001fe57acdc20, Size=216
[2019.10.30-11.02.29:172][  0]LogUObjectGlobals: Destroyed PersistentFrame Addr=0x000001fe5808e188, Size=4
[2019.10.30-11.02.29:172][  0]LogUObjectGlobals: Destroyed PersistentFrame Addr=0x000001fe57f49440, Size=312
[2019.10.30-11.02.29:172][  0]LogUObjectGlobals: Destroyed PersistentFrame Addr=0x000001fe5808e178, Size=4
[2019.10.30-11.02.29:172][  0]LogUObjectGlobals: Destroyed PersistentFrame Addr=0x000001fe57b9e200, Size=232
[2019.10.30-11.02.29:172][  0]LogUObjectGlobals: Destroyed PersistentFrame Addr=0x000001fe5808e168, Size=4
[2019.10.30-11.02.29:172][  0]LogUObjectGlobals: Destroyed PersistentFrame Addr=0x000001fe57b9e000, Size=248
[2019.10.30-11.02.29:172][  0]LogUObjectGlobals: Destroyed PersistentFrame Addr=0x000001fe5808e158, Size=4
[2019.10.30-11.02.29:172][  0]LogUObjectGlobals: Destroyed PersistentFrame Addr=0x000001fe57c7b430, Size=16
[2019.10.30-11.02.29:172][  0]LogUObjectGlobals: Destroyed PersistentFrame Addr=0x000001fe5808e1f8, Size=4
[2019.10.30-11.02.29:172][  0]LogUObjectGlobals: Destroyed PersistentFrame Addr=0x000001fe57b1d440, Size=32
[2019.10.30-11.02.29:172][  0]LogUObjectGlobals: Destroyed PersistentFrame Addr=0x000001fe5808e1e8, Size=4
[2019.10.30-11.02.29:172][  0]LogUObjectGlobals: Destroyed PersistentFrame Addr=0x000001fe57c7b410, Size=16
[2019.10.30-11.02.29:172][  0]LogUObjectGlobals: Destroyed PersistentFrame Addr=0x000001fe5808e1d8, Size=4
[2019.10.30-11.02.29:172][  0]LogUObjectGlobals: Destroyed PersistentFrame Addr=0x000001fe57c7b400, Size=16
[2019.10.30-11.02.29:172][  0]LogUObjectGlobals: Destroyed PersistentFrame Addr=0x000001fe5808e1c8, Size=4
[2019.10.30-11.02.29:172][  0]LogUObjectGlobals: Destroyed PersistentFrame Addr=0x000001fe57c7b3c0, Size=16
[2019.10.30-11.02.29:172][  0]LogUObjectGlobals: Destroyed PersistentFrame Addr=0x000001fe5808e1b8, Size=4
[2019.10.30-11.02.29:172][  0]LogUObjectGlobals: Destroyed PersistentFrame Addr=0x000001fe57c7b3b0, Size=16
[2019.10.30-11.02.29:172][  0]LogUObjectGlobals: Destroyed PersistentFrame Addr=0x000001fe5808e1b0, Size=4
[2019.10.30-11.02.29:172][  0]LogUObjectGlobals: Destroyed PersistentFrame Addr=0x000001fe58078540, Size=40
[2019.10.30-11.02.29:172][  0]LogUObjectGlobals: Destroyed PersistentFrame Addr=0x000001fe5808e1a0, Size=4
[2019.10.30-11.02.29:172][  0]LogUObjectGlobals: Destroyed PersistentFrame Addr=0x000001fe57bde200, Size=88
[2019.10.30-11.02.29:172][  0]LogUObjectGlobals: Destroyed PersistentFrame Addr=0x000001fe5808e138, Size=4
[2019.10.30-11.02.29:172][  0]LogUObjectGlobals: Destroyed PersistentFrame Addr=0x000001fe57c7b3a0, Size=16
[2019.10.30-11.02.29:172][  0]LogUObjectGlobals: Destroyed PersistentFrame Addr=0x000001fe5808e148, Size=4
[2019.10.30-11.02.29:172][  0]LogUObjectGlobals: Destroyed PersistentFrame Addr=0x000001fe57c7b380, Size=16
[2019.10.30-11.02.29:172][  0]LogUObjectGlobals: Destroyed PersistentFrame Addr=0x000001fe5808e128, Size=4
[2019.10.30-11.02.29:172][  0]LogUObjectGlobals: Destroyed PersistentFrame Addr=0x000001fe57c7b390, Size=16
[2019.10.30-11.02.29:172][  0]LogUObjectGlobals: Destroyed PersistentFrame Addr=0x000001fe5808ffe0, Size=4
[2019.10.30-11.02.29:172][  0]LogUObjectGlobals: Destroyed PersistentFrame Addr=0x000001fe57bde2c0, Size=88
[2019.10.30-11.02.29:172][  0]LogUObjectGlobals: Destroyed PersistentFrame Addr=0x000001fe5808ff90, Size=4
[2019.10.30-11.02.29:173][  0]LogUObjectGlobals: Destroyed PersistentFrame Addr=0x000001fe4913b5c8, Size=4
[2019.10.30-11.02.29:173][  0]LogUObjectGlobals: Destroyed PersistentFrame Addr=0x000001fe4913b0f8, Size=4
[2019.10.30-11.02.29:173][  0]LogUObjectGlobals: Destroyed PersistentFrame Addr=0x000001fe543b2e30, Size=72
[2019.10.30-11.02.29:173][  0]LogUObjectGlobals: Destroyed PersistentFrame Addr=0x000001fe54466f00, Size=256
[2019.10.30-11.02.29:173][  0]LogUObjectGlobals: Destroyed PersistentFrame Addr=0x000001fe4a83fa00, Size=688
[2019.10.30-11.02.29:173][  0]LogUObjectGlobals: Destroyed PersistentFrame Addr=0x000001fe57a54f70, Size=52
[2019.10.30-11.02.29:176][  0]Cmd: MAP CHECKDEP NOCLEARLOG
[2019.10.30-11.02.29:210][  0]MapCheck: 맵 체크 완료: 오류 0 회, 경고 0 회, 소요 시간 34.128ms.
[2019.10.30-11.02.29:210][  0]LogFileHelpers: Loading map 'FirstPersonExampleMap' took 2.449
[2019.10.30-11.02.29:332][  0]LogCollectionManager: Loaded 0 collections in 0.001110 seconds
[2019.10.30-11.02.29:373][  0]LogFileCache: Scanning file cache for directory 'D:/GitHub/Test/FastFood_1029 - 18시/Saved/Collections/' took 0.01s
[2019.10.30-11.02.29:373][  0]LogFileCache: Scanning file cache for directory 'D:/GitHub/Test/FastFood_1029 - 18시/Content/Developers/st/Collections/' took 0.01s
[2019.10.30-11.02.29:373][  0]LogFileCache: Scanning file cache for directory 'D:/GitHub/Test/FastFood_1029 - 18시/Content/Collections/' took 0.01s
[2019.10.30-11.02.29:373][  0]LogCollectionManager: Rebuilt the GUID cache for 0 collections in 0.000000 seconds
[2019.10.30-11.02.29:380][  0]LogContentBrowser: Native class hierarchy populated in 0.0070 seconds. Added 2485 classes and 567 folders.
[2019.10.30-11.02.29:386][  0]LogContentBrowser: Native class hierarchy updated for 'WidgetCarousel' in 0.0001 seconds. Added 0 classes and 0 folders.
[2019.10.30-11.02.29:413][  0]LogContentBrowser: Native class hierarchy updated for 'AddContentDialog' in 0.0001 seconds. Added 0 classes and 0 folders.
[2019.10.30-11.02.29:418][  0]LogContentBrowser: Native class hierarchy updated for 'SceneOutliner' in 0.0002 seconds. Added 1 classes and 2 folders.
[2019.10.30-11.02.29:489][  0]LogSlate: Took 0.000142 seconds to synchronously load lazily loaded font '../../../Engine/Content/Slate/Fonts/Roboto-Regular.ttf' (155K)
[2019.10.30-11.02.29:491][  0]LogSlate: Took 0.001837 seconds to synchronously load lazily loaded font '../../../Engine/Content/Editor/Slate/Fonts/NanumGothic.ttf' (4243K)
[2019.10.30-11.02.29:494][  0]LogSlate: Took 0.001684 seconds to synchronously load lazily loaded font '../../../Engine/Content/Editor/Slate/Fonts/NanumGothicBold.ttf' (4188K)
[2019.10.30-11.02.29:494][  0]LogSlate: Took 0.000106 seconds to synchronously load lazily loaded font '../../../Engine/Content/Slate/Fonts/Roboto-Bold.ttf' (160K)
[2019.10.30-11.02.29:499][  0]LogSlate: Took 0.000141 seconds to synchronously load lazily loaded font '../../../Engine/Content/Editor/Slate/Fonts/FontAwesome.ttf' (139K)
[2019.10.30-11.02.29:576][  0]LogRenderer: Reallocating scene render targets to support 1156x600 Format 10 NumSamples 1 (Frame:1).
[2019.10.30-11.02.29:691][  0]LogContentBrowser: Native class hierarchy updated for 'HierarchicalLODOutliner' in 0.0002 seconds. Added 0 classes and 0 folders.
[2019.10.30-11.02.29:691][  0]LogLoad: (Engine Initialization) Total time: 10.21 seconds
[2019.10.30-11.02.29:691][  0]LogLoad: (Engine Initialization) Total Blueprint compile time: 0.00 seconds
[2019.10.30-11.02.29:724][  0]LogContentStreaming: Texture pool size now 1000 MB
[2019.10.30-11.02.29:769][  0]LogSlate: Took 0.000127 seconds to synchronously load lazily loaded font '../../../Engine/Content/Slate/Fonts/Roboto-Light.ttf' (167K)
[2019.10.30-11.02.29:833][  1]LogSlate: Took 0.002006 seconds to synchronously load lazily loaded font '../../../Engine/Content/Slate/Fonts/../../Editor/Slate/Fonts/NanumGothic.ttf' (4243K)
[2019.10.30-11.02.29:930][  2]LogSlate: New Slate User Created.  User Index 8, Is Virtual User: 1
[2019.10.30-11.02.29:930][  2]LogSlate: Slate User Registered.  User Index 8, Is Virtual User: 1
[2019.10.30-11.02.29:945][  2]LogAssetRegistry: Asset discovery search completed in 6.6587 seconds
[2019.10.30-11.02.29:947][  2]LogCollectionManager: Rebuilt the object cache for 0 collections in 0.000000 seconds (found 0 objects)
[2019.10.30-11.02.29:947][  2]LogCollectionManager: Fixed up redirectors for 0 collections in 0.000060 seconds (updated 0 objects)
[2019.10.30-11.02.30:725][ 85]LogSlate: Took 0.000151 seconds to synchronously load lazily loaded font '../../../Engine/Content/Slate/Fonts/Roboto-Light.ttf' (167K)
[2019.10.30-11.02.33:210][379]LogSlate: FSceneViewport::OnFocusLost() reason 0
[2019.10.30-11.02.33:503][389]LogContentBrowser: Native class hierarchy updated for 'BlueprintGraph' in 0.0004 seconds. Added 116 classes and 0 folders.
[2019.10.30-11.02.33:741][389]LogUObjectGlobals: Created PersistentFrame Addr=0x000001fe8629d7d8, Size=4, Default__SKEL_PROTO_BP_AnimBlueprint_0_C Function /Engine/Transient.SKEL_PROTO_BP_AnimBlueprint_0_C:ExecuteUbergraph_PROTO_BP_AnimBlueprint_0
[2019.10.30-11.02.33:742][389]LogUObjectGlobals: Created PersistentFrame Addr=0x000001fe8629d7a0, Size=4, Default__PROTO_BP_AnimBlueprint_0_C Function /Engine/Transient.PROTO_BP_AnimBlueprint_0_C:ExecuteUbergraph_PROTO_BP_AnimBlueprint_0
[2019.10.30-11.02.34:318][389]LogSlate: Took 0.000144 seconds to synchronously load lazily loaded font '../../../Engine/Content/Slate/Fonts/Roboto-BoldCondensed.ttf' (158K)
[2019.10.30-11.02.38:762][898]LogSlate: Took 0.000141 seconds to synchronously load lazily loaded font '../../../Engine/Content/Slate/Fonts/Roboto-Italic.ttf' (157K)
[2019.10.30-11.02.40:949][139]LogActorComponent: UnregisterComponent: (/Engine/Transient.EditorFloorComp) Not registered. Aborting.
[2019.10.30-11.02.56:331][673]LogSlate: Took 0.001332 seconds to synchronously load lazily loaded font '../../../Engine/Content/Slate/Fonts/DroidSansFallback.ttf' (3848K)
[2019.10.30-11.07.04:990][273]LogSlate: Window 'WD_01_FastFood' being destroyed
[2019.10.30-11.07.07:121][523]LogTemp: Repeating last play command: 선택된 뷰포트
[2019.10.30-11.07.07:149][523]LogBlueprintUserMessages: Early PlayInEditor Detection: Level '/Game/FirstPersonBP/Maps/FirstPersonExampleMap.FirstPersonExampleMap:PersistentLevel' has LevelScriptBlueprint '/Game/FirstPersonBP/Maps/FirstPersonExampleMap.FirstPersonExampleMap:PersistentLevel.FirstPersonExampleMap' with GeneratedClass '/Game/FirstPersonBP/Maps/FirstPersonExampleMap.FirstPersonExampleMap_C' with ClassGeneratedBy '/Game/FirstPersonBP/Maps/FirstPersonExampleMap.FirstPersonExampleMap:PersistentLevel.FirstPersonExampleMap'
[2019.10.30-11.07.07:149][523]LogPlayLevel: PlayLevel: No blueprints needed recompiling
[2019.10.30-11.07.07:149][523]PIE: New page: PIE 세션: FirstPersonExampleMap (2019. 10. 31. 오전 5:07:07)
[2019.10.30-11.07.07:149][523]LogPlayLevel: Creating play world package: /Game/FirstPersonBP/Maps/UEDPIE_0_FirstPersonExampleMap
[2019.10.30-11.07.07:165][523]LogPlayLevel: PIE: StaticDuplicateObject took: (0.016650s)
[2019.10.30-11.07.07:166][523]LogAIModule: Creating AISystem for world FirstPersonExampleMap
[2019.10.30-11.07.07:166][523]LogPlayLevel: PIE: World Init took: (0.000649s)
[2019.10.30-11.07.07:166][523]LogPlayLevel: PIE: Created PIE world by copying editor world from /Game/FirstPersonBP/Maps/FirstPersonExampleMap.FirstPersonExampleMap to /Game/FirstPersonBP/Maps/UEDPIE_0_FirstPersonExampleMap.FirstPersonExampleMap (0.017495s)
[2019.10.30-11.07.07:204][523]LogInit: XAudio2 using '헤드폰(Synaptics HD Audio)' : 2 channels at 48 kHz using 32 bits per sample (channel mask 0x3)
[2019.10.30-11.07.07:210][523]LogInit: FAudioDevice initialized.
[2019.10.30-11.07.07:258][523]LogLoad: Game class is 'FirstPersonGameMode_C'
[2019.10.30-11.07.07:323][523]LogWorld: Bringing World /Game/FirstPersonBP/Maps/UEDPIE_0_FirstPersonExampleMap.FirstPersonExampleMap up for play (max tick rate 0) at 2019.10.30-20.07.07
[2019.10.30-11.07.07:324][523]LogWorld: Bringing up level for play took: 0.063338
[2019.10.30-11.07.07:326][523]LogContentBrowser: Native class hierarchy updated for 'MovieSceneCapture' in 0.0002 seconds. Added 11 classes and 0 folders.
[2019.10.30-11.07.07:328][523]PIE: /Game/FirstPersonBP/Maps/UEDPIE_0_FirstPersonExampleMap 에 대한 에디터에서 플레이 시작 시간: -0.747
[2019.10.30-11.07.07:328][523]LogBlueprintUserMessages: Late PlayInEditor Detection: Level '/Game/FirstPersonBP/Maps/FirstPersonExampleMap.FirstPersonExampleMap:PersistentLevel' has LevelScriptBlueprint '/Game/FirstPersonBP/Maps/FirstPersonExampleMap.FirstPersonExampleMap:PersistentLevel.FirstPersonExampleMap' with GeneratedClass '/Game/FirstPersonBP/Maps/FirstPersonExampleMap.FirstPersonExampleMap_C' with ClassGeneratedBy '/Game/FirstPersonBP/Maps/FirstPersonExampleMap.FirstPersonExampleMap:PersistentLevel.FirstPersonExampleMap'
[2019.10.30-11.07.49:290][551]LogBlueprintUserMessages: Early EndPlayMap Detection: Level '/Game/FirstPersonBP/Maps/FirstPersonExampleMap.FirstPersonExampleMap:PersistentLevel' has LevelScriptBlueprint '/Game/FirstPersonBP/Maps/FirstPersonExampleMap.FirstPersonExampleMap:PersistentLevel.FirstPersonExampleMap' with GeneratedClass '/Game/FirstPersonBP/Maps/FirstPersonExampleMap.FirstPersonExampleMap_C' with ClassGeneratedBy '/Game/FirstPersonBP/Maps/FirstPersonExampleMap.FirstPersonExampleMap:PersistentLevel.FirstPersonExampleMap'
[2019.10.30-11.07.49:325][551]LogBlueprintUserMessages: Late EndPlayMap Detection: Level '/Game/FirstPersonBP/Maps/FirstPersonExampleMap.FirstPersonExampleMap:PersistentLevel' has LevelScriptBlueprint '/Game/FirstPersonBP/Maps/FirstPersonExampleMap.FirstPersonExampleMap:PersistentLevel.FirstPersonExampleMap' with GeneratedClass '/Game/FirstPersonBP/Maps/FirstPersonExampleMap.FirstPersonExampleMap_C' with ClassGeneratedBy '/Game/FirstPersonBP/Maps/FirstPersonExampleMap.FirstPersonExampleMap:PersistentLevel.FirstPersonExampleMap'
[2019.10.30-11.29.57:722][821]LogSlate: FSceneViewport::OnFocusLost() reason 0
[2019.10.30-11.30.10:447][322]LogUObjectGlobals: Created PersistentFrame Addr=0x000001fe9a53c3f0, Size=4, Default__NewWidgetBlueprint_C Function /Game/Fastfood/NewWidgetBlueprint.NewWidgetBlueprint_C:ExecuteUbergraph_NewWidgetBlueprint
[2019.10.30-11.30.10:451][322]LogUObjectGlobals: Destroyed PersistentFrame Addr=0x000001fe9a53c3f0, Size=4
[2019.10.30-11.30.10:451][322]LogUObjectGlobals: Created PersistentFrame Addr=0x000001fe9a53c3f0, Size=4, Default__NewWidgetBlueprint_C Function /Engine/Transient.REINST_NewWidgetBlueprint_C_21:ExecuteUbergraph_NewWidgetBlueprint
[2019.10.30-11.30.10:452][322]LogUObjectGlobals: Created PersistentFrame Addr=0x000001fe9a53cec8, Size=4, Default__NewWidgetBlueprint_C Function /Game/Fastfood/NewWidgetBlueprint.NewWidgetBlueprint_C:ExecuteUbergraph_NewWidgetBlueprint
