Log file open, 10/22/19 21:28:03
LogWindows: Failed to load 'aqProf.dll' (GetLastError=126)
LogWindows: File 'aqProf.dll' does not exist
LogWindows: Failed to load 'VtuneApi.dll' (GetLastError=126)
LogWindows: File 'VtuneApi.dll' does not exist
LogWindows: Failed to load 'VtuneApi32e.dll' (GetLastError=126)
LogWindows: File 'VtuneApi32e.dll' does not exist
LogInit: Display: Running engine for game: leap_zenga
LogPlatformFile: Not using cached read wrapper
LogInit: Display: RandInit(19365888) SRandInit(19365888).
LogInit: Read version file with build ID '3944462'
LogInit: Overriding engine version to CL 4033788, compatible CL 3944462
LogInit: Registered custom module enumerator with build ID '3944462'
LogTaskGraph: Started task graph with 5 named threads and 35 total threads with 3 sets of task threads.
LogStats: Stats thread started at 0.394336
LogD3D11RHI: Aftermath initialized
LogICUInternationalization: Display: ICU TimeZone Detection - Raw Offset: +9:00, Platform Override: ''
LogModuleManager: Display: Found up-to-date module file ../../../Engine/Plugins/Runtime/LeapMotion/Binaries/Win64/UE4Editor-LeapMotion.dll (API version 3944462).
LogModuleManager: Display: Found up-to-date module file ../../../Engine/Plugins/2D/Paper2D/Binaries/Win64/UE4Editor-Paper2D.dll (API version 3944462).
LogModuleManager: Display: Found up-to-date module file ../../../Engine/Plugins/2D/Paper2D/Binaries/Win64/UE4Editor-Paper2DEditor.dll (API version 3944462).
LogModuleManager: Display: Found up-to-date module file ../../../Engine/Plugins/2D/Paper2D/Binaries/Win64/UE4Editor-PaperSpriteSheetImporter.dll (API version 3944462).
LogModuleManager: Display: Found up-to-date module file ../../../Engine/Plugins/2D/Paper2D/Binaries/Win64/UE4Editor-PaperTiledImporter.dll (API version 3944462).
LogModuleManager: Display: Found up-to-date module file ../../../Engine/Plugins/2D/Paper2D/Binaries/Win64/UE4Editor-SmartSnapping.dll (API version 3944462).
LogModuleManager: Display: Found up-to-date module file ../../../Engine/Plugins/Blendables/LightPropagationVolume/Binaries/Win64/UE4Editor-LightPropagationVolumeRuntime.dll (API version 3944462).
LogModuleManager: Display: Found up-to-date module file ../../../Engine/Plugins/Blendables/LightPropagationVolume/Binaries/Win64/UE4Editor-LightPropagationVolumeEditor.dll (API version 3944462).
LogModuleManager: Display: Found up-to-date module file ../../../Engine/Plugins/Developer/CLionSourceCodeAccess/Binaries/Win64/UE4Editor-CLionSourceCodeAccess.dll (API version 3944462).
LogModuleManager: Display: Found up-to-date module file ../../../Engine/Plugins/Developer/GitSourceControl/Binaries/Win64/UE4Editor-GitSourceControl.dll (API version 3944462).
LogModuleManager: Display: Found up-to-date module file ../../../Engine/Plugins/Developer/PerforceSourceControl/Binaries/Win64/UE4Editor-PerforceSourceControl.dll (API version 3944462).
LogModuleManager: Display: Found up-to-date module file ../../../Engine/Plugins/Developer/SubversionSourceControl/Binaries/Win64/UE4Editor-SubversionSourceControl.dll (API version 3944462).
LogModuleManager: Display: Found up-to-date module file ../../../Engine/Plugins/Developer/UObjectPlugin/Binaries/Win64/UE4Editor-UObjectPlugin.dll (API version 3944462).
LogModuleManager: Display: Found up-to-date module file ../../../Engine/Plugins/Developer/VisualStudioCodeSourceCodeAccess/Binaries/Win64/UE4Editor-VisualStudioCodeSourceCodeAccess.dll (API version 3944462).
LogModuleManager: Display: Found up-to-date module file ../../../Engine/Plugins/Developer/VisualStudioSourceCodeAccess/Binaries/Win64/UE4Editor-VisualStudioSourceCodeAccess.dll (API version 3944462).
LogModuleManager: Display: Found up-to-date module file ../../../Engine/Plugins/Editor/AssetManagerEditor/Binaries/Win64/UE4Editor-AssetManagerEditor.dll (API version 3944462).
LogModuleManager: Display: Found up-to-date module file ../../../Engine/Plugins/Editor/CryptoKeys/Binaries/Win64/UE4Editor-CryptoKeys.dll (API version 3944462).
LogModuleManager: Display: Found up-to-date module file ../../../Engine/Plugins/Editor/CryptoKeys/Binaries/Win64/UE4Editor-CryptoKeysOpenSSL.dll (API version 3944462).
LogModuleManager: Display: Found up-to-date module file ../../../Engine/Plugins/Editor/DataValidation/Binaries/Win64/UE4Editor-DataValidation.dll (API version 3944462).
LogModuleManager: Display: Found up-to-date module file ../../../Engine/Plugins/Editor/FacialAnimation/Binaries/Win64/UE4Editor-FacialAnimation.dll (API version 3944462).
LogModuleManager: Display: Found up-to-date module file ../../../Engine/Plugins/Editor/FacialAnimation/Binaries/Win64/UE4Editor-FacialAnimationEditor.dll (API version 3944462).
LogModuleManager: Display: Found up-to-date module file ../../../Engine/Plugins/Editor/GameplayTagsEditor/Binaries/Win64/UE4Editor-GameplayTagsEditor.dll (API version 3944462).
LogModuleManager: Display: Found up-to-date module file ../../../Engine/Plugins/Editor/MobileLauncherProfileWizard/Binaries/Win64/UE4Editor-MobileLauncherProfileWizard.dll (API version 3944462).
LogModuleManager: Display: Found up-to-date module file ../../../Engine/Plugins/Editor/PluginBrowser/Binaries/Win64/UE4Editor-PluginBrowser.dll (API version 3944462).
LogModuleManager: Display: Found up-to-date module file ../../../Engine/Plugins/Editor/SpeedTreeImporter/Binaries/Win64/UE4Editor-SpeedTreeImporter.dll (API version 3944462).
LogModuleManager: Display: Found up-to-date module file ../../../Engine/Plugins/Enterprise/DatasmithContent/Binaries/Win64/UE4Editor-DatasmithContent.dll (API version 3944462).
LogModuleManager: Display: Found up-to-date module file ../../../Engine/Plugins/Experimental/AlembicImporter/Binaries/Win64/UE4Editor-AlembicImporter.dll (API version 3944462).
LogModuleManager: Display: Found up-to-date module file ../../../Engine/Plugins/Experimental/AlembicImporter/Binaries/Win64/UE4Editor-AlembicLibrary.dll (API version 3944462).
LogModuleManager: Display: Found up-to-date module file ../../../Engine/Plugins/Experimental/CharacterAI/Binaries/Win64/UE4Editor-CharacterAI.dll (API version 3944462).
LogModuleManager: Display: Found up-to-date module file ../../../Engine/Plugins/Experimental/HTML5Networking/Binaries/Win64/UE4Editor-HTML5Networking.dll (API version 3944462).
LogModuleManager: Display: Found up-to-date module file ../../../Engine/Plugins/Media/AndroidMedia/Binaries/Win64/UE4Editor-AndroidMediaEditor.dll (API version 3944462).
LogModuleManager: Display: Found up-to-date module file ../../../Engine/Plugins/Media/AndroidMedia/Binaries/Win64/UE4Editor-AndroidMediaFactory.dll (API version 3944462).
LogModuleManager: Display: Found up-to-date module file ../../../Engine/Plugins/Media/AvfMedia/Binaries/Win64/UE4Editor-AvfMediaEditor.dll (API version 3944462).
LogModuleManager: Display: Found up-to-date module file ../../../Engine/Plugins/Media/AvfMedia/Binaries/Win64/UE4Editor-AvfMediaFactory.dll (API version 3944462).
LogModuleManager: Display: Found up-to-date module file ../../../Engine/Plugins/Media/AvfMedia/Binaries/Win64/UE4Editor-AvfMediaFactory.dll (API version 3944462).
LogModuleManager: Display: Found up-to-date module file ../../../Engine/Plugins/Media/ImgMedia/Binaries/Win64/UE4Editor-ImgMedia.dll (API version 3944462).
LogModuleManager: Display: Found up-to-date module file ../../../Engine/Plugins/Media/ImgMedia/Binaries/Win64/UE4Editor-ImgMediaEditor.dll (API version 3944462).
LogModuleManager: Display: Found up-to-date module file ../../../Engine/Plugins/Media/ImgMedia/Binaries/Win64/UE4Editor-ImgMediaFactory.dll (API version 3944462).
LogModuleManager: Display: Found up-to-date module file ../../../Engine/Plugins/Media/ImgMedia/Binaries/Win64/UE4Editor-ImgMediaFactory.dll (API version 3944462).
LogModuleManager: Display: Found up-to-date module file ../../../Engine/Plugins/Media/ImgMedia/Binaries/Win64/UE4Editor-OpenExrWrapper.dll (API version 3944462).
LogModuleManager: Display: Found up-to-date module file ../../../Engine/Plugins/Media/LinearTimecode/Binaries/Win64/UE4Editor-LinearTimecode.dll (API version 3944462).
LogModuleManager: Display: Found up-to-date module file ../../../Engine/Plugins/Media/MediaCompositing/Binaries/Win64/UE4Editor-MediaCompositing.dll (API version 3944462).
LogModuleManager: Display: Found up-to-date module file ../../../Engine/Plugins/Media/MediaCompositing/Binaries/Win64/UE4Editor-MediaCompositingEditor.dll (API version 3944462).
LogModuleManager: Display: Found up-to-date module file ../../../Engine/Plugins/Media/MediaPlayerEditor/Binaries/Win64/UE4Editor-MediaPlayerEditor.dll (API version 3944462).
LogModuleManager: Display: Found up-to-date module file ../../../Engine/Plugins/Media/WmfMedia/Binaries/Win64/UE4Editor-WmfMedia.dll (API version 3944462).
LogModuleManager: Display: Found up-to-date module file ../../../Engine/Plugins/Media/WmfMedia/Binaries/Win64/UE4Editor-WmfMediaEditor.dll (API version 3944462).
LogModuleManager: Display: Found up-to-date module file ../../../Engine/Plugins/Media/WmfMedia/Binaries/Win64/UE4Editor-WmfMediaFactory.dll (API version 3944462).
LogModuleManager: Display: Found up-to-date module file ../../../Engine/Plugins/Media/WmfMedia/Binaries/Win64/UE4Editor-WmfMediaFactory.dll (API version 3944462).
LogModuleManager: Display: Found up-to-date module file ../../../Engine/Plugins/Messaging/TcpMessaging/Binaries/Win64/UE4Editor-TcpMessaging.dll (API version 3944462).
LogModuleManager: Display: Found up-to-date module file ../../../Engine/Plugins/Messaging/UdpMessaging/Binaries/Win64/UE4Editor-UdpMessaging.dll (API version 3944462).
LogModuleManager: Display: Found up-to-date module file ../../../Engine/Plugins/MovieScene/ActorSequence/Binaries/Win64/UE4Editor-ActorSequence.dll (API version 3944462).
LogModuleManager: Display: Found up-to-date module file ../../../Engine/Plugins/MovieScene/LevelSequenceEditor/Binaries/Win64/UE4Editor-LevelSequenceEditor.dll (API version 3944462).
LogModuleManager: Display: Found up-to-date module file ../../../Engine/Plugins/MovieScene/MatineeToLevelSequence/Binaries/Win64/UE4Editor-MatineeToLevelSequence.dll (API version 3944462).
LogModuleManager: Display: Found up-to-date module file ../../../Engine/Plugins/NetcodeUnitTest/NetcodeUnitTest/Binaries/Win64/UE4Editor-NetcodeUnitTest.dll (API version 3944462).
LogModuleManager: Display: Found up-to-date module file ../../../Engine/Plugins/NetcodeUnitTest/NUTUnrealEngine4/Binaries/Win64/UE4Editor-NUTUnrealEngine4.dll (API version 3944462).
LogModuleManager: Display: Found up-to-date module file ../../../Engine/Plugins/Online/OnlineSubsystem/Binaries/Win64/UE4Editor-OnlineSubsystem.dll (API version 3944462).
LogModuleManager: Display: Found up-to-date module file ../../../Engine/Plugins/Runtime/AndroidPermission/Binaries/Win64/UE4Editor-AndroidPermission.dll (API version 3944462).
LogModuleManager: Display: Found up-to-date module file ../../../Engine/Plugins/Online/OnlineSubsystemNull/Binaries/Win64/UE4Editor-OnlineSubsystemNull.dll (API version 3944462).
LogModuleManager: Display: Found up-to-date module file ../../../Engine/Plugins/Online/OnlineSubsystemUtils/Binaries/Win64/UE4Editor-OnlineSubsystemUtils.dll (API version 3944462).
LogModuleManager: Display: Found up-to-date module file ../../../Engine/Plugins/Online/OnlineSubsystemUtils/Binaries/Win64/UE4Editor-OnlineBlueprintSupport.dll (API version 3944462).
LogModuleManager: Display: Found up-to-date module file ../../../Engine/Plugins/Runtime/AndroidDeviceProfileSelector/Binaries/Win64/UE4Editor-AndroidDeviceProfileSelector.dll (API version 3944462).
LogModuleManager: Display: Found up-to-date module file ../../../Engine/Plugins/Runtime/AppleARKit/Binaries/Win64/UE4Editor-AppleARKit.dll (API version 3944462).
LogModuleManager: Display: Found up-to-date module file ../../../Engine/Plugins/Runtime/ProceduralMeshComponent/Binaries/Win64/UE4Editor-ProceduralMeshComponent.dll (API version 3944462).
LogModuleManager: Display: Found up-to-date module file ../../../Engine/Plugins/Runtime/ProceduralMeshComponent/Binaries/Win64/UE4Editor-ProceduralMeshComponentEditor.dll (API version 3944462).
LogModuleManager: Display: Found up-to-date module file ../../../Engine/Plugins/Animation/LiveLink/Binaries/Win64/UE4Editor-LiveLink.dll (API version 3944462).
LogModuleManager: Display: Found up-to-date module file ../../../Engine/Plugins/Animation/LiveLink/Binaries/Win64/UE4Editor-LiveLinkEditor.dll (API version 3944462).
LogModuleManager: Display: Found up-to-date module file ../../../Engine/Plugins/Runtime/ArchVisCharacter/Binaries/Win64/UE4Editor-ArchVisCharacter.dll (API version 3944462).
LogModuleManager: Display: Found up-to-date module file ../../../Engine/Plugins/Runtime/AudioCapture/Binaries/Win64/UE4Editor-AudioCapture.dll (API version 3944462).
LogModuleManager: Display: Found up-to-date module file ../../../Engine/Plugins/Runtime/AudioCapture/Binaries/Win64/UE4Editor-AudioCaptureEditor.dll (API version 3944462).
LogModuleManager: Display: Found up-to-date module file ../../../Engine/Plugins/Runtime/CableComponent/Binaries/Win64/UE4Editor-CableComponent.dll (API version 3944462).
LogModuleManager: Display: Found up-to-date module file ../../../Engine/Plugins/Runtime/CustomMeshComponent/Binaries/Win64/UE4Editor-CustomMeshComponent.dll (API version 3944462).
LogModuleManager: Display: Found up-to-date module file ../../../Engine/Plugins/Runtime/ExampleDeviceProfileSelector/Binaries/Win64/UE4Editor-ExampleDeviceProfileSelector.dll (API version 3944462).
LogModuleManager: Display: Found up-to-date module file ../../../Engine/Plugins/Runtime/ImmediatePhysics/Binaries/Win64/UE4Editor-ImmediatePhysics.dll (API version 3944462).
LogModuleManager: Display: Found up-to-date module file ../../../Engine/Plugins/Runtime/ImmediatePhysics/Binaries/Win64/UE4Editor-ImmediatePhysicsEditor.dll (API version 3944462).
LogModuleManager: Display: Found up-to-date module file ../../../Engine/Plugins/Runtime/LocationServicesBPLibrary/Binaries/Win64/UE4Editor-LocationServicesBPLibrary.dll (API version 3944462).
LogModuleManager: Display: Found up-to-date module file ../../../Engine/Plugins/Runtime/MobilePatchingUtils/Binaries/Win64/UE4Editor-MobilePatchingUtils.dll (API version 3944462).
LogModuleManager: Display: Found up-to-date module file ../../../Engine/Plugins/Runtime/Oculus/OculusVR/Binaries/Win64/UE4Editor-OculusHMD.dll (API version 3944462).
LogModuleManager: Display: Found up-to-date module file ../../../Engine/Plugins/Runtime/Oculus/OculusVR/Binaries/Win64/UE4Editor-OculusInput.dll (API version 3944462).
LogModuleManager: Display: Found up-to-date module file ../../../Engine/Plugins/Runtime/Oculus/OculusVR/Binaries/Win64/UE4Editor-OculusEditor.dll (API version 3944462).
LogModuleManager: Display: Found up-to-date module file ../../../Engine/Plugins/Runtime/PhysXVehicles/Binaries/Win64/UE4Editor-PhysXVehicles.dll (API version 3944462).
LogModuleManager: Display: Found up-to-date module file ../../../Engine/Plugins/Runtime/PhysXVehicles/Binaries/Win64/UE4Editor-PhysXVehiclesEditor.dll (API version 3944462).
LogModuleManager: Display: Found up-to-date module file ../../../Engine/Plugins/Runtime/RuntimePhysXCooking/Binaries/Win64/UE4Editor-RuntimePhysXCooking.dll (API version 3944462).
LogModuleManager: Display: Found up-to-date module file ../../../Engine/Plugins/Runtime/Steam/SteamVR/Binaries/Win64/UE4Editor-SteamVR.dll (API version 3944462).
LogModuleManager: Display: Found up-to-date module file ../../../Engine/Plugins/Runtime/Steam/SteamVR/Binaries/Win64/UE4Editor-SteamVRController.dll (API version 3944462).
LogModuleManager: Display: Found up-to-date module file ../../../Engine/Plugins/Runtime/WindowsMoviePlayer/Binaries/Win64/UE4Editor-WindowsMoviePlayer.dll (API version 3944462).
LogPluginManager: Mounting plugin Paper2D
LogPluginManager: Mounting plugin LiveLink
LogPluginManager: Mounting plugin LightPropagationVolume
LogPluginManager: Mounting plugin CLionSourceCodeAccess
LogPluginManager: Mounting plugin CodeLiteSourceCodeAccess
LogPluginManager: Mounting plugin GitSourceControl
LogPluginManager: Mounting plugin KDevelopSourceCodeAccess
LogPluginManager: Mounting plugin NullSourceCodeAccess
LogPluginManager: Mounting plugin PerforceSourceControl
LogPluginManager: Mounting plugin SubversionSourceControl
LogPluginManager: Mounting plugin UObjectPlugin
LogPluginManager: Mounting plugin VisualStudioCodeSourceCodeAccess
LogPluginManager: Mounting plugin VisualStudioSourceCodeAccess
LogPluginManager: Mounting plugin XCodeSourceCodeAccess
LogPluginManager: Mounting plugin AssetManagerEditor
LogPluginManager: Mounting plugin CryptoKeys
LogPluginManager: Mounting plugin DataValidation
LogPluginManager: Mounting plugin FacialAnimation
LogPluginManager: Mounting plugin GameplayTagsEditor
LogPluginManager: Mounting plugin MobileLauncherProfileWizard
LogPluginManager: Mounting plugin PluginBrowser
LogPluginManager: Mounting plugin SpeedTreeImporter
LogPluginManager: Mounting plugin DatasmithContent
LogPluginManager: Mounting plugin AlembicImporter
LogPluginManager: Mounting plugin CharacterAI
LogPluginManager: Mounting plugin HTML5Networking
LogPluginManager: Mounting plugin AndroidMedia
LogPluginManager: Mounting plugin AvfMedia
LogPluginManager: Mounting plugin ImgMedia
LogPluginManager: Mounting plugin LinearTimecode
LogPluginManager: Mounting plugin MediaCompositing
LogPluginManager: Mounting plugin MediaPlayerEditor
LogPluginManager: Mounting plugin WmfMedia
LogPluginManager: Mounting plugin TcpMessaging
LogPluginManager: Mounting plugin UdpMessaging
LogPluginManager: Mounting plugin ActorSequence
LogPluginManager: Mounting plugin LevelSequenceEditor
LogPluginManager: Mounting plugin MatineeToLevelSequence
LogPluginManager: Mounting plugin NetcodeUnitTest
LogPluginManager: Mounting plugin NUTUnrealEngine4
LogPluginManager: Mounting plugin OnlineSubsystemGooglePlay
LogPluginManager: Mounting plugin OnlineSubsystemIOS
LogPluginManager: Mounting plugin OnlineSubsystem
LogPluginManager: Mounting plugin OnlineSubsystemNull
LogPluginManager: Mounting plugin OnlineSubsystemUtils
LogPluginManager: Mounting plugin AndroidDeviceProfileSelector
LogPluginManager: Mounting plugin AndroidMoviePlayer
LogPluginManager: Mounting plugin AndroidPermission
LogPluginManager: Mounting plugin AppleARKit
LogPluginManager: Mounting plugin AppleMoviePlayer
LogPluginManager: Mounting plugin ArchVisCharacter
LogPluginManager: Mounting plugin AudioCapture
LogPluginManager: Mounting plugin CableComponent
LogPluginManager: Mounting plugin CustomMeshComponent
LogPluginManager: Mounting plugin ExampleDeviceProfileSelector
LogPluginManager: Mounting plugin GoogleCloudMessaging
LogPluginManager: Mounting plugin ImmediatePhysics
LogPluginManager: Mounting plugin IOSDeviceProfileSelector
LogPluginManager: Mounting plugin LeapMotion
LogPluginManager: Mounting plugin LinuxDeviceProfileSelector
LogPluginManager: Mounting plugin LocationServicesBPLibrary
LogPluginManager: Mounting plugin MobilePatchingUtils
LogPluginManager: Mounting plugin OculusVR
LogPluginManager: Plugin shader directory ../../../Engine/Plugins/Runtime/Oculus/OculusVR/Shaders found
LogPluginManager: Mapping shader source directory ../../../Engine/Plugins/Runtime/Oculus/OculusVR/Shaders to virtual directory /Plugin/OculusVR
LogPluginManager: Mounting plugin PhysXVehicles
LogPluginManager: Mounting plugin ProceduralMeshComponent
LogPluginManager: Mounting plugin RuntimePhysXCooking
LogPluginManager: Mounting plugin SteamVR
LogPluginManager: Mounting plugin WindowsMoviePlayer
LogStreaming: Display: Took  0.539s to configure plugins.
LogInit: Using libcurl 7.47.1
LogInit:  - built for x86_64-pc-win32
LogInit:  - supports SSL with OpenSSL/1.0.2g
LogInit:  - supports HTTP deflate (compression) using libz 1.2.8
LogInit:  - other features:
LogInit:      CURL_VERSION_SSL
LogInit:      CURL_VERSION_LIBZ
LogInit:      CURL_VERSION_IPV6
LogInit:      CURL_VERSION_ASYNCHDNS
LogInit:      CURL_VERSION_LARGEFILE
LogInit:      CURL_VERSION_IDN
LogInit:  CurlRequestOptions (configurable via config and command line):
LogInit:  - bVerifyPeer = false  - Libcurl will NOT verify peer certificate
LogInit:  - bUseHttpProxy = false  - Libcurl will NOT use HTTP proxy
LogInit:  - bDontReuseConnections = false  - Libcurl will reuse connections
LogInit:  - CertBundlePath = nullptr  - Libcurl will use whatever was configured at build time.
LogInit:  - MaxHostConnections = 16  - Libcurl will limit the number of connections to a host
LogInit:  - LocalHostAddr = Default
LogInit: WinSock: version 1.1 (2.2), MaxSocks=32767, MaxUdp=65467
LogInit: WinSock: I am DESKTOP-PF0DSIS (192.168.0.5:0)
LeapPluginLog: Using LeapPlugin version 2.0.0
LogInit: Build: ++UE4+Release-4.19-CL-4033788
LogInit: Engine Version: 4.19.2-4033788+++UE4+Release-4.19
LogInit: Compatible Engine Version: 4.19.0-3944462+++UE4+Release-4.19
LogInit: Net CL: 3944462
LogDevObjectVersion: Number of dev versions registered: 18
LogDevObjectVersion:   Dev-Blueprints (B0D832E4-1F89-4F0D-ACCF-7EB736FD4AA2): 10
LogDevObjectVersion:   Dev-Build (E1C64328-A22C-4D53-A36C-8E866417BD8C): 0
LogDevObjectVersion:   Dev-Core (375EC13C-06E4-48FB-B500-84F0262A717E): 2
LogDevObjectVersion:   Dev-Editor (E4B068ED-F494-42E9-A231-DA0B2E46BB41): 23
LogDevObjectVersion:   Dev-Framework (CFFC743F-43B0-4480-9391-14DF171D2073): 33
LogDevObjectVersion:   Dev-Mobile (B02B49B5-BB20-44E9-A304-32B752E40360): 2
LogDevObjectVersion:   Dev-Networking (A4E4105C-59A1-49B5-A7C5-40C4547EDFEE): 0
LogDevObjectVersion:   Dev-Online (39C831C9-5AE6-47DC-9A44-9C173E1C8E7C): 0
LogDevObjectVersion:   Dev-Physics (78F01B33-EBEA-4F98-B9B4-84EACCB95AA2): 0
LogDevObjectVersion:   Dev-Platform (6631380F-2D4D-43E0-8009-CF276956A95A): 0
LogDevObjectVersion:   Dev-Rendering (12F88B9F-8875-4AFC-A67C-D90C383ABD29): 25
LogDevObjectVersion:   Dev-Sequencer (7B5AE74C-D270-4C10-A958-57980B212A5A): 6
LogDevObjectVersion:   Dev-VR (D7296918-1DD6-4BDD-9DE2-64A83CC13884): 1
LogDevObjectVersion:   Dev-LoadTimes (C2A15278-BFE7-4AFE-6C17-90FF531DF755): 1
LogDevObjectVersion:   Private-Geometry (6EACA3D4-40EC-4CC1-B786-8BED09428FC5): 2
LogDevObjectVersion:   Dev-AnimPhys (29E575DD-E0A3-4627-9D10-D276232CDCEA): 16
LogDevObjectVersion:   Dev-ReflectionCapture (6B266CEC-1EC7-4B8F-A30B-E4D90942FC07): 1
LogDevObjectVersion:   Dev-Automation (0DF73D61-A23F-47EA-B727-89E90C41499A): 1
LogInit: Compiled (64-bit): Apr 27 2018 02:06:57
LogInit: Compiled with Visual C++: 19.00.24215.01
LogInit: Build Configuration: Development
LogInit: Branch Name: ++UE4+Release-4.19
LogInit: Command Line:  
LogInit: Base Directory: D:/Lecture/Unreal/UE_4.19/Engine/Binaries/Win64/
LogInit: Installed Engine Build: 1
LogStreaming: Display: Took  0.001s to delete old logs.
LogInit: Presizing for max 8388607 objects, including 0 objects not considered by GC, pre-allocating 0 bytes for permanent pool.
LogInit: Object subsystem initialized
[2019.10.22-12.28.04:468][  0]LogInit: Selected Device Profile: [Windows]
[2019.10.22-12.28.04:468][  0]LogInit: Applying CVar settings loaded from the selected device profile: [Windows]
[2019.10.22-12.28.04:478][  0]LogInit: Computer: DESKTOP-PF0DSIS
[2019.10.22-12.28.04:478][  0]LogInit: User: st
[2019.10.22-12.28.04:478][  0]LogInit: CPU Page size=4096, Cores=6
[2019.10.22-12.28.04:478][  0]LogInit: High frequency timer resolution =10.000000 MHz
[2019.10.22-12.28.04:478][  0]LogMemory: Memory total: Physical=31.8GB (32GB approx)
[2019.10.22-12.28.04:478][  0]LogMemory: Platform Memory Stats for Windows
[2019.10.22-12.28.04:478][  0]LogMemory: Process Physical Memory: 278.07 MB used, 278.07 MB peak
[2019.10.22-12.28.04:478][  0]LogMemory: Process Virtual Memory: 266.73 MB used, 266.73 MB peak
[2019.10.22-12.28.04:478][  0]LogMemory: Physical Memory: 10136.09 MB used,  22405.88 MB free, 32541.98 MB total
[2019.10.22-12.28.04:478][  0]LogMemory: Virtual Memory: 4859.82 MB used,  22405.88 MB free, 134217728.00 MB total
[2019.10.22-12.28.04:492][  0]LogInit: Using OS detected language (ko-KR).
[2019.10.22-12.28.04:492][  0]LogInit: Using OS detected locale (ko-KR).
[2019.10.22-12.28.04:493][  0]LogTextLocalizationManager: No specific localization for 'ko-KR' exists, so the 'ko' localization will be used.
[2019.10.22-12.28.04:786][  0]LogStreaming: Display: Took  0.295s to EndInitTextLocalization.
[2019.10.22-12.28.04:786][  0]LogInit: Setting process to per monitor DPI aware
[2019.10.22-12.28.04:831][  0]LogSlate: New Slate User Created.  User Index 0, Is Virtual User: 0
[2019.10.22-12.28.04:831][  0]LogSlate: Slate User Registered.  User Index 0, Is Virtual User: 0
[2019.10.22-12.28.04:974][  0]LogD3D11RHI: D3D11 adapters:
[2019.10.22-12.28.05:044][  0]LogD3D11RHI:    0. 'NVIDIA GeForce RTX 2080' (Feature Level 11_0)
[2019.10.22-12.28.05:044][  0]LogD3D11RHI:       8010/0/16270 MB DedicatedVideo/DedicatedSystem/SharedSystem, Outputs:1, VendorId:0x10de
[2019.10.22-12.28.05:054][  0]LogD3D11RHI:    1. 'Intel(R) UHD Graphics 630' (Feature Level 11_0)
[2019.10.22-12.28.05:054][  0]LogD3D11RHI:       128/0/16270 MB DedicatedVideo/DedicatedSystem/SharedSystem, Outputs:0, VendorId:0x8086
[2019.10.22-12.28.05:056][  0]LogD3D11RHI:    2. 'Microsoft Basic Render Driver' (Feature Level 11_0)
[2019.10.22-12.28.05:056][  0]LogD3D11RHI:       0/0/16270 MB DedicatedVideo/DedicatedSystem/SharedSystem, Outputs:0, VendorId:0x1414
[2019.10.22-12.28.05:056][  0]LogD3D11RHI: Chosen D3D11 Adapter: 0
[2019.10.22-12.28.05:062][  0]LogD3D11RHI: Creating new Direct3DDevice
[2019.10.22-12.28.05:062][  0]LogD3D11RHI:     GPU DeviceId: 0x1e82 (for the marketing name, search the web for "GPU Device Id")
[2019.10.22-12.28.05:062][  0]LogWindows: EnumDisplayDevices:
[2019.10.22-12.28.05:062][  0]LogWindows:    0. 'NVIDIA GeForce RTX 2080' (P:1 D:1)
[2019.10.22-12.28.05:063][  0]LogWindows:    1. 'NVIDIA GeForce RTX 2080' (P:0 D:0)
[2019.10.22-12.28.05:063][  0]LogWindows:    2. 'NVIDIA GeForce RTX 2080' (P:0 D:0)
[2019.10.22-12.28.05:063][  0]LogWindows:    3. 'NVIDIA GeForce RTX 2080' (P:0 D:0)
[2019.10.22-12.28.05:063][  0]LogWindows:    4. 'Intel(R) UHD Graphics 630' (P:0 D:0)
[2019.10.22-12.28.05:063][  0]LogWindows:    5. 'Intel(R) UHD Graphics 630' (P:0 D:0)
[2019.10.22-12.28.05:063][  0]LogWindows:    6. 'Intel(R) UHD Graphics 630' (P:0 D:0)
[2019.10.22-12.28.05:063][  0]LogWindows: DebugString: GetVideoDriverDetailsInvalid PrimaryIsNotTheChoosenAdapter GetVideoDriverDetailsInvalid PrimaryIsNotTheChoosenAdapter GetVideoDriverDetailsInvalid PrimaryIsNotTheChoosenAdapter GetVideoDriverDetailsInvalid PrimaryIsNotTheChoosenAdapter GetVideoDriverDetailsInvalid PrimaryIsNotTheChoosenAdapter GetVideoDriverDetailsInvalid PrimaryIsNotTheChoosenAdapter GetVideoDriverDetailsInvalid PrimaryIsNotTheChoosenAdapter FoundDriverCount:0 
[2019.10.22-12.28.05:063][  0]LogD3D11RHI:     Adapter Name: NVIDIA GeForce RTX 2080
[2019.10.22-12.28.05:063][  0]LogD3D11RHI:   Driver Version: Unknown (internal:Unknown, unified:Unknown)
[2019.10.22-12.28.05:063][  0]LogD3D11RHI:      Driver Date: Unknown
[2019.10.22-12.28.05:064][  0]LogRHI: Texture pool is 5607 MB (70% of 8010 MB)
[2019.10.22-12.28.05:106][  0]LogD3D11RHI: [Aftermath] Aftermath enabled and primed
[2019.10.22-12.28.05:106][  0]LogD3D11RHI: [Aftermath] Aftermath enabled and primed
[2019.10.22-12.28.05:106][  0]LogD3D11RHI: Async texture creation enabled
[2019.10.22-12.28.05:117][  0]LogD3D11RHI: GPU Timing Frequency: 1000.000000 (Debug: 2 1)
[2019.10.22-12.28.05:165][  0]LogShaderCompilers: Guid format shader working directory is 14 characters bigger than the processId version (../../../../Study/Leap_Zenga/Intermediate/Shaders/WorkingDirectory/39784/).
[2019.10.22-12.28.05:166][  0]LogShaderCompilers: Cleaned the shader compiler working directory 'C:/Users/st/AppData/Local/Temp/UnrealShaderWorkingDir/990399FD45F1B544339CC1893E7D0FB0/'.
[2019.10.22-12.28.05:336][  0]LogTemp: Display: Loaded TP AllDesktopTargetPlatform
[2019.10.22-12.28.05:346][  0]LogTemp: Display: Loaded TP MacClientTargetPlatform
[2019.10.22-12.28.05:355][  0]LogTemp: Display: Loaded TP MacNoEditorTargetPlatform
[2019.10.22-12.28.05:365][  0]LogTemp: Display: Loaded TP MacServerTargetPlatform
[2019.10.22-12.28.05:374][  0]LogTemp: Display: Loaded TP MacTargetPlatform
[2019.10.22-12.28.05:384][  0]LogTemp: Display: Loaded TP WindowsClientTargetPlatform
[2019.10.22-12.28.05:393][  0]LogTemp: Display: Loaded TP WindowsNoEditorTargetPlatform
[2019.10.22-12.28.05:403][  0]LogTemp: Display: Loaded TP WindowsServerTargetPlatform
[2019.10.22-12.28.05:407][  0]LogTemp: Display: Loaded TP WindowsTargetPlatform
[2019.10.22-12.28.05:416][  0]LogTemp: Display: Loaded TP Android_ASTCTargetPlatform
[2019.10.22-12.28.05:424][  0]LogTemp: Display: Loaded TP Android_ATCTargetPlatform
[2019.10.22-12.28.05:432][  0]LogTemp: Display: Loaded TP Android_DXTTargetPlatform
[2019.10.22-12.28.05:441][  0]LogTemp: Display: Loaded TP Android_ETC1aTargetPlatform
[2019.10.22-12.28.05:449][  0]LogTemp: Display: Loaded TP Android_ETC1TargetPlatform
[2019.10.22-12.28.05:457][  0]LogTemp: Display: Loaded TP Android_ETC2TargetPlatform
[2019.10.22-12.28.05:474][  0]LogTemp: Display: Loaded TP Android_MultiTargetPlatform
[2019.10.22-12.28.05:474][  0]LogTemp: Display: Loaded TP Android_PVRTCTargetPlatform
[2019.10.22-12.28.05:483][  0]LogTemp: Display: Loaded TP AndroidTargetPlatform
[2019.10.22-12.28.05:483][  0]LogTemp: Display: Loaded TP HTML5TargetPlatform
[2019.10.22-12.28.05:516][  0]LogTemp: Display: Loaded TP IOSTargetPlatform
[2019.10.22-12.28.05:524][  0]LogTemp: Display: Loaded TP TVOSTargetPlatform
[2019.10.22-12.28.05:533][  0]LogTemp: Display: Loaded TP LinuxClientTargetPlatform
[2019.10.22-12.28.05:541][  0]LogTemp: Display: Loaded TP LinuxNoEditorTargetPlatform
[2019.10.22-12.28.05:549][  0]LogTemp: Display: Loaded TP LinuxServerTargetPlatform
[2019.10.22-12.28.05:558][  0]LogTemp: Display: Loaded TP LinuxTargetPlatform
[2019.10.22-12.28.05:558][  0]LogTargetPlatformManager: Display: Building Assets For Windows
[2019.10.22-12.28.05:625][  0]LogXGEController: Cannot use XGE Controller as Incredibuild is not installed on this machine.
[2019.10.22-12.28.05:625][  0]LogShaderCompilers: Cannot use XGE Shader Compiler as Incredibuild is not installed on this machine.
[2019.10.22-12.28.05:625][  0]LogShaderCompilers: Display: Using Local Shader Compiler.
[2019.10.22-12.28.06:140][  0]LogDerivedDataCache: Display: Max Cache Size: 512 MB
[2019.10.22-12.28.06:187][  0]LogDerivedDataCache: Loaded boot cache 0.05s 74MB C:/Users/st/AppData/Local/UnrealEngine/4.19/DerivedDataCache/Boot.ddc.
[2019.10.22-12.28.06:187][  0]LogDerivedDataCache: Display: Loaded Boot cache: C:/Users/st/AppData/Local/UnrealEngine/4.19/DerivedDataCache/Boot.ddc
[2019.10.22-12.28.06:187][  0]LogDerivedDataCache: FDerivedDataBackendGraph:  Pak pak cache file ../../../../Study/Leap_Zenga/DerivedDataCache/DDC.ddp not found, will not use a pak cache.
[2019.10.22-12.28.06:187][  0]LogDerivedDataCache: Unable to find inner node Pak for hierarchical cache Hierarchy.
[2019.10.22-12.28.06:187][  0]LogDerivedDataCache: FDerivedDataBackendGraph:  CompressedPak pak cache file ../../../../Study/Leap_Zenga/DerivedDataCache/Compressed.ddp not found, will not use a pak cache.
[2019.10.22-12.28.06:187][  0]LogDerivedDataCache: Unable to find inner node CompressedPak for hierarchical cache Hierarchy.
[2019.10.22-12.28.06:199][  0]LogDerivedDataCache: Display: Pak cache opened for reading ../../../Engine/DerivedDataCache/Compressed.ddp.
[2019.10.22-12.28.06:211][  0]LogDerivedDataCache: Using Local data cache path C:/Users/st/AppData/Local/UnrealEngine/Common/DerivedDataCache: Writable
[2019.10.22-12.28.06:211][  0]LogDerivedDataCache: Shared data cache path not found in *engine.ini, will not use an Shared cache.
[2019.10.22-12.28.06:211][  0]LogDerivedDataCache: Unable to find inner node Shared for hierarchical cache Hierarchy.
[2019.10.22-12.28.06:227][  0]LogMaterial: Verifying Global Shaders for PCD3D_SM5
[2019.10.22-12.28.06:227][  0]LogSlate: Using Freetype 2.6.0
[2019.10.22-12.28.06:227][  0]LogSlate: SlateFontCache - WITH_FREETYPE: 1, WITH_HARFBUZZ: 1
[2019.10.22-12.28.06:228][  0]LogSlate: SlateFontCache - WITH_FREETYPE: 1, WITH_HARFBUZZ: 1
[2019.10.22-12.28.06:315][  0]LogAssetRegistry: FAssetRegistry took 0.0246 seconds to start up
[2019.10.22-12.28.06:526][  0]LogInit: Selected Device Profile: [Windows]
[2019.10.22-12.28.06:634][  0]LogSimplygon: Simplygon DLL not present - disabling.
[2019.10.22-12.28.06:636][  0]LogMeshReduction: Using SimplygonSwarm for distributed automatic mesh merging
[2019.10.22-12.28.06:636][  0]LogMeshReduction: Using QuadricMeshReduction for automatic static mesh reduction
[2019.10.22-12.28.06:636][  0]LogMeshReduction: No automatic skeletal mesh reduction module available
[2019.10.22-12.28.06:636][  0]LogMeshReduction: No automatic mesh merging module available
[2019.10.22-12.28.06:636][  0]LogMeshMerging: No automatic mesh merging module available
[2019.10.22-12.28.06:657][  0]LogNetVersion: leap_zenga , NetCL: 3944462, EngineNetVer: 2, GameNetVer: 0 (Checksum: 700161384)
[2019.10.22-12.28.06:984][  0]LogPackageLocalizationCache: Processed 10 localized package path(s) for 2 prioritized culture(s) in 0.048426 seconds
[2019.10.22-12.28.06:989][  0]LogUObjectArray: 37413 objects as part of root set at end of initial load.
[2019.10.22-12.28.06:989][  0]LogUObjectAllocator: 7430992 out of 0 bytes used by permanent object pool.
[2019.10.22-12.28.06:989][  0]LogUObjectArray: CloseDisregardForGC: 0/0 objects in disregard for GC pool
[2019.10.22-12.28.08:115][  0]LogTcpMessaging: Initializing TcpMessaging bridge
[2019.10.22-12.28.08:136][  0]LogUdpMessaging: Initializing bridge on interface 0.0.0.0:0 to multicast group 230.0.0.1:6666.
[2019.10.22-12.28.08:356][  0]SourceControl: 소스 콘트롤이 꺼졌습니다.
[2019.10.22-12.28.08:356][  0]SourceControl: 소스 콘트롤이 꺼졌습니다.
[2019.10.22-12.28.08:365][  0]SourceControl: 소스 콘트롤이 꺼졌습니다.
[2019.10.22-12.28.08:375][  0]SourceControl: 소스 콘트롤이 꺼졌습니다.
[2019.10.22-12.28.08:680][  0]LogAndroidPermission: UAndroidPermissionCallbackProxy::GetInstance
[2019.10.22-12.28.08:793][  0]LogOcInput: OculusInput pre-init called
[2019.10.22-12.28.08:865][  0]LogEngine: Initializing Engine...
[2019.10.22-12.28.08:866][  0]LogHMD: Failed to initialize OpenVR with code 110
[2019.10.22-12.28.08:867][  0]LogStats: UGameplayTagsManager::ConstructGameplayTagTree: Construct from data asset -  0.000 s
[2019.10.22-12.28.08:867][  0]LogStats: UGameplayTagsManager::ConstructGameplayTagTree: GameplayTagTreeChangedEvent.Broadcast -  0.000 s
[2019.10.22-12.28.09:033][  0]LogAIModule: Creating AISystem for world Untitled
[2019.10.22-12.28.09:058][  0]LogInit: XAudio2 using '헤드폰(Synaptics HD Audio)' : 2 channels at 48 kHz using 32 bits per sample (channel mask 0x3)
[2019.10.22-12.28.09:134][  0]LogInit: FAudioDevice initialized.
[2019.10.22-12.28.09:209][  0]LogDerivedDataCache: Saved boot cache 0.07s 74MB C:/Users/st/AppData/Local/UnrealEngine/4.19/DerivedDataCache/Boot.ddc.
[2019.10.22-12.28.09:221][  0]LogInit: Texture streaming: Enabled
[2019.10.22-12.28.09:231][  0]LogEngineSessionManager: EngineSessionManager initialized
[2019.10.22-12.28.09:241][  0]LogInit: Transaction tracking system initialized
[2019.10.22-12.28.09:256][  0]BlueprintLog: New page: 에디터 로드
[2019.10.22-12.28.09:303][  0]LocalizationService: 현지화 서비스가 비활성화되었습니다.
[2019.10.22-12.28.09:369][  0]LogConsoleResponse: Display: 
[2019.10.22-12.28.09:490][  0]LogCook: Display: Max memory allowance for cook 16384mb min free memory 0mb
[2019.10.22-12.28.09:490][  0]LogCook: Display: Mobile HDR setting 1
[2019.10.22-12.28.09:490][  0]LogGameplayTags: Display: UGameplayTagsManager::DoneAddingNativeTags. DelegateIsBound: 0
[2019.10.22-12.28.09:490][  0]LogStats: UGameplayTagsManager::ConstructGameplayTagTree: Construct from data asset -  0.000 s
[2019.10.22-12.28.09:490][  0]LogStats: UGameplayTagsManager::ConstructGameplayTagTree: GameplayTagTreeChangedEvent.Broadcast -  0.000 s
[2019.10.22-12.28.09:643][  0]LogFileCache: Scanning file cache for directory 'D:/Lecture/Unreal/Study/Leap_Zenga/Content/' took 0.01s
[2019.10.22-12.28.09:700][  0]SourceControl: 소스 콘트롤이 꺼졌습니다.
[2019.10.22-12.28.09:700][  0]Cmd: MAP LOAD FILE="../../../../Study/Leap_Zenga/Content/FirstPersonBP/Maps/FirstPersonExampleMap.umap" TEMPLATE=0 SHOWPROGRESS=1 FEATURELEVEL=3
[2019.10.22-12.28.09:700][  0]LightingResults: New page: 라이팅 빌드
[2019.10.22-12.28.09:702][  0]MapCheck: New page: 맵 체크
[2019.10.22-12.28.09:702][  0]LightingResults: New page: 라이팅 빌드
[2019.10.22-12.28.09:719][  0]LogUObjectGlobals: Created PersistentFrame Addr=0x0000021aba0331c0, Size=192, Default__KeypadDisplay_C Function /Game/FirstPersonBP/Blueprints/KeypadDisplay.KeypadDisplay_C:ExecuteUbergraph_KeypadDisplay
[2019.10.22-12.28.09:722][  0]LogUObjectGlobals: Destroyed PersistentFrame Addr=0x0000021aba0331c0, Size=192
[2019.10.22-12.28.09:722][  0]LogUObjectGlobals: Created PersistentFrame Addr=0x0000021aba0331c0, Size=192, Default__KeypadDisplay_C Function /Engine/Transient.REINST_KeypadDisplay_C_2:ExecuteUbergraph_KeypadDisplay
[2019.10.22-12.28.09:725][  0]LogUObjectGlobals: Created PersistentFrame Addr=0x0000021aba030f40, Size=192, Default__KeypadDisplay_C Function /Game/FirstPersonBP/Blueprints/KeypadDisplay.KeypadDisplay_C:ExecuteUbergraph_KeypadDisplay
[2019.10.22-12.28.09:728][  0]LogUObjectGlobals: Created PersistentFrame Addr=0x0000021a9df6a1e0, Size=32, Default__KeypadWB_C Function /Game/FirstPersonBP/Blueprints/KeypadWB.KeypadWB_C:ExecuteUbergraph_KeypadWB
[2019.10.22-12.28.09:731][  0]LogUObjectGlobals: Destroyed PersistentFrame Addr=0x0000021a9df6a1e0, Size=32
[2019.10.22-12.28.09:731][  0]LogUObjectGlobals: Created PersistentFrame Addr=0x0000021a9df6a1e0, Size=32, Default__KeypadWB_C Function /Engine/Transient.REINST_KeypadWB_C_1:ExecuteUbergraph_KeypadWB
[2019.10.22-12.28.09:732][  0]LogUObjectGlobals: Created PersistentFrame Addr=0x0000021a9ea17e00, Size=32, Default__KeypadWB_C Function /Game/FirstPersonBP/Blueprints/KeypadWB.KeypadWB_C:ExecuteUbergraph_KeypadWB
[2019.10.22-12.28.09:734][  0]LogUObjectGlobals: Created PersistentFrame Addr=0x0000021a9ea1a400, Size=104, Default__Keypad_C Function /Game/FirstPersonBP/Blueprints/Keypad.Keypad_C:ExecuteUbergraph_Keypad
[2019.10.22-12.28.09:737][  0]LogUObjectGlobals: Destroyed PersistentFrame Addr=0x0000021a9ea1a400, Size=104
[2019.10.22-12.28.09:737][  0]LogUObjectGlobals: Created PersistentFrame Addr=0x0000021a9ea1a400, Size=104, Default__Keypad_C Function /Engine/Transient.REINST_Keypad_C_5:ExecuteUbergraph_Keypad
[2019.10.22-12.28.09:741][  0]LogUObjectGlobals: Created PersistentFrame Addr=0x0000021a9e99feb0, Size=104, Default__Keypad_C Function /Game/FirstPersonBP/Blueprints/Keypad.Keypad_C:ExecuteUbergraph_Keypad
[2019.10.22-12.28.09:816][  0]LogUObjectGlobals: Created PersistentFrame Addr=0x0000021a9e90e428, Size=4, Default__WD_Bank_C Function /Game/FirstPersonBP/Blueprints/WD_Bank.WD_Bank_C:ExecuteUbergraph_WD_Bank
[2019.10.22-12.28.09:820][  0]LogUObjectGlobals: Destroyed PersistentFrame Addr=0x0000021a9e90e428, Size=4
[2019.10.22-12.28.09:820][  0]LogUObjectGlobals: Created PersistentFrame Addr=0x0000021a9e90e428, Size=4, Default__WD_Bank_C Function /Engine/Transient.REINST_WD_Bank_C_3:ExecuteUbergraph_WD_Bank
[2019.10.22-12.28.09:821][  0]LogUObjectGlobals: Created PersistentFrame Addr=0x0000021a9e90e920, Size=4, Default__WD_Bank_C Function /Game/FirstPersonBP/Blueprints/WD_Bank.WD_Bank_C:ExecuteUbergraph_WD_Bank
[2019.10.22-12.28.09:894][  0]LogUObjectGlobals: Created PersistentFrame Addr=0x0000021a9e1b7240, Size=288, Default__BasicCharacter_AnimBlueprint_C Function /LeapMotion/Character/Basic/BasicCharacter_AnimBlueprint.BasicCharacter_AnimBlueprint_C:ExecuteUbergraph_BasicCharacter_AnimBlueprint
[2019.10.22-12.28.09:965][  0]LogUObjectGlobals: Destroyed PersistentFrame Addr=0x0000021a9e1b7240, Size=288
[2019.10.22-12.28.09:965][  0]LogUObjectGlobals: Created PersistentFrame Addr=0x0000021aa13d7240, Size=288, Default__BasicCharacter_AnimBlueprint_C Function /Engine/Transient.REINST_BasicCharacter_AnimBlueprint_C_0:ExecuteUbergraph_BasicCharacter_AnimBlueprint
[2019.10.22-12.28.10:018][  0]LogUObjectGlobals: Created PersistentFrame Addr=0x0000021aa1fec400, Size=288, Default__BasicCharacter_AnimBlueprint_C Function /LeapMotion/Character/Basic/BasicCharacter_AnimBlueprint.BasicCharacter_AnimBlueprint_C:ExecuteUbergraph_BasicCharacter_AnimBlueprint
[2019.10.22-12.28.10:086][  0]LogUObjectGlobals: Created PersistentFrame Addr=0x0000021aa1f3c800, Size=200, Default__LeapEchoHands_AnimBlueprint_C Function /LeapMotion/Character/Echo/LeapEchoHands_AnimBlueprint.LeapEchoHands_AnimBlueprint_C:ExecuteUbergraph_LeapEchoHands_AnimBlueprint
[2019.10.22-12.28.10:157][  0]LogUObjectGlobals: Destroyed PersistentFrame Addr=0x0000021aa1f3c800, Size=200
[2019.10.22-12.28.10:157][  0]LogUObjectGlobals: Created PersistentFrame Addr=0x0000021aa16ebac0, Size=200, Default__LeapEchoHands_AnimBlueprint_C Function /Engine/Transient.REINST_LeapEchoHands_AnimBlueprint_C_1:ExecuteUbergraph_LeapEchoHands_AnimBlueprint
[2019.10.22-12.28.10:208][  0]LogUObjectGlobals: Created PersistentFrame Addr=0x0000021a9c1c9360, Size=200, Default__LeapEchoHands_AnimBlueprint_C Function /LeapMotion/Character/Echo/LeapEchoHands_AnimBlueprint.LeapEchoHands_AnimBlueprint_C:ExecuteUbergraph_LeapEchoHands_AnimBlueprint
[2019.10.22-12.28.10:273][  0]LogUObjectGlobals: Created PersistentFrame Addr=0x0000021a9ed29900, Size=240, Default__LeapAnimBodyConnector_C Function /LeapMotion/Blueprints/LeapConnectors/LeapAnimBodyConnector.LeapAnimBodyConnector_C:ExecuteUbergraph_LeapAnimBodyConnector
[2019.10.22-12.28.10:299][  0]LogUObjectGlobals: Destroyed PersistentFrame Addr=0x0000021a9ed29900, Size=240
[2019.10.22-12.28.10:299][  0]LogUObjectGlobals: Created PersistentFrame Addr=0x0000021a9ed29900, Size=240, Default__LeapAnimBodyConnector_C Function /Engine/Transient.REINST_LeapAnimBodyConnector_C_27:ExecuteUbergraph_LeapAnimBodyConnector
[2019.10.22-12.28.10:314][  0]LogUObjectGlobals: Created PersistentFrame Addr=0x0000021aa3006600, Size=240, Default__LeapAnimBodyConnector_C Function /LeapMotion/Blueprints/LeapConnectors/LeapAnimBodyConnector.LeapAnimBodyConnector_C:ExecuteUbergraph_LeapAnimBodyConnector
[2019.10.22-12.28.10:322][  0]LogUObjectGlobals: Created PersistentFrame Addr=0x0000021aa3037370, Size=24, Default__LeapHandsActorBase_C Function /LeapMotion/Blueprints/Rigging/FloatingHands/LeapHandsActorBase.LeapHandsActorBase_C:ExecuteUbergraph_LeapHandsActorBase
[2019.10.22-12.28.10:327][  0]LogUObjectGlobals: Destroyed PersistentFrame Addr=0x0000021aa3037370, Size=24
[2019.10.22-12.28.10:327][  0]LogUObjectGlobals: Created PersistentFrame Addr=0x0000021aa3037370, Size=24, Default__LeapHandsActorBase_C Function /Engine/Transient.REINST_LeapHandsActorBase_C_29:ExecuteUbergraph_LeapHandsActorBase
[2019.10.22-12.28.10:329][  0]LogUObjectGlobals: Created PersistentFrame Addr=0x0000021aa3036bd8, Size=24, Default__LeapHandsActorBase_C Function /LeapMotion/Blueprints/Rigging/FloatingHands/LeapHandsActorBase.LeapHandsActorBase_C:ExecuteUbergraph_LeapHandsActorBase
[2019.10.22-12.28.10:341][  0]LogUObjectGlobals: Created PersistentFrame Addr=0x0000021aa21c4100, Size=416, Default__BP_LeapRiggedEchoHandsActor_C Function /Game/FirstPersonBP/Blueprints/BP_LeapRiggedEchoHandsActor.BP_LeapRiggedEchoHandsActor_C:ExecuteUbergraph_BP_LeapRiggedEchoHandsActor
[2019.10.22-12.28.10:341][  0]LogUObjectGlobals: Created PersistentFrame Addr=0x0000021aa3036ab8, Size=24, Default__BP_LeapRiggedEchoHandsActor_C Function /LeapMotion/Blueprints/Rigging/FloatingHands/LeapHandsActorBase.LeapHandsActorBase_C:ExecuteUbergraph_LeapHandsActorBase
[2019.10.22-12.28.10:349][  0]LogUObjectGlobals: Destroyed PersistentFrame Addr=0x0000021aa21c4100, Size=416
[2019.10.22-12.28.10:349][  0]LogUObjectGlobals: Destroyed PersistentFrame Addr=0x0000021aa3036ab8, Size=24
[2019.10.22-12.28.10:349][  0]LogUObjectGlobals: Created PersistentFrame Addr=0x0000021aa21c4100, Size=416, Default__BP_LeapRiggedEchoHandsActor_C Function /Engine/Transient.REINST_BP_LeapRiggedEchoHandsActor_C_31:ExecuteUbergraph_BP_LeapRiggedEchoHandsActor
[2019.10.22-12.28.10:349][  0]LogUObjectGlobals: Created PersistentFrame Addr=0x0000021aa3036ab8, Size=24, Default__BP_LeapRiggedEchoHandsActor_C Function /LeapMotion/Blueprints/Rigging/FloatingHands/LeapHandsActorBase.LeapHandsActorBase_C:ExecuteUbergraph_LeapHandsActorBase
[2019.10.22-12.28.10:356][  0]LogUObjectGlobals: Created PersistentFrame Addr=0x0000021aa2d23040, Size=416, Default__BP_LeapRiggedEchoHandsActor_C Function /Game/FirstPersonBP/Blueprints/BP_LeapRiggedEchoHandsActor.BP_LeapRiggedEchoHandsActor_C:ExecuteUbergraph_BP_LeapRiggedEchoHandsActor
[2019.10.22-12.28.10:356][  0]LogUObjectGlobals: Created PersistentFrame Addr=0x0000021aa3035348, Size=24, Default__BP_LeapRiggedEchoHandsActor_C Function /LeapMotion/Blueprints/Rigging/FloatingHands/LeapHandsActorBase.LeapHandsActorBase_C:ExecuteUbergraph_LeapHandsActorBase
[2019.10.22-12.28.10:490][  0]LogUObjectGlobals: Created PersistentFrame Addr=0x0000021abdd7e600, Size=32, Default__LeapComponentHandsActor_C Function /LeapMotion/Blueprints/Rigging/FloatingHands/LeapComponentHandsActor.LeapComponentHandsActor_C:ExecuteUbergraph_LeapComponentHandsActor
[2019.10.22-12.28.10:490][  0]LogUObjectGlobals: Created PersistentFrame Addr=0x0000021abdcfe7d0, Size=24, Default__LeapComponentHandsActor_C Function /LeapMotion/Blueprints/Rigging/FloatingHands/LeapHandsActorBase.LeapHandsActorBase_C:ExecuteUbergraph_LeapHandsActorBase
[2019.10.22-12.28.10:502][  0]LogUObjectGlobals: Destroyed PersistentFrame Addr=0x0000021abdd7e600, Size=32
[2019.10.22-12.28.10:502][  0]LogUObjectGlobals: Destroyed PersistentFrame Addr=0x0000021abdcfe7d0, Size=24
[2019.10.22-12.28.10:502][  0]LogUObjectGlobals: Created PersistentFrame Addr=0x0000021abdd7e600, Size=32, Default__LeapComponentHandsActor_C Function /Engine/Transient.REINST_LeapComponentHandsActor_C_41:ExecuteUbergraph_LeapComponentHandsActor
[2019.10.22-12.28.10:502][  0]LogUObjectGlobals: Created PersistentFrame Addr=0x0000021abdcfe7d0, Size=24, Default__LeapComponentHandsActor_C Function /LeapMotion/Blueprints/Rigging/FloatingHands/LeapHandsActorBase.LeapHandsActorBase_C:ExecuteUbergraph_LeapHandsActorBase
[2019.10.22-12.28.10:507][  0]LogUObjectGlobals: Created PersistentFrame Addr=0x0000021abd64fe20, Size=32, Default__LeapComponentHandsActor_C Function /LeapMotion/Blueprints/Rigging/FloatingHands/LeapComponentHandsActor.LeapComponentHandsActor_C:ExecuteUbergraph_LeapComponentHandsActor
[2019.10.22-12.28.10:508][  0]LogUObjectGlobals: Created PersistentFrame Addr=0x0000021abdcfd5b8, Size=24, Default__LeapComponentHandsActor_C Function /LeapMotion/Blueprints/Rigging/FloatingHands/LeapHandsActorBase.LeapHandsActorBase_C:ExecuteUbergraph_LeapHandsActorBase
[2019.10.22-12.28.10:640][  0]LogUObjectGlobals: Created PersistentFrame Addr=0x0000021abdd8f900, Size=1640, Default__LeapEchoImageHands_AnimBlueprint_C Function /LeapMotion/Character/Echo/LeapEchoImageHands_AnimBlueprint.LeapEchoImageHands_AnimBlueprint_C:ExecuteUbergraph_LeapEchoImageHands_AnimBlueprint
[2019.10.22-12.28.10:739][  0]LogUObjectGlobals: Destroyed PersistentFrame Addr=0x0000021abdd8f900, Size=1640
[2019.10.22-12.28.10:739][  0]LogUObjectGlobals: Created PersistentFrame Addr=0x0000021abd95b900, Size=1640, Default__LeapEchoImageHands_AnimBlueprint_C Function /Engine/Transient.REINST_LeapEchoImageHands_AnimBlueprint_C_2:ExecuteUbergraph_LeapEchoImageHands_AnimBlueprint
[2019.10.22-12.28.10:817][  0]LogUObjectGlobals: Created PersistentFrame Addr=0x0000021ac0d59600, Size=1640, Default__LeapEchoImageHands_AnimBlueprint_C Function /LeapMotion/Character/Echo/LeapEchoImageHands_AnimBlueprint.LeapEchoImageHands_AnimBlueprint_C:ExecuteUbergraph_LeapEchoImageHands_AnimBlueprint
[2019.10.22-12.28.10:856][  0]LogUObjectGlobals: Created PersistentFrame Addr=0x0000021ac0e0e010, Size=4, Default__PostProcessChanger_C Function /LeapMotion/Blueprints/Utility/PostProcessChanger.PostProcessChanger_C:ExecuteUbergraph_PostProcessChanger
[2019.10.22-12.28.10:972][  0]LogUObjectGlobals: Destroyed PersistentFrame Addr=0x0000021ac0e0e010, Size=4
[2019.10.22-12.28.10:972][  0]LogUObjectGlobals: Created PersistentFrame Addr=0x0000021ac0e0e010, Size=4, Default__PostProcessChanger_C Function /Engine/Transient.REINST_PostProcessChanger_C_46:ExecuteUbergraph_PostProcessChanger
[2019.10.22-12.28.10:979][  0]LogBlueprint: Warning: [Compiler PostProcessChanger] PostProcessSettings 분해  /  PostProcessChanger  에서 오버라이드 핀이 제거되었으니, 블루프린트가 예상대로 작동하는지 검증해 주세요! 자세한 정보는 핀 표시여부 활성화 팁을 참고하세요. 이 경고는 애셋을 저장하면 사라질 것입니다!
[2019.10.22-12.28.10:997][  0]LogUObjectGlobals: Created PersistentFrame Addr=0x0000021abd48e6a0, Size=4, Default__PostProcessChanger_C Function /LeapMotion/Blueprints/Utility/PostProcessChanger.PostProcessChanger_C:ExecuteUbergraph_PostProcessChanger
[2019.10.22-12.28.10:998][  0]LogBlueprint: Warning: [Compiler PostProcessChanger] [0008.37] PostProcessChanger 컴파일에 성공했습니다만, 경고가 1 회 있습니다. [소요시간 104 ms] (/LeapMotion/Blueprints/Utility/PostProcessChanger.PostProcessChanger)
[2019.10.22-12.28.11:008][  0]LogUObjectGlobals: Created PersistentFrame Addr=0x0000021abe32e000, Size=120, Default__LeapAnimBodyConnectorWithPassthrough_C Function /LeapMotion/Blueprints/LeapConnectors/LeapAnimBodyConnectorWithPassthrough.LeapAnimBodyConnectorWithPassthrough_C:ExecuteUbergraph_LeapAnimBodyConnectorWithPassthrough
[2019.10.22-12.28.11:008][  0]LogUObjectGlobals: Created PersistentFrame Addr=0x0000021abe059700, Size=240, Default__LeapAnimBodyConnectorWithPassthrough_C Function /LeapMotion/Blueprints/LeapConnectors/LeapAnimBodyConnector.LeapAnimBodyConnector_C:ExecuteUbergraph_LeapAnimBodyConnector
[2019.10.22-12.28.11:028][  0]LogUObjectGlobals: Destroyed PersistentFrame Addr=0x0000021abe32e000, Size=120
[2019.10.22-12.28.11:028][  0]LogUObjectGlobals: Destroyed PersistentFrame Addr=0x0000021abe059700, Size=240
[2019.10.22-12.28.11:028][  0]LogUObjectGlobals: Created PersistentFrame Addr=0x0000021abe32e000, Size=120, Default__LeapAnimBodyConnectorWithPassthrough_C Function /Engine/Transient.REINST_LeapAnimBodyConnectorWithPassthrough_C_48:ExecuteUbergraph_LeapAnimBodyConnectorWithPassthrough
[2019.10.22-12.28.11:028][  0]LogUObjectGlobals: Created PersistentFrame Addr=0x0000021abe059700, Size=240, Default__LeapAnimBodyConnectorWithPassthrough_C Function /LeapMotion/Blueprints/LeapConnectors/LeapAnimBodyConnector.LeapAnimBodyConnector_C:ExecuteUbergraph_LeapAnimBodyConnector
[2019.10.22-12.28.11:038][  0]LogUObjectGlobals: Created PersistentFrame Addr=0x0000021abe32e580, Size=128, Default__LeapAnimBodyConnectorWithPassthrough_C Function /LeapMotion/Blueprints/LeapConnectors/LeapAnimBodyConnectorWithPassthrough.LeapAnimBodyConnectorWithPassthrough_C:ExecuteUbergraph_LeapAnimBodyConnectorWithPassthrough
[2019.10.22-12.28.11:038][  0]LogUObjectGlobals: Created PersistentFrame Addr=0x0000021abe5ee900, Size=240, Default__LeapAnimBodyConnectorWithPassthrough_C Function /LeapMotion/Blueprints/LeapConnectors/LeapAnimBodyConnector.LeapAnimBodyConnector_C:ExecuteUbergraph_LeapAnimBodyConnector
[2019.10.22-12.28.11:044][  0]LogUObjectGlobals: Created PersistentFrame Addr=0x0000021abe613380, Size=12, Default__LeapRiggedEchoHandsActor_C Function /LeapMotion/Blueprints/Rigging/FloatingHands/LeapRiggedEchoHandsActor.LeapRiggedEchoHandsActor_C:ExecuteUbergraph_LeapRiggedEchoHandsActor
[2019.10.22-12.28.11:044][  0]LogUObjectGlobals: Created PersistentFrame Addr=0x0000021abe2ed2e8, Size=24, Default__LeapRiggedEchoHandsActor_C Function /LeapMotion/Blueprints/Rigging/FloatingHands/LeapHandsActorBase.LeapHandsActorBase_C:ExecuteUbergraph_LeapHandsActorBase
[2019.10.22-12.28.11:051][  0]LogUObjectGlobals: Destroyed PersistentFrame Addr=0x0000021abe613380, Size=12
[2019.10.22-12.28.11:051][  0]LogUObjectGlobals: Destroyed PersistentFrame Addr=0x0000021abe2ed2e8, Size=24
[2019.10.22-12.28.11:051][  0]LogUObjectGlobals: Created PersistentFrame Addr=0x0000021abe613380, Size=12, Default__LeapRiggedEchoHandsActor_C Function /Engine/Transient.REINST_LeapRiggedEchoHandsActor_C_50:ExecuteUbergraph_LeapRiggedEchoHandsActor
[2019.10.22-12.28.11:051][  0]LogUObjectGlobals: Created PersistentFrame Addr=0x0000021abe2ed2e8, Size=24, Default__LeapRiggedEchoHandsActor_C Function /LeapMotion/Blueprints/Rigging/FloatingHands/LeapHandsActorBase.LeapHandsActorBase_C:ExecuteUbergraph_LeapHandsActorBase
[2019.10.22-12.28.11:054][  0]LogUObjectGlobals: Created PersistentFrame Addr=0x0000021abe613330, Size=12, Default__LeapRiggedEchoHandsActor_C Function /LeapMotion/Blueprints/Rigging/FloatingHands/LeapRiggedEchoHandsActor.LeapRiggedEchoHandsActor_C:ExecuteUbergraph_LeapRiggedEchoHandsActor
[2019.10.22-12.28.11:054][  0]LogUObjectGlobals: Created PersistentFrame Addr=0x0000021abe2ec6b8, Size=24, Default__LeapRiggedEchoHandsActor_C Function /LeapMotion/Blueprints/Rigging/FloatingHands/LeapHandsActorBase.LeapHandsActorBase_C:ExecuteUbergraph_LeapHandsActorBase
[2019.10.22-12.28.11:069][  0]LogUObjectGlobals: Created PersistentFrame Addr=0x0000021aa1c176c0, Size=64, Default__LeapImageHandsActor_C Function /LeapMotion/Blueprints/Rigging/FloatingHands/LeapImageHandsActor.LeapImageHandsActor_C:ExecuteUbergraph_LeapImageHandsActor
[2019.10.22-12.28.11:069][  0]LogUObjectGlobals: Created PersistentFrame Addr=0x0000021abe6108c0, Size=12, Default__LeapImageHandsActor_C Function /LeapMotion/Blueprints/Rigging/FloatingHands/LeapRiggedEchoHandsActor.LeapRiggedEchoHandsActor_C:ExecuteUbergraph_LeapRiggedEchoHandsActor
[2019.10.22-12.28.11:069][  0]LogUObjectGlobals: Created PersistentFrame Addr=0x0000021ac0b840e8, Size=24, Default__LeapImageHandsActor_C Function /LeapMotion/Blueprints/Rigging/FloatingHands/LeapHandsActorBase.LeapHandsActorBase_C:ExecuteUbergraph_LeapHandsActorBase
[2019.10.22-12.28.11:078][  0]LogUObjectGlobals: Destroyed PersistentFrame Addr=0x0000021aa1c176c0, Size=64
[2019.10.22-12.28.11:078][  0]LogUObjectGlobals: Destroyed PersistentFrame Addr=0x0000021abe6108c0, Size=12
[2019.10.22-12.28.11:078][  0]LogUObjectGlobals: Destroyed PersistentFrame Addr=0x0000021ac0b840e8, Size=24
[2019.10.22-12.28.11:078][  0]LogUObjectGlobals: Created PersistentFrame Addr=0x0000021aa1c15580, Size=64, Default__LeapImageHandsActor_C Function /Engine/Transient.REINST_LeapImageHandsActor_C_52:ExecuteUbergraph_LeapImageHandsActor
[2019.10.22-12.28.11:078][  0]LogUObjectGlobals: Created PersistentFrame Addr=0x0000021a9e76f860, Size=12, Default__LeapImageHandsActor_C Function /LeapMotion/Blueprints/Rigging/FloatingHands/LeapRiggedEchoHandsActor.LeapRiggedEchoHandsActor_C:ExecuteUbergraph_LeapRiggedEchoHandsActor
[2019.10.22-12.28.11:078][  0]LogUObjectGlobals: Created PersistentFrame Addr=0x0000021ac0b840e8, Size=24, Default__LeapImageHandsActor_C Function /LeapMotion/Blueprints/Rigging/FloatingHands/LeapHandsActorBase.LeapHandsActorBase_C:ExecuteUbergraph_LeapHandsActorBase
[2019.10.22-12.28.11:082][  0]LogUObjectGlobals: Created PersistentFrame Addr=0x0000021a9e6ff540, Size=64, Default__LeapImageHandsActor_C Function /LeapMotion/Blueprints/Rigging/FloatingHands/LeapImageHandsActor.LeapImageHandsActor_C:ExecuteUbergraph_LeapImageHandsActor
[2019.10.22-12.28.11:082][  0]LogUObjectGlobals: Created PersistentFrame Addr=0x0000021a9e76e5c0, Size=12, Default__LeapImageHandsActor_C Function /LeapMotion/Blueprints/Rigging/FloatingHands/LeapRiggedEchoHandsActor.LeapRiggedEchoHandsActor_C:ExecuteUbergraph_LeapRiggedEchoHandsActor
[2019.10.22-12.28.11:082][  0]LogUObjectGlobals: Created PersistentFrame Addr=0x0000021ac0b87a78, Size=24, Default__LeapImageHandsActor_C Function /LeapMotion/Blueprints/Rigging/FloatingHands/LeapHandsActorBase.LeapHandsActorBase_C:ExecuteUbergraph_LeapHandsActorBase
[2019.10.22-12.28.11:087][  0]LogUObjectGlobals: Created PersistentFrame Addr=0x0000021a9e726e80, Size=560, Default__BP_LeapFloatingHandsCharacter_C Function /Game/FirstPersonBP/Blueprints/BP_LeapFloatingHandsCharacter.BP_LeapFloatingHandsCharacter_C:ExecuteUbergraph_BP_LeapFloatingHandsCharacter
[2019.10.22-12.28.11:096][  0]LogUObjectGlobals: Destroyed PersistentFrame Addr=0x0000021a9e726e80, Size=560
[2019.10.22-12.28.11:096][  0]LogUObjectGlobals: Created PersistentFrame Addr=0x0000021a9e726e80, Size=560, Default__BP_LeapFloatingHandsCharacter_C Function /Engine/Transient.REINST_BP_LeapFloatingHandsCharacter_C_54:ExecuteUbergraph_BP_LeapFloatingHandsCharacter
[2019.10.22-12.28.11:099][  0]LogBlueprint: Warning: [Compiler BP_LeapFloatingHandsCharacter] InputAction Event 가  ChangeImageHandTint 입력 액션  에 대해 알려지지 않은 'ChangeImageHandTint' 액션을 레퍼런싱합니다.
[2019.10.22-12.28.11:099][  0]LogBlueprint: Warning: [Compiler BP_LeapFloatingHandsCharacter] InputAction Event 가  ChangeHands 입력 액션  에 대해 알려지지 않은 'ChangeHands' 액션을 레퍼런싱합니다.
[2019.10.22-12.28.11:099][  0]LogBlueprint: Warning: [Compiler BP_LeapFloatingHandsCharacter] InputAction Event 가  ResetHMDOrientation 입력 액션  에 대해 알려지지 않은 'ResetHMDOrientation' 액션을 레퍼런싱합니다.
[2019.10.22-12.28.11:099][  0]LogBlueprint: Warning: [Compiler BP_LeapFloatingHandsCharacter] InputAction Event 가  ComfortTurnRight 입력 액션  에 대해 알려지지 않은 'ComfortTurnRight' 액션을 레퍼런싱합니다.
[2019.10.22-12.28.11:100][  0]LogBlueprint: Warning: [Compiler BP_LeapFloatingHandsCharacter] InputAction Event 가  ComfortTurnLeft 입력 액션  에 대해 알려지지 않은 'ComfortTurnLeft' 액션을 레퍼런싱합니다.
[2019.10.22-12.28.11:110][  0]LogUObjectGlobals: Created PersistentFrame Addr=0x0000021a9e621f80, Size=560, Default__BP_LeapFloatingHandsCharacter_C Function /Game/FirstPersonBP/Blueprints/BP_LeapFloatingHandsCharacter.BP_LeapFloatingHandsCharacter_C:ExecuteUbergraph_BP_LeapFloatingHandsCharacter
[2019.10.22-12.28.11:112][  0]LogBlueprint: Warning: [Compiler BP_LeapFloatingHandsCharacter] [0008.49] BP_LeapFloatingHandsCharacter 컴파일에 성공했습니다만, 경고가 5 회 있습니다. [소요시간 19 ms] (/Game/FirstPersonBP/Blueprints/BP_LeapFloatingHandsCharacter.BP_LeapFloatingHandsCharacter)
[2019.10.22-12.28.11:118][  0]LogUObjectGlobals: Created PersistentFrame Addr=0x0000021abe7f33c0, Size=408, Default__JengaBlock_C Function /Game/FirstPersonBP/Blueprints/JengaBlock.JengaBlock_C:ExecuteUbergraph_JengaBlock
[2019.10.22-12.28.11:120][  0]LogUObjectGlobals: Destroyed PersistentFrame Addr=0x0000021abe7f33c0, Size=408
[2019.10.22-12.28.11:120][  0]LogUObjectGlobals: Created PersistentFrame Addr=0x0000021abe7f33c0, Size=408, Default__JengaBlock_C Function /Engine/Transient.REINST_JengaBlock_C_58:ExecuteUbergraph_JengaBlock
[2019.10.22-12.28.11:121][  0]LogUObjectGlobals: Created PersistentFrame Addr=0x0000021abe7f25c0, Size=408, Default__JengaBlock_C Function /Game/FirstPersonBP/Blueprints/JengaBlock.JengaBlock_C:ExecuteUbergraph_JengaBlock
[2019.10.22-12.28.11:125][  0]LogUObjectGlobals: Created PersistentFrame Addr=0x0000021abe5daf80, Size=4, Default__testWB_C Function /Game/FirstPersonBP/Blueprints/testWB.testWB_C:ExecuteUbergraph_testWB
[2019.10.22-12.28.11:129][  0]LogUObjectGlobals: Destroyed PersistentFrame Addr=0x0000021abe5daf80, Size=4
[2019.10.22-12.28.11:129][  0]LogUObjectGlobals: Created PersistentFrame Addr=0x0000021abe5daf80, Size=4, Default__testWB_C Function /Engine/Transient.REINST_testWB_C_4:ExecuteUbergraph_testWB
[2019.10.22-12.28.11:132][  0]LogUObjectGlobals: Created PersistentFrame Addr=0x0000021abe5d99b8, Size=4, Default__testWB_C Function /Game/FirstPersonBP/Blueprints/testWB.testWB_C:ExecuteUbergraph_testWB
[2019.10.22-12.28.11:137][  0]LogUObjectGlobals: Created PersistentFrame Addr=0x0000021abe5d9780, Size=4, Default__test2WB_C Function /Game/FirstPersonBP/Blueprints/test2WB.test2WB_C:ExecuteUbergraph_test2WB
[2019.10.22-12.28.11:142][  0]LogUObjectGlobals: Destroyed PersistentFrame Addr=0x0000021abe5d9780, Size=4
[2019.10.22-12.28.11:142][  0]LogUObjectGlobals: Created PersistentFrame Addr=0x0000021abe5d9780, Size=4, Default__test2WB_C Function /Engine/Transient.REINST_test2WB_C_5:ExecuteUbergraph_test2WB
[2019.10.22-12.28.11:144][  0]LogUObjectGlobals: Created PersistentFrame Addr=0x0000021abe5d9390, Size=4, Default__test2WB_C Function /Game/FirstPersonBP/Blueprints/test2WB.test2WB_C:ExecuteUbergraph_test2WB
[2019.10.22-12.28.11:280][  0]LogSkeletalMesh: Skeletal Mesh found in DDC [0.627200ms] /LeapMotion/Character/Echo/echo_lo_L.echo_lo_L
[2019.10.22-12.28.11:567][  0]LogSkeletalMesh: Skeletal Mesh found in DDC [0.542100ms] /LeapMotion/Character/Echo/echo_lo_R.echo_lo_R
[2019.10.22-12.28.11:935][  0]LogAIModule: Creating AISystem for world FirstPersonExampleMap
[2019.10.22-12.28.11:939][  0]LogSlate: New Slate User Created.  User Index 8, Is Virtual User: 1
[2019.10.22-12.28.11:939][  0]LogSlate: Slate User Registered.  User Index 8, Is Virtual User: 1
[2019.10.22-12.28.11:946][  0]LogEditorServer: Finished looking for orphan Actors (0.000 secs)
[2019.10.22-12.28.11:966][  0]LogUObjectGlobals: Destroyed PersistentFrame Addr=0x0000021aba0331c0, Size=192
[2019.10.22-12.28.11:966][  0]LogUObjectGlobals: Destroyed PersistentFrame Addr=0x0000021a9df6a1e0, Size=32
[2019.10.22-12.28.11:966][  0]LogUObjectGlobals: Destroyed PersistentFrame Addr=0x0000021a9ea1a400, Size=104
[2019.10.22-12.28.11:966][  0]LogUObjectGlobals: Destroyed PersistentFrame Addr=0x0000021a9e90e428, Size=4
[2019.10.22-12.28.11:966][  0]LogUObjectGlobals: Destroyed PersistentFrame Addr=0x0000021aa13d7240, Size=288
[2019.10.22-12.28.11:966][  0]LogUObjectGlobals: Destroyed PersistentFrame Addr=0x0000021aa16ebac0, Size=200
[2019.10.22-12.28.11:966][  0]LogUObjectGlobals: Destroyed PersistentFrame Addr=0x0000021a9ed29900, Size=240
[2019.10.22-12.28.11:967][  0]LogUObjectGlobals: Destroyed PersistentFrame Addr=0x0000021aa3037370, Size=24
[2019.10.22-12.28.11:967][  0]LogUObjectGlobals: Destroyed PersistentFrame Addr=0x0000021aa21c4100, Size=416
[2019.10.22-12.28.11:967][  0]LogUObjectGlobals: Destroyed PersistentFrame Addr=0x0000021aa3036ab8, Size=24
[2019.10.22-12.28.11:967][  0]LogUObjectGlobals: Destroyed PersistentFrame Addr=0x0000021abdd7e600, Size=32
[2019.10.22-12.28.11:967][  0]LogUObjectGlobals: Destroyed PersistentFrame Addr=0x0000021abdcfe7d0, Size=24
[2019.10.22-12.28.11:967][  0]LogUObjectGlobals: Destroyed PersistentFrame Addr=0x0000021abd95b900, Size=1640
[2019.10.22-12.28.11:967][  0]LogUObjectGlobals: Destroyed PersistentFrame Addr=0x0000021ac0e0e010, Size=4
[2019.10.22-12.28.11:967][  0]LogUObjectGlobals: Destroyed PersistentFrame Addr=0x0000021abe32e000, Size=120
[2019.10.22-12.28.11:967][  0]LogUObjectGlobals: Destroyed PersistentFrame Addr=0x0000021abe059700, Size=240
[2019.10.22-12.28.11:968][  0]LogUObjectGlobals: Destroyed PersistentFrame Addr=0x0000021abe613380, Size=12
[2019.10.22-12.28.11:968][  0]LogUObjectGlobals: Destroyed PersistentFrame Addr=0x0000021abe2ed2e8, Size=24
[2019.10.22-12.28.11:968][  0]LogUObjectGlobals: Destroyed PersistentFrame Addr=0x0000021aa1c15580, Size=64
[2019.10.22-12.28.11:968][  0]LogUObjectGlobals: Destroyed PersistentFrame Addr=0x0000021a9e76f860, Size=12
[2019.10.22-12.28.11:968][  0]LogUObjectGlobals: Destroyed PersistentFrame Addr=0x0000021ac0b840e8, Size=24
[2019.10.22-12.28.11:968][  0]LogUObjectGlobals: Destroyed PersistentFrame Addr=0x0000021a9e726e80, Size=560
[2019.10.22-12.28.11:968][  0]LogUObjectGlobals: Destroyed PersistentFrame Addr=0x0000021abe7f33c0, Size=408
[2019.10.22-12.28.11:968][  0]LogUObjectGlobals: Destroyed PersistentFrame Addr=0x0000021abe5daf80, Size=4
[2019.10.22-12.28.11:968][  0]LogUObjectGlobals: Destroyed PersistentFrame Addr=0x0000021abe5d9780, Size=4
[2019.10.22-12.28.11:976][  0]Cmd: MAP CHECKDEP NOCLEARLOG
[2019.10.22-12.28.12:009][  0]MapCheck: 맵 체크 완료: 오류 0 회, 경고 0 회, 소요 시간 32.982ms.
[2019.10.22-12.28.12:009][  0]LogFileHelpers: Loading map 'FirstPersonExampleMap' took 2.310
[2019.10.22-12.28.12:126][  0]LogCollectionManager: Loaded 0 collections in 0.001154 seconds
[2019.10.22-12.28.12:165][  0]LogFileCache: Scanning file cache for directory 'D:/Lecture/Unreal/Study/Leap_Zenga/Saved/Collections/' took 0.01s
[2019.10.22-12.28.12:165][  0]LogFileCache: Scanning file cache for directory 'D:/Lecture/Unreal/Study/Leap_Zenga/Content/Developers/st/Collections/' took 0.01s
[2019.10.22-12.28.12:165][  0]LogFileCache: Scanning file cache for directory 'D:/Lecture/Unreal/Study/Leap_Zenga/Content/Collections/' took 0.01s
[2019.10.22-12.28.12:165][  0]LogCollectionManager: Rebuilt the GUID cache for 0 collections in 0.000000 seconds
[2019.10.22-12.28.12:172][  0]LogContentBrowser: Native class hierarchy populated in 0.0068 seconds. Added 2479 classes and 562 folders.
[2019.10.22-12.28.12:178][  0]LogContentBrowser: Native class hierarchy updated for 'WidgetCarousel' in 0.0002 seconds. Added 0 classes and 0 folders.
[2019.10.22-12.28.12:204][  0]LogContentBrowser: Native class hierarchy updated for 'AddContentDialog' in 0.0001 seconds. Added 0 classes and 0 folders.
[2019.10.22-12.28.12:209][  0]LogContentBrowser: Native class hierarchy updated for 'SceneOutliner' in 0.0002 seconds. Added 1 classes and 2 folders.
[2019.10.22-12.28.12:275][  0]LogSlate: Took 0.000124 seconds to synchronously load lazily loaded font '../../../Engine/Content/Slate/Fonts/Roboto-Regular.ttf' (155K)
[2019.10.22-12.28.12:278][  0]LogSlate: Took 0.001995 seconds to synchronously load lazily loaded font '../../../Engine/Content/Editor/Slate/Fonts/NanumGothic.ttf' (4243K)
[2019.10.22-12.28.12:280][  0]LogSlate: Took 0.001505 seconds to synchronously load lazily loaded font '../../../Engine/Content/Editor/Slate/Fonts/NanumGothicBold.ttf' (4188K)
[2019.10.22-12.28.12:280][  0]LogSlate: Took 0.000106 seconds to synchronously load lazily loaded font '../../../Engine/Content/Slate/Fonts/Roboto-Bold.ttf' (160K)
[2019.10.22-12.28.12:284][  0]LogSlate: Took 0.000098 seconds to synchronously load lazily loaded font '../../../Engine/Content/Editor/Slate/Fonts/FontAwesome.ttf' (139K)
[2019.10.22-12.28.12:354][  0]LogRenderer: Reallocating scene render targets to support 1156x600 Format 10 NumSamples 1 (Frame:1).
[2019.10.22-12.28.12:511][  0]LogContentBrowser: Native class hierarchy updated for 'HierarchicalLODOutliner' in 0.0003 seconds. Added 0 classes and 0 folders.
[2019.10.22-12.28.12:511][  0]LogLoad: (Engine Initialization) Total time: 9.89 seconds
[2019.10.22-12.28.12:511][  0]LogLoad: (Engine Initialization) Total Blueprint compile time: 0.00 seconds
[2019.10.22-12.28.12:541][  0]LogContentStreaming: Texture pool size now 1000 MB
[2019.10.22-12.28.12:691][  0]LogSlate: Took 0.000113 seconds to synchronously load lazily loaded font '../../../Engine/Content/Slate/Fonts/Roboto-Light.ttf' (167K)
[2019.10.22-12.28.12:702][  1]LogSlate: Took 0.001609 seconds to synchronously load lazily loaded font '../../../Engine/Content/Slate/Fonts/../../Editor/Slate/Fonts/NanumGothic.ttf' (4243K)
[2019.10.22-12.28.18:081][635]LogAssetRegistry: Asset discovery search completed in 11.7884 seconds
[2019.10.22-12.28.18:083][635]LogCollectionManager: Rebuilt the object cache for 0 collections in 0.000001 seconds (found 0 objects)
[2019.10.22-12.28.18:083][635]LogCollectionManager: Fixed up redirectors for 0 collections in 0.000072 seconds (updated 0 objects)
[2019.10.22-13.46.01:512][146]LogD3D11RHI: Timed out while waiting for GPU to catch up. (0.5 s)
[2019.10.22-13.46.02:014][147]LogD3D11RHI: Timed out while waiting for GPU to catch up. (0.5 s)
[2019.10.22-13.46.02:514][147]LogD3D11RHI: Timed out while waiting for GPU to catch up. (0.5 s)
[2019.10.22-13.46.03:013][147]LogD3D11RHI: Timed out while waiting for GPU to catch up. (0.5 s)
[2019.10.22-13.46.03:514][147]LogD3D11RHI: Timed out while waiting for GPU to catch up. (0.5 s)
[2019.10.22-13.46.04:015][147]LogD3D11RHI: Timed out while waiting for GPU to catch up. (0.5 s)
[2019.10.22-13.46.04:514][147]LogD3D11RHI: Timed out while waiting for GPU to catch up. (0.5 s)
[2019.10.22-15.46.08:906][524]LogD3D11RHI: Timed out while waiting for GPU to catch up. (0.5 s)
[2019.10.22-15.46.09:406][525]LogD3D11RHI: Timed out while waiting for GPU to catch up. (0.5 s)
[2019.10.22-15.46.09:908][525]LogD3D11RHI: Timed out while waiting for GPU to catch up. (0.5 s)
[2019.10.22-15.46.10:407][525]LogD3D11RHI: Timed out while waiting for GPU to catch up. (0.5 s)
[2019.10.22-15.46.10:908][525]LogD3D11RHI: Timed out while waiting for GPU to catch up. (0.5 s)
[2019.10.22-15.46.11:407][525]LogD3D11RHI: Timed out while waiting for GPU to catch up. (0.5 s)
[2019.10.22-15.46.11:907][525]LogD3D11RHI: Timed out while waiting for GPU to catch up. (0.5 s)
[2019.10.22-15.46.12:097][525]LogRHI: Error: [Aftermath] Status: Timeout
[2019.10.22-15.46.12:097][525]LogRHI: Error: [Aftermath] GPU Stack Dump
[2019.10.22-15.46.12:113][525]LogRHI: Error: [Aftermath] 0: FRAME
[2019.10.22-15.46.12:113][525]LogRHI: Error: [Aftermath] 1: Scene
[2019.10.22-15.46.12:113][525]LogRHI: Error: [Aftermath] 2: BasePass
[2019.10.22-15.46.12:113][525]LogRHI: Error: [Aftermath] 3: Dynamic
[2019.10.22-15.46.12:113][525]LogRHI: Error: [Aftermath] GPU Stack Dump
[2019.10.22-15.46.12:183][525]LogWindows: Windows GetLastError: 작업을 완료했습니다. (0)
[2019.10.22-15.46.17:536][525]LogWindows: Windows GetLastError: 작업을 완료했습니다. (0)
[2019.10.22-15.46.17:539][525]LogWindows: Error: === Critical error: ===
[2019.10.22-15.46.17:539][525]LogWindows: Error: 
[2019.10.22-15.46.17:539][525]LogWindows: Error: Fatal error: [File:D:\Build\++UE4+Release-4.19+Compile\Sync\Engine\Source\Runtime\RenderCore\Private\RenderingThread.cpp] [Line: 819] 
[2019.10.22-15.46.17:539][525]LogWindows: Error: Rendering thread exception:
[2019.10.22-15.46.17:539][525]LogWindows: Error: Fatal error: [File:D:\Build\++UE4+Release-4.19+Compile\Sync\Engine\Source\Runtime\Windows\D3D11RHI\Private\D3D11Query.cpp] [Line: 111] 
[2019.10.22-15.46.17:539][525]LogWindows: Error: GPU has crashed
[2019.10.22-15.46.17:539][525]LogWindows: Error: 
[2019.10.22-15.46.17:539][525]LogWindows: Error: 
[2019.10.22-15.46.17:539][525]LogWindows: Error: [Callstack] 0x0000000045E59129 KERNELBASE.dll!UnknownFunction []
[2019.10.22-15.46.17:539][525]LogWindows: Error: [Callstack] 0x00000000E26A7884 UE4Editor-ApplicationCore.dll!FWindowsErrorOutputDevice::Serialize() [d:\build\++ue4+release-4.19+compile\sync\engine\source\runtime\applicationcore\private\windows\windowserroroutputdevice.cpp:65]
[2019.10.22-15.46.17:539][525]LogWindows: Error: [Callstack] 0x00000000E3266D9B UE4Editor-Core.dll!FOutputDevice::LogfImpl() [d:\build\++ue4+release-4.19+compile\sync\engine\source\runtime\core\private\misc\outputdevice.cpp:70]
[2019.10.22-15.46.17:539][525]LogWindows: Error: [Callstack] 0x00000000E31A1949 UE4Editor-Core.dll!FDebug::AssertFailed() [d:\build\++ue4+release-4.19+compile\sync\engine\source\runtime\core\private\misc\assertionmacros.cpp:419]
[2019.10.22-15.46.17:539][525]LogWindows: Error: [Callstack] 0x00000000D48D57F0 UE4Editor-D3D11RHI.dll!FD3D11DynamicRHI::GetQueryData() [d:\build\++ue4+release-4.19+compile\sync\engine\source\runtime\windows\d3d11rhi\private\d3d11query.cpp:111]
[2019.10.22-15.46.17:539][525]LogWindows: Error: [Callstack] 0x00000000D48EBAB5 UE4Editor-D3D11RHI.dll!FD3D11DynamicRHI::RHIGetRenderQueryResult() [d:\build\++ue4+release-4.19+compile\sync\engine\source\runtime\windows\d3d11rhi\private\d3d11query.cpp:50]
[2019.10.22-15.46.17:539][525]LogWindows: Error: [Callstack] 0x00000000ABE14463 UE4Editor-Renderer.dll!FSceneViewState::IsShadowOccluded() [d:\build\++ue4+release-4.19+compile\sync\engine\source\runtime\renderer\private\sceneocclusion.cpp:227]
[2019.10.22-15.46.17:539][525]LogWindows: Error: [Callstack] 0x00000000ABE76B64 UE4Editor-Renderer.dll!FSceneRenderer::CreatePerObjectProjectedShadow() [d:\build\++ue4+release-4.19+compile\sync\engine\source\runtime\renderer\private\shadowsetup.cpp:1510]
[2019.10.22-15.46.17:539][525]LogWindows: Error: [Callstack] 0x00000000ABEB0C33 UE4Editor-Renderer.dll!FSceneRenderer::SetupInteractionShadows() [d:\build\++ue4+release-4.19+compile\sync\engine\source\runtime\renderer\private\shadowsetup.cpp:1461]
[2019.10.22-15.46.17:539][525]LogWindows: Error: [Callstack] 0x00000000ABE90758 UE4Editor-Renderer.dll!FSceneRenderer::InitDynamicShadows() [d:\build\++ue4+release-4.19+compile\sync\engine\source\runtime\renderer\private\shadowsetup.cpp:3796]
[2019.10.22-15.46.17:539][525]LogWindows: Error: [Callstack] 0x00000000ABE135FB UE4Editor-Renderer.dll!FDeferredShadingSceneRenderer::InitViewsPossiblyAfterPrepass() [d:\build\++ue4+release-4.19+compile\sync\engine\source\runtime\renderer\private\scenevisibility.cpp:3256]
[2019.10.22-15.46.17:539][525]LogWindows: Error: [Callstack] 0x00000000ABE1294F UE4Editor-Renderer.dll!FDeferredShadingSceneRenderer::InitViews() [d:\build\++ue4+release-4.19+compile\sync\engine\source\runtime\renderer\private\scenevisibility.cpp:3105]
[2019.10.22-15.46.17:539][525]LogWindows: Error: [Callstack] 0x00000000AB86726A UE4Editor-Renderer.dll!FDeferredShadingSceneRenderer::Render() [d:\build\++ue4+release-4.19+compile\sync\engine\source\runtime\renderer\private\deferredshadingrenderer.cpp:593]
[2019.10.22-15.46.17:539][525]LogWindows: Error: [Callstack] 0x00000000ABE25F31 UE4Editor-Renderer.dll!RenderViewFamily_RenderThread() [d:\build\++ue4+release-4.19+compile\sync\engine\source\runtime\renderer\private\scenerendering.cpp:2749]
[2019.10.22-15.46.17:539][525]LogWindows: Error: [Callstack] 0x00000000ABE09E04 UE4Editor-Renderer.dll!TGraphTask<`FRendererModule::BeginRenderingViewFamily'::`33'::EURCMacro_FDrawSceneCommand>::ExecuteTask() [d:\build\++ue4+release-4.19+compile\sync\engine\source\runtime\core\public\async\taskgraphinterfaces.h:829]
[2019.10.22-15.46.17:539][525]LogWindows: Error: [Callstack] 0x00000000E307B713 UE4Editor-Core.dll!FNamedTaskThread::ProcessTasksNamedThread() [d:\build\++ue4+release-4.19+compile\sync\engine\source\runtime\core\private\async\taskgraph.cpp:665]
[2019.10.22-15.46.17:539][525]LogWindows: Error: [Callstack] 0x00000000E307BD3A UE4Editor-Core.dll!FNamedTaskThread::ProcessTasksUntilQuit() [d:\build\++ue4+release-4.19+compile\sync\engine\source\runtime\core\private\async\taskgraph.cpp:574]
[2019.10.22-15.46.17:539][525]LogWindows: Error: [Callstack] 0x00000000E2933CC9 UE4Editor-RenderCore.dll!RenderingThreadMain() [d:\build\++ue4+release-4.19+compile\sync\engine\source\runtime\rendercore\private\renderingthread.cpp:331]
[2019.10.22-15.46.17:539][525]LogWindows: Error: [Callstack] 0x00000000E2934CF6 UE4Editor-RenderCore.dll!FRenderingThread::Run() [d:\build\++ue4+release-4.19+compile\sync\engine\source\runtime\rendercore\private\renderingthread.cpp:465]
[2019.10.22-15.46.17:539][525]LogWindows: Error: [Callstack] 0x00000000E3449FFC UE4Editor-Core.dll!FRunnableThreadWin::Run() [d:\build\++ue4+release-4.19+compile\sync\engine\source\runtime\core\private\windows\windowsrunnablethread.cpp:76]
[2019.10.22-15.46.17:539][525]LogWindows: Error: [Callstack] 0x00000000E343ED63 UE4Editor-Core.dll!FRunnableThreadWin::GuardedRun() [d:\build\++ue4+release
[2019.10.22-15.46.17:539][525]LogWindows: Error: 
[2019.10.22-15.46.17:539][525]LogWindows: Error: 
[2019.10.22-15.46.17:554][525]LogExit: Executing StaticShutdownAfterError
[2019.10.22-15.46.17:565][525]LogWindows: FPlatformMisc::RequestExit(1)
[2019.10.22-15.46.17:619][525]Log file closed, 10/23/19 00:46:17
